TN:
SF:app.js
FN:24,(anonymous_0)
FN:40,(anonymous_1)
FN:59,(anonymous_2)
FNF:3
FNH:3
FNDA:27,(anonymous_0)
FNDA:1,(anonymous_1)
FNDA:1,(anonymous_2)
DA:2,1
DA:3,1
DA:4,1
DA:5,1
DA:8,1
DA:9,1
DA:10,1
DA:11,1
DA:12,1
DA:13,1
DA:14,1
DA:15,1
DA:16,1
DA:17,1
DA:18,1
DA:21,1
DA:24,1
DA:25,27
DA:26,27
DA:30,27
DA:31,27
DA:32,27
DA:36,1
DA:37,1
DA:40,1
DA:41,1
DA:42,1
DA:46,1
DA:47,1
DA:48,1
DA:49,1
DA:50,1
DA:51,1
DA:52,1
DA:53,1
DA:54,1
DA:55,1
DA:56,1
DA:59,1
DA:60,1
DA:65,1
LF:41
LH:41
BRDA:41,0,0,0
BRDA:41,0,1,1
BRF:2
BRH:1
end_of_record
TN:
SF:config/config.js
FNF:0
FNH:0
DA:1,1
LF:1
LH:1
BRF:0
BRH:0
end_of_record
TN:
SF:config/swaggerConfig.js
FNF:0
FNH:0
DA:1,1
DA:3,1
DA:27,1
DA:29,1
LF:4
LH:4
BRF:0
BRH:0
end_of_record
TN:
SF:controller/usuario.js
FN:17,(anonymous_0)
FN:27,(anonymous_1)
FN:36,(anonymous_2)
FN:46,(anonymous_3)
FN:51,(anonymous_4)
FN:87,(anonymous_5)
FNF:6
FNH:6
FNDA:1,(anonymous_0)
FNDA:1,(anonymous_1)
FNDA:1,(anonymous_2)
FNDA:1,(anonymous_3)
FNDA:1,(anonymous_4)
FNDA:1,(anonymous_5)
DA:1,1
DA:2,1
DA:6,1
DA:9,1
DA:12,1
DA:15,1
DA:17,1
DA:19,1
DA:21,1
DA:28,1
DA:29,0
DA:36,1
DA:37,1
DA:46,1
DA:49,1
DA:50,1
DA:53,1
DA:55,0
DA:70,1
DA:87,1
DA:89,1
DA:90,1
DA:97,0
DA:108,1
LF:24
LH:21
BRDA:19,0,0,1
BRDA:19,0,1,1
BRDA:28,1,0,0
BRDA:28,1,1,1
BRDA:53,2,0,0
BRDA:53,2,1,1
BRDA:89,3,0,1
BRDA:89,3,1,0
BRF:8
BRH:5
end_of_record
TN:
SF:middlewares/autenticacion.js
FN:8,(anonymous_0)
FN:10,(anonymous_1)
FNF:2
FNH:2
FNDA:16,(anonymous_0)
FNDA:16,(anonymous_1)
DA:1,1
DA:2,1
DA:8,1
DA:9,16
DA:10,16
DA:11,16
DA:12,16
DA:18,0
DA:19,0
LF:9
LH:7
BRDA:11,0,0,16
BRDA:11,0,1,0
BRF:2
BRH:1
end_of_record
TN:
SF:models/cliente.js
FNF:0
FNH:0
DA:2,1
DA:3,1
DA:6,1
DA:8,1
DA:51,1
DA:81,1
DA:84,1
LF:7
LH:7
BRF:0
BRH:0
end_of_record
TN:
SF:models/pedido.js
FNF:0
FNH:0
DA:1,1
DA:2,1
DA:4,1
DA:32,1
DA:37,1
DA:64,1
DA:65,1
LF:7
LH:7
BRF:0
BRH:0
end_of_record
TN:
SF:models/producto.js
FNF:0
FNH:0
DA:2,1
DA:3,1
DA:6,1
DA:38,1
DA:44,1
DA:70,1
DA:73,1
LF:7
LH:7
BRF:0
BRH:0
end_of_record
TN:
SF:models/proveedor.js
FNF:0
FNH:0
DA:2,1
DA:3,1
DA:6,1
DA:42,1
DA:48,1
DA:69,1
DA:72,1
LF:7
LH:7
BRF:0
BRH:0
end_of_record
TN:
SF:models/usuario.js
FNF:0
FNH:0
DA:2,1
DA:3,1
DA:6,1
DA:52,1
DA:59,1
DA:91,1
DA:94,1
LF:7
LH:7
BRF:0
BRH:0
end_of_record
TN:
SF:routes/busqueda.js
FN:58,(anonymous_0)
FN:89,(anonymous_1)
FN:139,(anonymous_2)
FN:152,(anonymous_3)
FN:165,buscarUsuarios
FN:166,(anonymous_5)
FN:169,(anonymous_6)
FN:179,buscarProductos
FN:180,(anonymous_8)
FN:183,(anonymous_9)
FN:193,buscarProveedor
FN:194,(anonymous_11)
FN:199,(anonymous_12)
FN:209,buscarCliente
FN:210,(anonymous_14)
FN:215,(anonymous_15)
FN:225,buscarPedido
FN:226,(anonymous_17)
FN:232,(anonymous_18)
FNF:19
FNH:19
FNDA:1,(anonymous_0)
FNDA:1,(anonymous_1)
FNDA:1,(anonymous_2)
FNDA:1,(anonymous_3)
FNDA:2,buscarUsuarios
FNDA:2,(anonymous_5)
FNDA:2,(anonymous_6)
FNDA:1,buscarProductos
FNDA:1,(anonymous_8)
FNDA:1,(anonymous_9)
FNDA:1,buscarProveedor
FNDA:1,(anonymous_11)
FNDA:1,(anonymous_12)
FNDA:1,buscarCliente
FNDA:1,(anonymous_14)
FNDA:1,(anonymous_15)
FNDA:1,buscarPedido
FNDA:1,(anonymous_17)
FNDA:1,(anonymous_18)
DA:9,1
DA:10,1
DA:11,1
DA:12,1
DA:13,1
DA:14,1
DA:15,1
DA:58,1
DA:59,1
DA:60,1
DA:61,1
DA:65,1
DA:67,1
DA:68,1
DA:70,0
DA:71,0
DA:73,0
DA:74,0
DA:76,0
DA:77,0
DA:79,0
DA:80,0
DA:83,0
DA:89,1
DA:90,1
DA:139,1
DA:140,1
DA:141,1
DA:146,1
DA:153,1
DA:166,2
DA:167,2
DA:170,2
DA:171,0
DA:173,2
DA:180,1
DA:181,1
DA:184,1
DA:185,0
DA:187,1
DA:194,1
DA:195,1
DA:200,1
DA:201,0
DA:203,1
DA:210,1
DA:211,1
DA:216,1
DA:217,0
DA:219,1
DA:226,1
DA:227,1
DA:233,1
DA:234,0
DA:236,1
DA:242,1
LF:56
LH:42
BRDA:65,0,0,1
BRDA:65,0,1,0
BRDA:65,0,2,0
BRDA:65,0,3,0
BRDA:65,0,4,0
BRDA:65,0,5,0
BRDA:170,1,0,0
BRDA:170,1,1,2
BRDA:184,2,0,0
BRDA:184,2,1,1
BRDA:200,3,0,0
BRDA:200,3,1,1
BRDA:216,4,0,0
BRDA:216,4,1,1
BRDA:233,5,0,0
BRDA:233,5,1,1
BRF:16
BRH:6
end_of_record
TN:
SF:routes/cliente.js
FN:58,(anonymous_0)
FN:67,(anonymous_1)
FN:76,(anonymous_2)
FN:120,(anonymous_3)
FN:140,(anonymous_4)
FN:201,(anonymous_5)
FN:205,(anonymous_6)
FN:232,(anonymous_7)
FN:288,(anonymous_8)
FN:290,(anonymous_9)
FNF:10
FNH:3
FNDA:2,(anonymous_0)
FNDA:2,(anonymous_1)
FNDA:2,(anonymous_2)
FNDA:0,(anonymous_3)
FNDA:0,(anonymous_4)
FNDA:0,(anonymous_5)
FNDA:0,(anonymous_6)
FNDA:0,(anonymous_7)
FNDA:0,(anonymous_8)
FNDA:0,(anonymous_9)
DA:9,1
DA:10,1
DA:13,1
DA:16,1
DA:19,1
DA:58,1
DA:60,2
DA:62,2
DA:68,2
DA:69,0
DA:76,2
DA:77,2
DA:120,1
DA:124,0
DA:126,0
DA:140,0
DA:142,0
DA:143,0
DA:150,0
DA:201,1
DA:202,0
DA:203,0
DA:205,0
DA:206,0
DA:207,0
DA:214,0
DA:215,0
DA:222,0
DA:223,0
DA:224,0
DA:225,0
DA:226,0
DA:227,0
DA:228,0
DA:229,0
DA:230,0
DA:232,0
DA:233,0
DA:234,0
DA:240,0
DA:242,0
DA:288,1
DA:289,0
DA:290,0
DA:291,0
DA:292,0
DA:299,0
DA:300,0
DA:307,0
DA:315,1
LF:50
LH:15
BRDA:60,0,0,2
BRDA:60,0,1,2
BRDA:68,1,0,0
BRDA:68,1,1,2
BRDA:142,2,0,0
BRDA:142,2,1,0
BRDA:206,3,0,0
BRDA:206,3,1,0
BRDA:214,4,0,0
BRDA:214,4,1,0
BRDA:233,5,0,0
BRDA:233,5,1,0
BRDA:291,6,0,0
BRDA:291,6,1,0
BRDA:299,7,0,0
BRDA:299,7,1,0
BRF:16
BRH:3
end_of_record
TN:
SF:routes/imagenes.js
FN:40,(anonymous_0)
FNF:1
FNH:0
FNDA:0,(anonymous_0)
DA:2,1
DA:3,1
DA:4,1
DA:5,1
DA:40,1
DA:41,0
DA:42,0
DA:44,0
DA:46,0
DA:47,0
DA:49,0
DA:50,0
DA:54,1
LF:13
LH:6
BRDA:46,0,0,0
BRDA:46,0,1,0
BRF:2
BRH:0
end_of_record
TN:
SF:routes/login.js
FN:66,(anonymous_0)
FN:69,(anonymous_1)
FNF:2
FNH:2
FNDA:1,(anonymous_0)
FNDA:1,(anonymous_1)
DA:9,1
DA:10,1
DA:12,1
DA:14,1
DA:15,1
DA:17,1
DA:66,1
DA:67,1
DA:69,1
DA:70,1
DA:71,0
DA:77,1
DA:78,0
DA:85,1
DA:86,1
DA:92,0
DA:93,0
DA:99,0
DA:100,0
DA:102,0
DA:111,1
LF:21
LH:14
BRDA:70,0,0,0
BRDA:70,0,1,1
BRDA:77,1,0,0
BRDA:77,1,1,1
BRDA:85,2,0,1
BRDA:85,2,1,0
BRDA:92,3,0,0
BRDA:92,3,1,0
BRF:8
BRH:3
end_of_record
TN:
SF:routes/pedido.js
FN:60,(anonymous_0)
FN:70,(anonymous_1)
FN:78,(anonymous_2)
FN:129,(anonymous_3)
FN:136,(anonymous_4)
FN:208,(anonymous_5)
FN:220,(anonymous_6)
FN:275,(anonymous_7)
FN:279,(anonymous_8)
FN:327,(anonymous_9)
FN:380,(anonymous_10)
FN:384,(anonymous_11)
FN:404,(anonymous_12)
FN:420,(anonymous_13)
FN:437,(anonymous_14)
FN:488,(anonymous_15)
FN:543,(anonymous_16)
FN:593,(anonymous_17)
FN:596,(anonymous_18)
FN:611,(anonymous_19)
FN:631,(anonymous_20)
FNF:21
FNH:0
FNDA:0,(anonymous_0)
FNDA:0,(anonymous_1)
FNDA:0,(anonymous_2)
FNDA:0,(anonymous_3)
FNDA:0,(anonymous_4)
FNDA:0,(anonymous_5)
FNDA:0,(anonymous_6)
FNDA:0,(anonymous_7)
FNDA:0,(anonymous_8)
FNDA:0,(anonymous_9)
FNDA:0,(anonymous_10)
FNDA:0,(anonymous_11)
FNDA:0,(anonymous_12)
FNDA:0,(anonymous_13)
FNDA:0,(anonymous_14)
FNDA:0,(anonymous_15)
FNDA:0,(anonymous_16)
FNDA:0,(anonymous_17)
FNDA:0,(anonymous_18)
FNDA:0,(anonymous_19)
FNDA:0,(anonymous_20)
DA:8,1
DA:9,1
DA:10,1
DA:11,1
DA:12,1
DA:13,1
DA:14,1
DA:15,1
DA:60,1
DA:61,0
DA:62,0
DA:64,0
DA:71,0
DA:72,0
DA:78,0
DA:79,0
DA:129,1
DA:130,0
DA:131,0
DA:132,0
DA:133,0
DA:134,0
DA:135,0
DA:136,0
DA:137,0
DA:138,0
DA:144,0
DA:145,0
DA:151,0
DA:208,1
DA:209,0
DA:210,0
DA:211,0
DA:212,0
DA:213,0
DA:214,0
DA:216,0
DA:221,0
DA:222,0
DA:228,0
DA:229,0
DA:230,0
DA:231,0
DA:234,0
DA:275,1
DA:276,0
DA:277,0
DA:279,0
DA:280,0
DA:281,0
DA:287,0
DA:288,0
DA:295,0
DA:296,0
DA:303,0
DA:304,0
DA:306,0
DA:316,0
DA:317,0
DA:318,0
DA:320,0
DA:327,0
DA:328,0
DA:329,0
DA:335,0
DA:380,1
DA:381,0
DA:382,0
DA:383,0
DA:384,0
DA:385,0
DA:386,0
DA:392,0
DA:393,0
DA:399,0
DA:400,0
DA:401,0
DA:404,0
DA:405,0
DA:412,0
DA:413,0
DA:420,0
DA:421,0
DA:422,0
DA:428,0
DA:429,0
DA:435,0
DA:437,0
DA:438,0
DA:439,0
DA:445,0
DA:446,0
DA:453,0
DA:454,0
DA:455,0
DA:456,0
DA:457,0
DA:459,0
DA:460,0
DA:461,0
DA:462,0
DA:463,0
DA:465,0
DA:466,0
DA:467,0
DA:468,0
DA:469,0
DA:471,0
DA:478,0
DA:479,0
DA:480,0
DA:481,0
DA:482,0
DA:483,0
DA:484,0
DA:488,0
DA:489,0
DA:490,0
DA:496,0
DA:503,0
DA:504,0
DA:505,0
DA:506,0
DA:507,0
DA:508,0
DA:509,0
DA:510,0
DA:511,0
DA:513,0
DA:514,0
DA:515,0
DA:516,0
DA:517,0
DA:519,0
DA:526,0
DA:533,0
DA:534,0
DA:535,0
DA:536,0
DA:537,0
DA:538,0
DA:539,0
DA:543,0
DA:544,0
DA:545,0
DA:551,0
DA:593,1
DA:594,0
DA:596,0
DA:597,0
DA:598,0
DA:604,0
DA:605,0
DA:611,0
DA:612,0
DA:613,0
DA:619,0
DA:620,0
DA:626,0
DA:627,0
DA:631,0
DA:632,0
DA:633,0
DA:639,0
DA:640,0
DA:646,0
DA:653,1
LF:167
LH:15
BRDA:61,0,0,0
BRDA:61,0,1,0
BRDA:71,1,0,0
BRDA:71,1,1,0
BRDA:130,2,0,0
BRDA:130,2,1,0
BRDA:137,3,0,0
BRDA:137,3,1,0
BRDA:144,4,0,0
BRDA:144,4,1,0
BRDA:209,5,0,0
BRDA:209,5,1,0
BRDA:221,6,0,0
BRDA:221,6,1,0
BRDA:229,7,0,0
BRDA:229,7,1,0
BRDA:280,8,0,0
BRDA:280,8,1,0
BRDA:287,9,0,0
BRDA:287,9,1,0
BRDA:295,10,0,0
BRDA:295,10,1,0
BRDA:316,11,0,0
BRDA:316,11,1,0
BRDA:328,12,0,0
BRDA:328,12,1,0
BRDA:385,13,0,0
BRDA:385,13,1,0
BRDA:392,14,0,0
BRDA:392,14,1,0
BRDA:399,15,0,0
BRDA:399,15,1,0
BRDA:399,16,0,0
BRDA:399,16,1,0
BRDA:412,17,0,0
BRDA:412,17,1,0
BRDA:421,18,0,0
BRDA:421,18,1,0
BRDA:428,19,0,0
BRDA:428,19,1,0
BRDA:435,20,0,0
BRDA:435,20,1,0
BRDA:438,21,0,0
BRDA:438,21,1,0
BRDA:445,22,0,0
BRDA:445,22,1,0
BRDA:453,23,0,0
BRDA:453,23,1,0
BRDA:453,24,0,0
BRDA:453,24,1,0
BRDA:453,24,2,0
BRDA:459,25,0,0
BRDA:459,25,1,0
BRDA:459,26,0,0
BRDA:459,26,1,0
BRDA:459,26,2,0
BRDA:465,27,0,0
BRDA:465,27,1,0
BRDA:465,28,0,0
BRDA:465,28,1,0
BRDA:465,28,2,0
BRDA:467,29,0,0
BRDA:467,29,1,0
BRDA:489,30,0,0
BRDA:489,30,1,0
BRDA:503,31,0,0
BRDA:503,31,1,0
BRDA:503,32,0,0
BRDA:503,32,1,0
BRDA:503,32,2,0
BRDA:504,33,0,0
BRDA:504,33,1,0
BRDA:508,34,0,0
BRDA:508,34,1,0
BRDA:508,35,0,0
BRDA:508,35,1,0
BRDA:508,35,2,0
BRDA:513,36,0,0
BRDA:513,36,1,0
BRDA:513,37,0,0
BRDA:513,37,1,0
BRDA:513,37,2,0
BRDA:515,38,0,0
BRDA:515,38,1,0
BRDA:544,39,0,0
BRDA:544,39,1,0
BRDA:597,40,0,0
BRDA:597,40,1,0
BRDA:604,41,0,0
BRDA:604,41,1,0
BRDA:612,42,0,0
BRDA:612,42,1,0
BRDA:619,43,0,0
BRDA:619,43,1,0
BRDA:632,44,0,0
BRDA:632,44,1,0
BRDA:639,45,0,0
BRDA:639,45,1,0
BRF:98
BRH:0
end_of_record
TN:
SF:routes/producto.js
FN:53,(anonymous_0)
FN:62,(anonymous_1)
FN:70,(anonymous_2)
FN:127,(anonymous_3)
FN:137,(anonymous_4)
FN:145,(anonymous_5)
FN:190,(anonymous_6)
FN:203,(anonymous_7)
FN:256,(anonymous_8)
FN:259,(anonymous_9)
FN:284,(anonymous_10)
FN:332,(anonymous_11)
FN:334,(anonymous_12)
FNF:13
FNH:3
FNDA:1,(anonymous_0)
FNDA:1,(anonymous_1)
FNDA:1,(anonymous_2)
FNDA:0,(anonymous_3)
FNDA:0,(anonymous_4)
FNDA:0,(anonymous_5)
FNDA:0,(anonymous_6)
FNDA:0,(anonymous_7)
FNDA:0,(anonymous_8)
FNDA:0,(anonymous_9)
FNDA:0,(anonymous_10)
FNDA:0,(anonymous_11)
FNDA:0,(anonymous_12)
DA:9,1
DA:10,1
DA:11,1
DA:12,1
DA:53,1
DA:54,1
DA:55,1
DA:57,1
DA:63,1
DA:64,0
DA:70,1
DA:71,1
DA:127,1
DA:128,0
DA:129,0
DA:130,0
DA:132,0
DA:138,0
DA:139,0
DA:145,0
DA:146,0
DA:190,1
DA:191,0
DA:193,0
DA:203,0
DA:204,0
DA:205,0
DA:211,0
DA:256,1
DA:257,0
DA:258,0
DA:259,0
DA:260,0
DA:261,0
DA:267,0
DA:268,0
DA:274,0
DA:275,0
DA:276,0
DA:277,0
DA:278,0
DA:279,0
DA:280,0
DA:284,0
DA:285,0
DA:286,0
DA:292,0
DA:332,1
DA:333,0
DA:334,0
DA:335,0
DA:336,0
DA:343,0
DA:344,0
DA:351,0
DA:358,1
LF:56
LH:16
BRDA:54,0,0,1
BRDA:54,0,1,1
BRDA:63,1,0,0
BRDA:63,1,1,1
BRDA:128,2,0,0
BRDA:128,2,1,0
BRDA:138,3,0,0
BRDA:138,3,1,0
BRDA:204,4,0,0
BRDA:204,4,1,0
BRDA:260,5,0,0
BRDA:260,5,1,0
BRDA:267,6,0,0
BRDA:267,6,1,0
BRDA:285,7,0,0
BRDA:285,7,1,0
BRDA:335,8,0,0
BRDA:335,8,1,0
BRDA:343,9,0,0
BRDA:343,9,1,0
BRF:20
BRH:3
end_of_record
TN:
SF:routes/proveedor.js
FN:55,(anonymous_0)
FN:64,(anonymous_1)
FN:73,(anonymous_2)
FN:117,(anonymous_3)
FN:135,(anonymous_4)
FN:196,(anonymous_5)
FN:200,(anonymous_6)
FN:227,(anonymous_7)
FN:282,(anonymous_8)
FN:284,(anonymous_9)
FNF:10
FNH:3
FNDA:2,(anonymous_0)
FNDA:2,(anonymous_1)
FNDA:2,(anonymous_2)
FNDA:0,(anonymous_3)
FNDA:0,(anonymous_4)
FNDA:0,(anonymous_5)
FNDA:0,(anonymous_6)
FNDA:0,(anonymous_7)
FNDA:0,(anonymous_8)
FNDA:0,(anonymous_9)
DA:9,1
DA:10,1
DA:12,1
DA:14,1
DA:16,1
DA:18,1
DA:55,1
DA:57,2
DA:59,2
DA:65,2
DA:66,0
DA:73,2
DA:74,2
DA:117,1
DA:120,0
DA:121,0
DA:135,0
DA:137,0
DA:138,0
DA:145,0
DA:196,1
DA:197,0
DA:198,0
DA:200,0
DA:201,0
DA:202,0
DA:209,0
DA:210,0
DA:217,0
DA:218,0
DA:219,0
DA:220,0
DA:221,0
DA:222,0
DA:223,0
DA:224,0
DA:225,0
DA:227,0
DA:228,0
DA:229,0
DA:235,0
DA:236,0
DA:282,1
DA:283,0
DA:284,0
DA:285,0
DA:286,0
DA:293,0
DA:294,0
DA:301,0
DA:308,1
LF:51
LH:16
BRDA:57,0,0,2
BRDA:57,0,1,2
BRDA:65,1,0,0
BRDA:65,1,1,2
BRDA:137,2,0,0
BRDA:137,2,1,0
BRDA:201,3,0,0
BRDA:201,3,1,0
BRDA:209,4,0,0
BRDA:209,4,1,0
BRDA:228,5,0,0
BRDA:228,5,1,0
BRDA:285,6,0,0
BRDA:285,6,1,0
BRDA:293,7,0,0
BRDA:293,7,1,0
BRF:16
BRH:3
end_of_record
TN:
SF:routes/sendEmail.js
FN:24,(anonymous_0)
FN:40,(anonymous_1)
FNF:2
FNH:0
FNDA:0,(anonymous_0)
FNDA:0,(anonymous_1)
DA:8,1
DA:9,1
DA:10,1
DA:24,1
DA:25,0
DA:34,0
DA:40,0
DA:41,0
DA:42,0
DA:44,0
DA:45,0
DA:52,1
LF:12
LH:5
BRDA:41,0,0,0
BRDA:41,0,1,0
BRF:2
BRH:0
end_of_record
TN:
SF:routes/upload.js
FN:66,(anonymous_0)
FN:106,(anonymous_1)
FN:122,(anonymous_2)
FN:130,(anonymous_3)
FN:222,(anonymous_4)
FNF:5
FNH:1
FNDA:1,(anonymous_0)
FNDA:0,(anonymous_1)
FNDA:0,(anonymous_2)
FNDA:0,(anonymous_3)
FNDA:0,(anonymous_4)
DA:9,1
DA:10,1
DA:11,1
DA:12,1
DA:13,1
DA:14,1
DA:15,1
DA:16,1
DA:17,1
DA:18,1
DA:19,1
DA:20,1
DA:23,1
DA:66,1
DA:69,1
DA:70,1
DA:71,1
DA:73,1
DA:74,0
DA:80,1
DA:81,1
DA:89,0
DA:90,0
DA:91,0
DA:92,0
DA:94,0
DA:95,0
DA:102,0
DA:104,0
DA:106,0
DA:107,0
DA:108,0
DA:113,0
DA:114,0
DA:122,1
DA:123,0
DA:125,0
DA:130,1
DA:131,0
DA:132,0
DA:134,0
DA:136,0
DA:137,0
DA:140,0
DA:142,0
DA:143,0
DA:144,0
DA:145,0
DA:148,0
DA:150,0
DA:151,0
DA:154,0
DA:155,0
DA:156,0
DA:157,0
DA:158,0
DA:159,0
DA:162,0
DA:164,0
DA:165,0
DA:168,0
DA:169,0
DA:170,0
DA:171,0
DA:172,0
DA:173,0
DA:176,0
DA:178,0
DA:179,0
DA:182,0
DA:183,0
DA:184,0
DA:185,0
DA:186,0
DA:187,0
DA:222,1
DA:223,0
DA:224,0
DA:226,0
DA:229,0
DA:230,0
DA:232,0
DA:233,0
DA:237,1
LF:84
LH:24
BRDA:73,0,0,0
BRDA:73,0,1,1
BRDA:80,1,0,1
BRDA:80,1,1,0
BRDA:94,2,0,0
BRDA:94,2,1,0
BRDA:107,3,0,0
BRDA:107,3,1,0
BRDA:123,4,0,0
BRDA:123,4,1,0
BRDA:132,5,0,0
BRDA:132,5,1,0
BRDA:132,5,2,0
BRDA:132,5,3,0
BRDA:136,6,0,0
BRDA:136,6,1,0
BRDA:150,7,0,0
BRDA:150,7,1,0
BRDA:164,8,0,0
BRDA:164,8,1,0
BRDA:178,9,0,0
BRDA:178,9,1,0
BRDA:229,10,0,0
BRDA:229,10,1,0
BRF:24
BRH:2
end_of_record
TN:
SF:routes/usuario.js
FN:141,(anonymous_0)
FN:145,(anonymous_1)
FN:172,(anonymous_2)
FN:227,(anonymous_3)
FN:229,(anonymous_4)
FNF:5
FNH:0
FNDA:0,(anonymous_0)
FNDA:0,(anonymous_1)
FNDA:0,(anonymous_2)
FNDA:0,(anonymous_3)
FNDA:0,(anonymous_4)
DA:9,1
DA:10,1
DA:13,1
DA:16,1
DA:19,1
DA:22,1
DA:24,1
DA:61,1
DA:96,1
DA:141,1
DA:142,0
DA:143,0
DA:145,0
DA:146,0
DA:147,0
DA:153,0
DA:154,0
DA:160,0
DA:161,0
DA:162,0
DA:163,0
DA:164,0
DA:165,0
DA:166,0
DA:167,0
DA:168,0
DA:169,0
DA:170,0
DA:172,0
DA:173,0
DA:174,0
DA:180,0
DA:181,0
DA:227,1
DA:228,0
DA:229,0
DA:230,0
DA:231,0
DA:238,0
DA:239,0
DA:246,0
DA:254,1
LF:42
LH:12
BRDA:146,0,0,0
BRDA:146,0,1,0
BRDA:153,1,0,0
BRDA:153,1,1,0
BRDA:173,2,0,0
BRDA:173,2,1,0
BRDA:230,3,0,0
BRDA:230,3,1,0
BRDA:238,4,0,0
BRDA:238,4,1,0
BRF:10
BRH:0
end_of_record
