{"/home/marcelo/Escritorio/workspace-stocker/stockerSinCambios/Backend/GR07-EquipoStocker-BackEnd/app.js": {"path":"/home/marcelo/Escritorio/workspace-stocker/stockerSinCambios/Backend/GR07-EquipoStocker-BackEnd/app.js","statementMap":{"0":{"start":{"line":2,"column":14},"end":{"line":2,"column":32}},"1":{"start":{"line":3,"column":15},"end":{"line":3,"column":34}},"2":{"start":{"line":4,"column":17},"end":{"line":4,"column":39}},"3":{"start":{"line":5,"column":16},"end":{"line":5,"column":45}},"4":{"start":{"line":8,"column":20},"end":{"line":8,"column":47}},"5":{"start":{"line":9,"column":18},"end":{"line":9,"column":43}},"6":{"start":{"line":10,"column":24},"end":{"line":10,"column":53}},"7":{"start":{"line":11,"column":22},"end":{"line":11,"column":50}},"8":{"start":{"line":12,"column":20},"end":{"line":12,"column":47}},"9":{"start":{"line":13,"column":19},"end":{"line":13,"column":45}},"10":{"start":{"line":14,"column":21},"end":{"line":14,"column":49}},"11":{"start":{"line":15,"column":19},"end":{"line":15,"column":45}},"12":{"start":{"line":16,"column":21},"end":{"line":16,"column":49}},"13":{"start":{"line":17,"column":16},"end":{"line":17,"column":45}},"14":{"start":{"line":18,"column":22},"end":{"line":18,"column":55}},"15":{"start":{"line":21,"column":10},"end":{"line":21,"column":19}},"16":{"start":{"line":24,"column":0},"end":{"line":33,"column":3}},"17":{"start":{"line":25,"column":4},"end":{"line":25,"column":51}},"18":{"start":{"line":26,"column":4},"end":{"line":29,"column":6}},"19":{"start":{"line":30,"column":4},"end":{"line":30,"column":82}},"20":{"start":{"line":31,"column":4},"end":{"line":31,"column":59}},"21":{"start":{"line":32,"column":4},"end":{"line":32,"column":11}},"22":{"start":{"line":36,"column":0},"end":{"line":36,"column":52}},"23":{"start":{"line":37,"column":0},"end":{"line":37,"column":27}},"24":{"start":{"line":40,"column":0},"end":{"line":43,"column":3}},"25":{"start":{"line":41,"column":4},"end":{"line":41,"column":23}},"26":{"start":{"line":41,"column":13},"end":{"line":41,"column":23}},"27":{"start":{"line":42,"column":4},"end":{"line":42,"column":70}},"28":{"start":{"line":46,"column":0},"end":{"line":46,"column":31}},"29":{"start":{"line":47,"column":0},"end":{"line":47,"column":35}},"30":{"start":{"line":48,"column":0},"end":{"line":48,"column":41}},"31":{"start":{"line":49,"column":0},"end":{"line":49,"column":38}},"32":{"start":{"line":50,"column":0},"end":{"line":50,"column":35}},"33":{"start":{"line":51,"column":0},"end":{"line":51,"column":33}},"34":{"start":{"line":52,"column":0},"end":{"line":52,"column":37}},"35":{"start":{"line":53,"column":0},"end":{"line":53,"column":32}},"36":{"start":{"line":54,"column":0},"end":{"line":54,"column":33}},"37":{"start":{"line":55,"column":0},"end":{"line":55,"column":34}},"38":{"start":{"line":56,"column":0},"end":{"line":56,"column":70}},"39":{"start":{"line":59,"column":0},"end":{"line":64,"column":3}},"40":{"start":{"line":60,"column":4},"end":{"line":63,"column":6}},"41":{"start":{"line":65,"column":0},"end":{"line":65,"column":21}}},"fnMap":{"0":{"name":"(anonymous_0)","decl":{"start":{"line":24,"column":8},"end":{"line":24,"column":9}},"loc":{"start":{"line":24,"column":28},"end":{"line":33,"column":1}},"line":24},"1":{"name":"(anonymous_1)","decl":{"start":{"line":40,"column":65},"end":{"line":40,"column":66}},"loc":{"start":{"line":40,"column":79},"end":{"line":43,"column":1}},"line":40},"2":{"name":"(anonymous_2)","decl":{"start":{"line":59,"column":17},"end":{"line":59,"column":18}},"loc":{"start":{"line":59,"column":23},"end":{"line":64,"column":1}},"line":59}},"branchMap":{"0":{"loc":{"start":{"line":41,"column":4},"end":{"line":41,"column":23}},"type":"if","locations":[{"start":{"line":41,"column":4},"end":{"line":41,"column":23}},{"start":{},"end":{}}],"line":41}},"s":{"0":1,"1":1,"2":1,"3":1,"4":1,"5":1,"6":1,"7":1,"8":1,"9":1,"10":1,"11":1,"12":1,"13":1,"14":1,"15":1,"16":1,"17":27,"18":27,"19":27,"20":27,"21":27,"22":1,"23":1,"24":1,"25":1,"26":0,"27":1,"28":1,"29":1,"30":1,"31":1,"32":1,"33":1,"34":1,"35":1,"36":1,"37":1,"38":1,"39":1,"40":1,"41":1},"f":{"0":27,"1":1,"2":1},"b":{"0":[0,1]},"_coverageSchema":"1a1c01bbd47fc00a2c39e90264f33305004495a9","hash":"a3be754df70f089c3cc4fdb9ca76737b80cb12fd"}
,"/home/marcelo/Escritorio/workspace-stocker/stockerSinCambios/Backend/GR07-EquipoStocker-BackEnd/config/config.js": {"path":"/home/marcelo/Escritorio/workspace-stocker/stockerSinCambios/Backend/GR07-EquipoStocker-BackEnd/config/config.js","statementMap":{"0":{"start":{"line":1,"column":0},"end":{"line":1,"column":50}}},"fnMap":{},"branchMap":{},"s":{"0":1},"f":{},"b":{},"_coverageSchema":"1a1c01bbd47fc00a2c39e90264f33305004495a9","hash":"3f98e7472d31fd4843e8d6045f21e669150be0c5"}
,"/home/marcelo/Escritorio/workspace-stocker/stockerSinCambios/Backend/GR07-EquipoStocker-BackEnd/config/swaggerConfig.js": {"path":"/home/marcelo/Escritorio/workspace-stocker/stockerSinCambios/Backend/GR07-EquipoStocker-BackEnd/config/swaggerConfig.js","statementMap":{"0":{"start":{"line":1,"column":21},"end":{"line":1,"column":45}},"1":{"start":{"line":3,"column":23},"end":{"line":25,"column":1}},"2":{"start":{"line":27,"column":20},"end":{"line":27,"column":48}},"3":{"start":{"line":29,"column":0},"end":{"line":29,"column":31}}},"fnMap":{},"branchMap":{},"s":{"0":1,"1":1,"2":1,"3":1},"f":{},"b":{},"_coverageSchema":"1a1c01bbd47fc00a2c39e90264f33305004495a9","hash":"be0b5f8a01a18dcd3091afa4942cbf8cc72056f4"}
,"/home/marcelo/Escritorio/workspace-stocker/stockerSinCambios/Backend/GR07-EquipoStocker-BackEnd/controller/usuario.js": {"path":"/home/marcelo/Escritorio/workspace-stocker/stockerSinCambios/Backend/GR07-EquipoStocker-BackEnd/controller/usuario.js","statementMap":{"0":{"start":{"line":1,"column":14},"end":{"line":1,"column":32}},"1":{"start":{"line":2,"column":10},"end":{"line":2,"column":19}},"2":{"start":{"line":6,"column":10},"end":{"line":6,"column":33}},"3":{"start":{"line":9,"column":14},"end":{"line":9,"column":42}},"4":{"start":{"line":12,"column":22},"end":{"line":12,"column":61}},"5":{"start":{"line":15,"column":13},"end":{"line":15,"column":32}},"6":{"start":{"line":17,"column":20},"end":{"line":44,"column":1}},"7":{"start":{"line":19,"column":16},"end":{"line":19,"column":36}},"8":{"start":{"line":21,"column":4},"end":{"line":43,"column":7}},"9":{"start":{"line":28,"column":8},"end":{"line":34,"column":9}},"10":{"start":{"line":29,"column":12},"end":{"line":33,"column":15}},"11":{"start":{"line":36,"column":8},"end":{"line":42,"column":11}},"12":{"start":{"line":37,"column":12},"end":{"line":41,"column":15}},"13":{"start":{"line":46,"column":20},"end":{"line":104,"column":1}},"14":{"start":{"line":49,"column":15},"end":{"line":49,"column":23}},"15":{"start":{"line":50,"column":4},"end":{"line":103,"column":11}},"16":{"start":{"line":53,"column":12},"end":{"line":84,"column":13}},"17":{"start":{"line":55,"column":30},"end":{"line":68,"column":18}},"18":{"start":{"line":70,"column":30},"end":{"line":83,"column":18}},"19":{"start":{"line":87,"column":12},"end":{"line":102,"column":15}},"20":{"start":{"line":89,"column":16},"end":{"line":95,"column":17}},"21":{"start":{"line":90,"column":20},"end":{"line":94,"column":23}},"22":{"start":{"line":97,"column":16},"end":{"line":101,"column":19}},"23":{"start":{"line":108,"column":0},"end":{"line":108,"column":46}}},"fnMap":{"0":{"name":"(anonymous_0)","decl":{"start":{"line":17,"column":20},"end":{"line":17,"column":21}},"loc":{"start":{"line":17,"column":34},"end":{"line":44,"column":1}},"line":17},"1":{"name":"(anonymous_1)","decl":{"start":{"line":27,"column":10},"end":{"line":27,"column":11}},"loc":{"start":{"line":27,"column":29},"end":{"line":43,"column":5}},"line":27},"2":{"name":"(anonymous_2)","decl":{"start":{"line":36,"column":26},"end":{"line":36,"column":27}},"loc":{"start":{"line":36,"column":43},"end":{"line":42,"column":9}},"line":36},"3":{"name":"(anonymous_3)","decl":{"start":{"line":46,"column":20},"end":{"line":46,"column":21}},"loc":{"start":{"line":46,"column":34},"end":{"line":104,"column":1}},"line":46},"4":{"name":"(anonymous_4)","decl":{"start":{"line":51,"column":14},"end":{"line":51,"column":15}},"loc":{"start":{"line":51,"column":33},"end":{"line":103,"column":9}},"line":51},"5":{"name":"(anonymous_5)","decl":{"start":{"line":87,"column":25},"end":{"line":87,"column":26}},"loc":{"start":{"line":87,"column":51},"end":{"line":102,"column":13}},"line":87}},"branchMap":{"0":{"loc":{"start":{"line":19,"column":16},"end":{"line":19,"column":36}},"type":"binary-expr","locations":[{"start":{"line":19,"column":16},"end":{"line":19,"column":31}},{"start":{"line":19,"column":35},"end":{"line":19,"column":36}}],"line":19},"1":{"loc":{"start":{"line":28,"column":8},"end":{"line":34,"column":9}},"type":"if","locations":[{"start":{"line":28,"column":8},"end":{"line":34,"column":9}},{"start":{},"end":{}}],"line":28},"2":{"loc":{"start":{"line":53,"column":12},"end":{"line":84,"column":13}},"type":"if","locations":[{"start":{"line":53,"column":12},"end":{"line":84,"column":13}},{"start":{"line":69,"column":19},"end":{"line":84,"column":13}}],"line":53},"3":{"loc":{"start":{"line":89,"column":16},"end":{"line":95,"column":17}},"type":"if","locations":[{"start":{"line":89,"column":16},"end":{"line":95,"column":17}},{"start":{},"end":{}}],"line":89}},"s":{"0":1,"1":1,"2":1,"3":1,"4":1,"5":1,"6":1,"7":1,"8":1,"9":1,"10":0,"11":1,"12":1,"13":1,"14":1,"15":1,"16":1,"17":0,"18":1,"19":1,"20":1,"21":1,"22":0,"23":1},"f":{"0":1,"1":1,"2":1,"3":1,"4":1,"5":1},"b":{"0":[1,1],"1":[0,1],"2":[0,1],"3":[1,0]},"_coverageSchema":"1a1c01bbd47fc00a2c39e90264f33305004495a9","hash":"e80f98b77aef33785f79b5b7d004b2ece7d0d7d7"}
,"/home/marcelo/Escritorio/workspace-stocker/stockerSinCambios/Backend/GR07-EquipoStocker-BackEnd/middlewares/autenticacion.js": {"path":"/home/marcelo/Escritorio/workspace-stocker/stockerSinCambios/Backend/GR07-EquipoStocker-BackEnd/middlewares/autenticacion.js","statementMap":{"0":{"start":{"line":1,"column":10},"end":{"line":1,"column":33}},"1":{"start":{"line":2,"column":11},"end":{"line":2,"column":43}},"2":{"start":{"line":8,"column":0},"end":{"line":21,"column":1}},"3":{"start":{"line":9,"column":16},"end":{"line":9,"column":31}},"4":{"start":{"line":10,"column":4},"end":{"line":20,"column":7}},"5":{"start":{"line":11,"column":8},"end":{"line":17,"column":9}},"6":{"start":{"line":12,"column":12},"end":{"line":16,"column":15}},"7":{"start":{"line":18,"column":8},"end":{"line":18,"column":38}},"8":{"start":{"line":19,"column":8},"end":{"line":19,"column":15}}},"fnMap":{"0":{"name":"(anonymous_0)","decl":{"start":{"line":8,"column":24},"end":{"line":8,"column":25}},"loc":{"start":{"line":8,"column":49},"end":{"line":21,"column":1}},"line":8},"1":{"name":"(anonymous_1)","decl":{"start":{"line":10,"column":28},"end":{"line":10,"column":29}},"loc":{"start":{"line":10,"column":46},"end":{"line":20,"column":5}},"line":10}},"branchMap":{"0":{"loc":{"start":{"line":11,"column":8},"end":{"line":17,"column":9}},"type":"if","locations":[{"start":{"line":11,"column":8},"end":{"line":17,"column":9}},{"start":{},"end":{}}],"line":11}},"s":{"0":1,"1":1,"2":1,"3":16,"4":16,"5":16,"6":16,"7":0,"8":0},"f":{"0":16,"1":16},"b":{"0":[16,0]},"_coverageSchema":"1a1c01bbd47fc00a2c39e90264f33305004495a9","hash":"667331b5d7e6ae4a6dfeef17d3ff022f2d59ab10"}
,"/home/marcelo/Escritorio/workspace-stocker/stockerSinCambios/Backend/GR07-EquipoStocker-BackEnd/models/cliente.js": {"path":"/home/marcelo/Escritorio/workspace-stocker/stockerSinCambios/Backend/GR07-EquipoStocker-BackEnd/models/cliente.js","statementMap":{"0":{"start":{"line":2,"column":15},"end":{"line":2,"column":34}},"1":{"start":{"line":3,"column":22},"end":{"line":3,"column":58}},"2":{"start":{"line":6,"column":13},"end":{"line":6,"column":28}},"3":{"start":{"line":8,"column":14},"end":{"line":11,"column":1}},"4":{"start":{"line":51,"column":20},"end":{"line":78,"column":2}},"5":{"start":{"line":81,"column":0},"end":{"line":81,"column":76}},"6":{"start":{"line":84,"column":0},"end":{"line":84,"column":58}}},"fnMap":{},"branchMap":{},"s":{"0":1,"1":1,"2":1,"3":1,"4":1,"5":1,"6":1},"f":{},"b":{},"_coverageSchema":"1a1c01bbd47fc00a2c39e90264f33305004495a9","hash":"7f24a7236191504be235c31349f93b18b48ab299"}
,"/home/marcelo/Escritorio/workspace-stocker/stockerSinCambios/Backend/GR07-EquipoStocker-BackEnd/models/pedido.js": {"path":"/home/marcelo/Escritorio/workspace-stocker/stockerSinCambios/Backend/GR07-EquipoStocker-BackEnd/models/pedido.js","statementMap":{"0":{"start":{"line":1,"column":15},"end":{"line":1,"column":34}},"1":{"start":{"line":2,"column":22},"end":{"line":2,"column":58}},"2":{"start":{"line":4,"column":13},"end":{"line":4,"column":28}},"3":{"start":{"line":32,"column":19},"end":{"line":35,"column":1}},"4":{"start":{"line":37,"column":19},"end":{"line":62,"column":29}},"5":{"start":{"line":64,"column":0},"end":{"line":64,"column":68}},"6":{"start":{"line":65,"column":0},"end":{"line":65,"column":56}}},"fnMap":{},"branchMap":{},"s":{"0":1,"1":1,"2":1,"3":1,"4":1,"5":1,"6":1},"f":{},"b":{},"_coverageSchema":"1a1c01bbd47fc00a2c39e90264f33305004495a9","hash":"0b396bbf21b32985654660d8e58b1aa36beb359c"}
,"/home/marcelo/Escritorio/workspace-stocker/stockerSinCambios/Backend/GR07-EquipoStocker-BackEnd/models/producto.js": {"path":"/home/marcelo/Escritorio/workspace-stocker/stockerSinCambios/Backend/GR07-EquipoStocker-BackEnd/models/producto.js","statementMap":{"0":{"start":{"line":2,"column":15},"end":{"line":2,"column":34}},"1":{"start":{"line":3,"column":22},"end":{"line":3,"column":58}},"2":{"start":{"line":6,"column":13},"end":{"line":6,"column":28}},"3":{"start":{"line":38,"column":14},"end":{"line":41,"column":1}},"4":{"start":{"line":44,"column":21},"end":{"line":67,"column":31}},"5":{"start":{"line":70,"column":0},"end":{"line":70,"column":70}},"6":{"start":{"line":73,"column":0},"end":{"line":73,"column":60}}},"fnMap":{},"branchMap":{},"s":{"0":1,"1":1,"2":1,"3":1,"4":1,"5":1,"6":1},"f":{},"b":{},"_coverageSchema":"1a1c01bbd47fc00a2c39e90264f33305004495a9","hash":"93ee2021953f6ad8ad3da38654b1f101b144568c"}
,"/home/marcelo/Escritorio/workspace-stocker/stockerSinCambios/Backend/GR07-EquipoStocker-BackEnd/models/proveedor.js": {"path":"/home/marcelo/Escritorio/workspace-stocker/stockerSinCambios/Backend/GR07-EquipoStocker-BackEnd/models/proveedor.js","statementMap":{"0":{"start":{"line":2,"column":15},"end":{"line":2,"column":34}},"1":{"start":{"line":3,"column":22},"end":{"line":3,"column":58}},"2":{"start":{"line":6,"column":13},"end":{"line":6,"column":28}},"3":{"start":{"line":42,"column":14},"end":{"line":45,"column":1}},"4":{"start":{"line":48,"column":22},"end":{"line":66,"column":2}},"5":{"start":{"line":69,"column":0},"end":{"line":69,"column":71}},"6":{"start":{"line":72,"column":0},"end":{"line":72,"column":62}}},"fnMap":{},"branchMap":{},"s":{"0":1,"1":1,"2":1,"3":1,"4":1,"5":1,"6":1},"f":{},"b":{},"_coverageSchema":"1a1c01bbd47fc00a2c39e90264f33305004495a9","hash":"b849df46c6263a6d88207f93acbaaf969e145e18"}
,"/home/marcelo/Escritorio/workspace-stocker/stockerSinCambios/Backend/GR07-EquipoStocker-BackEnd/models/usuario.js": {"path":"/home/marcelo/Escritorio/workspace-stocker/stockerSinCambios/Backend/GR07-EquipoStocker-BackEnd/models/usuario.js","statementMap":{"0":{"start":{"line":2,"column":15},"end":{"line":2,"column":34}},"1":{"start":{"line":3,"column":22},"end":{"line":3,"column":58}},"2":{"start":{"line":6,"column":13},"end":{"line":6,"column":28}},"3":{"start":{"line":52,"column":19},"end":{"line":55,"column":1}},"4":{"start":{"line":59,"column":20},"end":{"line":88,"column":2}},"5":{"start":{"line":91,"column":0},"end":{"line":91,"column":69}},"6":{"start":{"line":94,"column":0},"end":{"line":94,"column":58}}},"fnMap":{},"branchMap":{},"s":{"0":1,"1":1,"2":1,"3":1,"4":1,"5":1,"6":1},"f":{},"b":{},"_coverageSchema":"1a1c01bbd47fc00a2c39e90264f33305004495a9","hash":"e6bb2d47fbcc7185029a3c52b912c13520a7ea5f"}
,"/home/marcelo/Escritorio/workspace-stocker/stockerSinCambios/Backend/GR07-EquipoStocker-BackEnd/routes/busqueda.js": {"path":"/home/marcelo/Escritorio/workspace-stocker/stockerSinCambios/Backend/GR07-EquipoStocker-BackEnd/routes/busqueda.js","statementMap":{"0":{"start":{"line":9,"column":14},"end":{"line":9,"column":32}},"1":{"start":{"line":10,"column":10},"end":{"line":10,"column":19}},"2":{"start":{"line":11,"column":14},"end":{"line":11,"column":42}},"3":{"start":{"line":12,"column":15},"end":{"line":12,"column":44}},"4":{"start":{"line":13,"column":16},"end":{"line":13,"column":46}},"5":{"start":{"line":14,"column":14},"end":{"line":14,"column":42}},"6":{"start":{"line":15,"column":13},"end":{"line":15,"column":40}},"7":{"start":{"line":58,"column":0},"end":{"line":95,"column":3}},"8":{"start":{"line":59,"column":19},"end":{"line":59,"column":38}},"9":{"start":{"line":60,"column":16},"end":{"line":60,"column":32}},"10":{"start":{"line":61,"column":16},"end":{"line":61,"column":41}},"11":{"start":{"line":65,"column":4},"end":{"line":88,"column":5}},"12":{"start":{"line":67,"column":12},"end":{"line":67,"column":54}},"13":{"start":{"line":68,"column":12},"end":{"line":68,"column":18}},"14":{"start":{"line":70,"column":12},"end":{"line":70,"column":55}},"15":{"start":{"line":71,"column":12},"end":{"line":71,"column":18}},"16":{"start":{"line":73,"column":12},"end":{"line":73,"column":55}},"17":{"start":{"line":74,"column":12},"end":{"line":74,"column":18}},"18":{"start":{"line":76,"column":12},"end":{"line":76,"column":53}},"19":{"start":{"line":77,"column":12},"end":{"line":77,"column":18}},"20":{"start":{"line":79,"column":12},"end":{"line":79,"column":52}},"21":{"start":{"line":80,"column":12},"end":{"line":80,"column":18}},"22":{"start":{"line":83,"column":12},"end":{"line":87,"column":15}},"23":{"start":{"line":89,"column":4},"end":{"line":94,"column":7}},"24":{"start":{"line":90,"column":8},"end":{"line":93,"column":11}},"25":{"start":{"line":139,"column":0},"end":{"line":162,"column":3}},"26":{"start":{"line":140,"column":19},"end":{"line":140,"column":38}},"27":{"start":{"line":141,"column":16},"end":{"line":141,"column":41}},"28":{"start":{"line":146,"column":4},"end":{"line":161,"column":7}},"29":{"start":{"line":153,"column":8},"end":{"line":160,"column":11}},"30":{"start":{"line":166,"column":4},"end":{"line":176,"column":7}},"31":{"start":{"line":167,"column":8},"end":{"line":175,"column":15}},"32":{"start":{"line":170,"column":16},"end":{"line":174,"column":17}},"33":{"start":{"line":171,"column":20},"end":{"line":171,"column":60}},"34":{"start":{"line":173,"column":20},"end":{"line":173,"column":38}},"35":{"start":{"line":180,"column":4},"end":{"line":190,"column":7}},"36":{"start":{"line":181,"column":8},"end":{"line":189,"column":15}},"37":{"start":{"line":184,"column":16},"end":{"line":188,"column":17}},"38":{"start":{"line":185,"column":20},"end":{"line":185,"column":61}},"39":{"start":{"line":187,"column":20},"end":{"line":187,"column":39}},"40":{"start":{"line":194,"column":4},"end":{"line":206,"column":7}},"41":{"start":{"line":195,"column":8},"end":{"line":205,"column":15}},"42":{"start":{"line":200,"column":16},"end":{"line":204,"column":17}},"43":{"start":{"line":201,"column":20},"end":{"line":201,"column":56}},"44":{"start":{"line":203,"column":20},"end":{"line":203,"column":39}},"45":{"start":{"line":210,"column":4},"end":{"line":222,"column":7}},"46":{"start":{"line":211,"column":8},"end":{"line":221,"column":15}},"47":{"start":{"line":216,"column":16},"end":{"line":220,"column":17}},"48":{"start":{"line":217,"column":20},"end":{"line":217,"column":54}},"49":{"start":{"line":219,"column":20},"end":{"line":219,"column":37}},"50":{"start":{"line":226,"column":4},"end":{"line":239,"column":7}},"51":{"start":{"line":227,"column":8},"end":{"line":238,"column":15}},"52":{"start":{"line":233,"column":16},"end":{"line":237,"column":17}},"53":{"start":{"line":234,"column":20},"end":{"line":234,"column":58}},"54":{"start":{"line":236,"column":20},"end":{"line":236,"column":36}},"55":{"start":{"line":242,"column":0},"end":{"line":242,"column":21}}},"fnMap":{"0":{"name":"(anonymous_0)","decl":{"start":{"line":58,"column":39},"end":{"line":58,"column":40}},"loc":{"start":{"line":58,"column":59},"end":{"line":95,"column":1}},"line":58},"1":{"name":"(anonymous_1)","decl":{"start":{"line":89,"column":17},"end":{"line":89,"column":18}},"loc":{"start":{"line":89,"column":27},"end":{"line":94,"column":5}},"line":89},"2":{"name":"(anonymous_2)","decl":{"start":{"line":139,"column":27},"end":{"line":139,"column":28}},"loc":{"start":{"line":139,"column":47},"end":{"line":162,"column":1}},"line":139},"3":{"name":"(anonymous_3)","decl":{"start":{"line":152,"column":12},"end":{"line":152,"column":13}},"loc":{"start":{"line":152,"column":28},"end":{"line":161,"column":5}},"line":152},"4":{"name":"buscarUsuarios","decl":{"start":{"line":165,"column":9},"end":{"line":165,"column":23}},"loc":{"start":{"line":165,"column":41},"end":{"line":177,"column":1}},"line":165},"5":{"name":"(anonymous_5)","decl":{"start":{"line":166,"column":23},"end":{"line":166,"column":24}},"loc":{"start":{"line":166,"column":44},"end":{"line":176,"column":5}},"line":166},"6":{"name":"(anonymous_6)","decl":{"start":{"line":169,"column":18},"end":{"line":169,"column":19}},"loc":{"start":{"line":169,"column":37},"end":{"line":175,"column":13}},"line":169},"7":{"name":"buscarProductos","decl":{"start":{"line":179,"column":9},"end":{"line":179,"column":24}},"loc":{"start":{"line":179,"column":42},"end":{"line":191,"column":1}},"line":179},"8":{"name":"(anonymous_8)","decl":{"start":{"line":180,"column":23},"end":{"line":180,"column":24}},"loc":{"start":{"line":180,"column":44},"end":{"line":190,"column":5}},"line":180},"9":{"name":"(anonymous_9)","decl":{"start":{"line":183,"column":18},"end":{"line":183,"column":19}},"loc":{"start":{"line":183,"column":38},"end":{"line":189,"column":13}},"line":183},"10":{"name":"buscarProveedor","decl":{"start":{"line":193,"column":9},"end":{"line":193,"column":24}},"loc":{"start":{"line":193,"column":42},"end":{"line":207,"column":1}},"line":193},"11":{"name":"(anonymous_11)","decl":{"start":{"line":194,"column":23},"end":{"line":194,"column":24}},"loc":{"start":{"line":194,"column":44},"end":{"line":206,"column":5}},"line":194},"12":{"name":"(anonymous_12)","decl":{"start":{"line":199,"column":18},"end":{"line":199,"column":19}},"loc":{"start":{"line":199,"column":38},"end":{"line":205,"column":13}},"line":199},"13":{"name":"buscarCliente","decl":{"start":{"line":209,"column":9},"end":{"line":209,"column":22}},"loc":{"start":{"line":209,"column":40},"end":{"line":223,"column":1}},"line":209},"14":{"name":"(anonymous_14)","decl":{"start":{"line":210,"column":23},"end":{"line":210,"column":24}},"loc":{"start":{"line":210,"column":44},"end":{"line":222,"column":5}},"line":210},"15":{"name":"(anonymous_15)","decl":{"start":{"line":215,"column":18},"end":{"line":215,"column":19}},"loc":{"start":{"line":215,"column":36},"end":{"line":221,"column":13}},"line":215},"16":{"name":"buscarPedido","decl":{"start":{"line":225,"column":9},"end":{"line":225,"column":21}},"loc":{"start":{"line":225,"column":39},"end":{"line":240,"column":1}},"line":225},"17":{"name":"(anonymous_17)","decl":{"start":{"line":226,"column":23},"end":{"line":226,"column":24}},"loc":{"start":{"line":226,"column":44},"end":{"line":239,"column":5}},"line":226},"18":{"name":"(anonymous_18)","decl":{"start":{"line":232,"column":18},"end":{"line":232,"column":19}},"loc":{"start":{"line":232,"column":35},"end":{"line":238,"column":13}},"line":232}},"branchMap":{"0":{"loc":{"start":{"line":65,"column":4},"end":{"line":88,"column":5}},"type":"switch","locations":[{"start":{"line":66,"column":8},"end":{"line":68,"column":18}},{"start":{"line":69,"column":8},"end":{"line":71,"column":18}},{"start":{"line":72,"column":8},"end":{"line":74,"column":18}},{"start":{"line":75,"column":8},"end":{"line":77,"column":18}},{"start":{"line":78,"column":8},"end":{"line":80,"column":18}},{"start":{"line":82,"column":8},"end":{"line":87,"column":15}}],"line":65},"1":{"loc":{"start":{"line":170,"column":16},"end":{"line":174,"column":17}},"type":"if","locations":[{"start":{"line":170,"column":16},"end":{"line":174,"column":17}},{"start":{"line":172,"column":23},"end":{"line":174,"column":17}}],"line":170},"2":{"loc":{"start":{"line":184,"column":16},"end":{"line":188,"column":17}},"type":"if","locations":[{"start":{"line":184,"column":16},"end":{"line":188,"column":17}},{"start":{"line":186,"column":23},"end":{"line":188,"column":17}}],"line":184},"3":{"loc":{"start":{"line":200,"column":16},"end":{"line":204,"column":17}},"type":"if","locations":[{"start":{"line":200,"column":16},"end":{"line":204,"column":17}},{"start":{"line":202,"column":23},"end":{"line":204,"column":17}}],"line":200},"4":{"loc":{"start":{"line":216,"column":16},"end":{"line":220,"column":17}},"type":"if","locations":[{"start":{"line":216,"column":16},"end":{"line":220,"column":17}},{"start":{"line":218,"column":23},"end":{"line":220,"column":17}}],"line":216},"5":{"loc":{"start":{"line":233,"column":16},"end":{"line":237,"column":17}},"type":"if","locations":[{"start":{"line":233,"column":16},"end":{"line":237,"column":17}},{"start":{"line":235,"column":23},"end":{"line":237,"column":17}}],"line":233}},"s":{"0":1,"1":1,"2":1,"3":1,"4":1,"5":1,"6":1,"7":1,"8":1,"9":1,"10":1,"11":1,"12":1,"13":1,"14":0,"15":0,"16":0,"17":0,"18":0,"19":0,"20":0,"21":0,"22":0,"23":1,"24":1,"25":1,"26":1,"27":1,"28":1,"29":1,"30":2,"31":2,"32":2,"33":0,"34":2,"35":1,"36":1,"37":1,"38":0,"39":1,"40":1,"41":1,"42":1,"43":0,"44":1,"45":1,"46":1,"47":1,"48":0,"49":1,"50":1,"51":1,"52":1,"53":0,"54":1,"55":1},"f":{"0":1,"1":1,"2":1,"3":1,"4":2,"5":2,"6":2,"7":1,"8":1,"9":1,"10":1,"11":1,"12":1,"13":1,"14":1,"15":1,"16":1,"17":1,"18":1},"b":{"0":[1,0,0,0,0,0],"1":[0,2],"2":[0,1],"3":[0,1],"4":[0,1],"5":[0,1]},"_coverageSchema":"1a1c01bbd47fc00a2c39e90264f33305004495a9","hash":"871bb6604134bf6bd3046cf52ada4c9d7d5f0353"}
,"/home/marcelo/Escritorio/workspace-stocker/stockerSinCambios/Backend/GR07-EquipoStocker-BackEnd/routes/cliente.js": {"path":"/home/marcelo/Escritorio/workspace-stocker/stockerSinCambios/Backend/GR07-EquipoStocker-BackEnd/routes/cliente.js","statementMap":{"0":{"start":{"line":9,"column":14},"end":{"line":9,"column":32}},"1":{"start":{"line":10,"column":10},"end":{"line":10,"column":19}},"2":{"start":{"line":13,"column":10},"end":{"line":13,"column":33}},"3":{"start":{"line":16,"column":14},"end":{"line":16,"column":42}},"4":{"start":{"line":19,"column":22},"end":{"line":19,"column":61}},"5":{"start":{"line":58,"column":0},"end":{"line":85,"column":3}},"6":{"start":{"line":60,"column":16},"end":{"line":60,"column":36}},"7":{"start":{"line":62,"column":4},"end":{"line":84,"column":11}},"8":{"start":{"line":68,"column":12},"end":{"line":74,"column":13}},"9":{"start":{"line":69,"column":16},"end":{"line":73,"column":19}},"10":{"start":{"line":76,"column":12},"end":{"line":83,"column":15}},"11":{"start":{"line":77,"column":16},"end":{"line":82,"column":19}},"12":{"start":{"line":120,"column":0},"end":{"line":156,"column":3}},"13":{"start":{"line":124,"column":15},"end":{"line":124,"column":23}},"14":{"start":{"line":126,"column":18},"end":{"line":137,"column":6}},"15":{"start":{"line":140,"column":4},"end":{"line":155,"column":7}},"16":{"start":{"line":142,"column":8},"end":{"line":148,"column":9}},"17":{"start":{"line":143,"column":12},"end":{"line":147,"column":15}},"18":{"start":{"line":150,"column":8},"end":{"line":154,"column":11}},"19":{"start":{"line":201,"column":0},"end":{"line":248,"column":3}},"20":{"start":{"line":202,"column":13},"end":{"line":202,"column":26}},"21":{"start":{"line":203,"column":15},"end":{"line":203,"column":23}},"22":{"start":{"line":205,"column":4},"end":{"line":247,"column":7}},"23":{"start":{"line":206,"column":8},"end":{"line":212,"column":9}},"24":{"start":{"line":207,"column":12},"end":{"line":211,"column":15}},"25":{"start":{"line":214,"column":8},"end":{"line":220,"column":9}},"26":{"start":{"line":215,"column":12},"end":{"line":219,"column":15}},"27":{"start":{"line":222,"column":8},"end":{"line":222,"column":37}},"28":{"start":{"line":223,"column":8},"end":{"line":223,"column":41}},"29":{"start":{"line":224,"column":8},"end":{"line":224,"column":35}},"30":{"start":{"line":225,"column":8},"end":{"line":225,"column":43}},"31":{"start":{"line":226,"column":8},"end":{"line":226,"column":33}},"32":{"start":{"line":227,"column":8},"end":{"line":227,"column":41}},"33":{"start":{"line":228,"column":8},"end":{"line":228,"column":31}},"34":{"start":{"line":229,"column":8},"end":{"line":229,"column":39}},"35":{"start":{"line":230,"column":8},"end":{"line":230,"column":37}},"36":{"start":{"line":232,"column":8},"end":{"line":246,"column":11}},"37":{"start":{"line":233,"column":12},"end":{"line":239,"column":13}},"38":{"start":{"line":234,"column":16},"end":{"line":238,"column":19}},"39":{"start":{"line":240,"column":12},"end":{"line":240,"column":44}},"40":{"start":{"line":242,"column":12},"end":{"line":245,"column":15}},"41":{"start":{"line":288,"column":0},"end":{"line":312,"column":3}},"42":{"start":{"line":289,"column":13},"end":{"line":289,"column":26}},"43":{"start":{"line":290,"column":4},"end":{"line":311,"column":7}},"44":{"start":{"line":291,"column":8},"end":{"line":297,"column":9}},"45":{"start":{"line":292,"column":12},"end":{"line":296,"column":15}},"46":{"start":{"line":299,"column":8},"end":{"line":305,"column":9}},"47":{"start":{"line":300,"column":12},"end":{"line":304,"column":15}},"48":{"start":{"line":307,"column":8},"end":{"line":310,"column":11}},"49":{"start":{"line":315,"column":0},"end":{"line":315,"column":21}}},"fnMap":{"0":{"name":"(anonymous_0)","decl":{"start":{"line":58,"column":13},"end":{"line":58,"column":14}},"loc":{"start":{"line":58,"column":27},"end":{"line":85,"column":1}},"line":58},"1":{"name":"(anonymous_1)","decl":{"start":{"line":67,"column":14},"end":{"line":67,"column":15}},"loc":{"start":{"line":67,"column":42},"end":{"line":84,"column":9}},"line":67},"2":{"name":"(anonymous_2)","decl":{"start":{"line":76,"column":30},"end":{"line":76,"column":31}},"loc":{"start":{"line":76,"column":47},"end":{"line":83,"column":13}},"line":76},"3":{"name":"(anonymous_3)","decl":{"start":{"line":120,"column":45},"end":{"line":120,"column":46}},"loc":{"start":{"line":120,"column":59},"end":{"line":156,"column":1}},"line":120},"4":{"name":"(anonymous_4)","decl":{"start":{"line":140,"column":17},"end":{"line":140,"column":18}},"loc":{"start":{"line":140,"column":43},"end":{"line":155,"column":5}},"line":140},"5":{"name":"(anonymous_5)","decl":{"start":{"line":201,"column":47},"end":{"line":201,"column":48}},"loc":{"start":{"line":201,"column":61},"end":{"line":248,"column":1}},"line":201},"6":{"name":"(anonymous_6)","decl":{"start":{"line":205,"column":25},"end":{"line":205,"column":26}},"loc":{"start":{"line":205,"column":43},"end":{"line":247,"column":5}},"line":205},"7":{"name":"(anonymous_7)","decl":{"start":{"line":232,"column":21},"end":{"line":232,"column":22}},"loc":{"start":{"line":232,"column":47},"end":{"line":246,"column":9}},"line":232},"8":{"name":"(anonymous_8)","decl":{"start":{"line":288,"column":50},"end":{"line":288,"column":51}},"loc":{"start":{"line":288,"column":64},"end":{"line":312,"column":1}},"line":288},"9":{"name":"(anonymous_9)","decl":{"start":{"line":290,"column":34},"end":{"line":290,"column":35}},"loc":{"start":{"line":290,"column":59},"end":{"line":311,"column":5}},"line":290}},"branchMap":{"0":{"loc":{"start":{"line":60,"column":16},"end":{"line":60,"column":36}},"type":"binary-expr","locations":[{"start":{"line":60,"column":16},"end":{"line":60,"column":31}},{"start":{"line":60,"column":35},"end":{"line":60,"column":36}}],"line":60},"1":{"loc":{"start":{"line":68,"column":12},"end":{"line":74,"column":13}},"type":"if","locations":[{"start":{"line":68,"column":12},"end":{"line":74,"column":13}},{"start":{},"end":{}}],"line":68},"2":{"loc":{"start":{"line":142,"column":8},"end":{"line":148,"column":9}},"type":"if","locations":[{"start":{"line":142,"column":8},"end":{"line":148,"column":9}},{"start":{},"end":{}}],"line":142},"3":{"loc":{"start":{"line":206,"column":8},"end":{"line":212,"column":9}},"type":"if","locations":[{"start":{"line":206,"column":8},"end":{"line":212,"column":9}},{"start":{},"end":{}}],"line":206},"4":{"loc":{"start":{"line":214,"column":8},"end":{"line":220,"column":9}},"type":"if","locations":[{"start":{"line":214,"column":8},"end":{"line":220,"column":9}},{"start":{},"end":{}}],"line":214},"5":{"loc":{"start":{"line":233,"column":12},"end":{"line":239,"column":13}},"type":"if","locations":[{"start":{"line":233,"column":12},"end":{"line":239,"column":13}},{"start":{},"end":{}}],"line":233},"6":{"loc":{"start":{"line":291,"column":8},"end":{"line":297,"column":9}},"type":"if","locations":[{"start":{"line":291,"column":8},"end":{"line":297,"column":9}},{"start":{},"end":{}}],"line":291},"7":{"loc":{"start":{"line":299,"column":8},"end":{"line":305,"column":9}},"type":"if","locations":[{"start":{"line":299,"column":8},"end":{"line":305,"column":9}},{"start":{},"end":{}}],"line":299}},"s":{"0":1,"1":1,"2":1,"3":1,"4":1,"5":1,"6":2,"7":2,"8":2,"9":0,"10":2,"11":2,"12":1,"13":0,"14":0,"15":0,"16":0,"17":0,"18":0,"19":1,"20":0,"21":0,"22":0,"23":0,"24":0,"25":0,"26":0,"27":0,"28":0,"29":0,"30":0,"31":0,"32":0,"33":0,"34":0,"35":0,"36":0,"37":0,"38":0,"39":0,"40":0,"41":1,"42":0,"43":0,"44":0,"45":0,"46":0,"47":0,"48":0,"49":1},"f":{"0":2,"1":2,"2":2,"3":0,"4":0,"5":0,"6":0,"7":0,"8":0,"9":0},"b":{"0":[2,2],"1":[0,2],"2":[0,0],"3":[0,0],"4":[0,0],"5":[0,0],"6":[0,0],"7":[0,0]},"_coverageSchema":"1a1c01bbd47fc00a2c39e90264f33305004495a9","hash":"a5edb45791d3844c7752fa5c0067bb4e21204ddc"}
,"/home/marcelo/Escritorio/workspace-stocker/stockerSinCambios/Backend/GR07-EquipoStocker-BackEnd/routes/imagenes.js": {"path":"/home/marcelo/Escritorio/workspace-stocker/stockerSinCambios/Backend/GR07-EquipoStocker-BackEnd/routes/imagenes.js","statementMap":{"0":{"start":{"line":2,"column":14},"end":{"line":2,"column":32}},"1":{"start":{"line":3,"column":10},"end":{"line":3,"column":19}},"2":{"start":{"line":4,"column":13},"end":{"line":4,"column":28}},"3":{"start":{"line":5,"column":11},"end":{"line":5,"column":24}},"4":{"start":{"line":40,"column":0},"end":{"line":52,"column":3}},"5":{"start":{"line":41,"column":15},"end":{"line":41,"column":30}},"6":{"start":{"line":42,"column":14},"end":{"line":42,"column":28}},"7":{"start":{"line":44,"column":21},"end":{"line":44,"column":72}},"8":{"start":{"line":46,"column":4},"end":{"line":51,"column":5}},"9":{"start":{"line":47,"column":8},"end":{"line":47,"column":33}},"10":{"start":{"line":49,"column":26},"end":{"line":49,"column":80}},"11":{"start":{"line":50,"column":8},"end":{"line":50,"column":34}},"12":{"start":{"line":54,"column":0},"end":{"line":54,"column":21}}},"fnMap":{"0":{"name":"(anonymous_0)","decl":{"start":{"line":40,"column":23},"end":{"line":40,"column":24}},"loc":{"start":{"line":40,"column":37},"end":{"line":52,"column":1}},"line":40}},"branchMap":{"0":{"loc":{"start":{"line":46,"column":4},"end":{"line":51,"column":5}},"type":"if","locations":[{"start":{"line":46,"column":4},"end":{"line":51,"column":5}},{"start":{"line":48,"column":11},"end":{"line":51,"column":5}}],"line":46}},"s":{"0":1,"1":1,"2":1,"3":1,"4":1,"5":0,"6":0,"7":0,"8":0,"9":0,"10":0,"11":0,"12":1},"f":{"0":0},"b":{"0":[0,0]},"_coverageSchema":"1a1c01bbd47fc00a2c39e90264f33305004495a9","hash":"4a3ee3d6f606f8aed6fb8d948658a5ceef0b4682"}
,"/home/marcelo/Escritorio/workspace-stocker/stockerSinCambios/Backend/GR07-EquipoStocker-BackEnd/routes/login.js": {"path":"/home/marcelo/Escritorio/workspace-stocker/stockerSinCambios/Backend/GR07-EquipoStocker-BackEnd/routes/login.js","statementMap":{"0":{"start":{"line":9,"column":14},"end":{"line":9,"column":32}},"1":{"start":{"line":10,"column":10},"end":{"line":10,"column":19}},"2":{"start":{"line":12,"column":13},"end":{"line":12,"column":32}},"3":{"start":{"line":14,"column":10},"end":{"line":14,"column":33}},"4":{"start":{"line":15,"column":14},"end":{"line":15,"column":42}},"5":{"start":{"line":17,"column":11},"end":{"line":17,"column":43}},"6":{"start":{"line":66,"column":0},"end":{"line":110,"column":3}},"7":{"start":{"line":67,"column":15},"end":{"line":67,"column":23}},"8":{"start":{"line":69,"column":4},"end":{"line":109,"column":7}},"9":{"start":{"line":70,"column":8},"end":{"line":76,"column":9}},"10":{"start":{"line":71,"column":12},"end":{"line":75,"column":15}},"11":{"start":{"line":77,"column":8},"end":{"line":84,"column":9}},"12":{"start":{"line":78,"column":12},"end":{"line":82,"column":15}},"13":{"start":{"line":85,"column":8},"end":{"line":91,"column":9}},"14":{"start":{"line":86,"column":12},"end":{"line":90,"column":15}},"15":{"start":{"line":92,"column":8},"end":{"line":98,"column":9}},"16":{"start":{"line":93,"column":12},"end":{"line":97,"column":14}},"17":{"start":{"line":99,"column":8},"end":{"line":99,"column":34}},"18":{"start":{"line":100,"column":20},"end":{"line":100,"column":80}},"19":{"start":{"line":102,"column":8},"end":{"line":107,"column":11}},"20":{"start":{"line":111,"column":0},"end":{"line":111,"column":21}}},"fnMap":{"0":{"name":"(anonymous_0)","decl":{"start":{"line":66,"column":14},"end":{"line":66,"column":15}},"loc":{"start":{"line":66,"column":28},"end":{"line":110,"column":1}},"line":66},"1":{"name":"(anonymous_1)","decl":{"start":{"line":69,"column":43},"end":{"line":69,"column":44}},"loc":{"start":{"line":69,"column":63},"end":{"line":109,"column":5}},"line":69}},"branchMap":{"0":{"loc":{"start":{"line":70,"column":8},"end":{"line":76,"column":9}},"type":"if","locations":[{"start":{"line":70,"column":8},"end":{"line":76,"column":9}},{"start":{},"end":{}}],"line":70},"1":{"loc":{"start":{"line":77,"column":8},"end":{"line":84,"column":9}},"type":"if","locations":[{"start":{"line":77,"column":8},"end":{"line":84,"column":9}},{"start":{},"end":{}}],"line":77},"2":{"loc":{"start":{"line":85,"column":8},"end":{"line":91,"column":9}},"type":"if","locations":[{"start":{"line":85,"column":8},"end":{"line":91,"column":9}},{"start":{},"end":{}}],"line":85},"3":{"loc":{"start":{"line":92,"column":8},"end":{"line":98,"column":9}},"type":"if","locations":[{"start":{"line":92,"column":8},"end":{"line":98,"column":9}},{"start":{},"end":{}}],"line":92}},"s":{"0":1,"1":1,"2":1,"3":1,"4":1,"5":1,"6":1,"7":1,"8":1,"9":1,"10":0,"11":1,"12":0,"13":1,"14":1,"15":0,"16":0,"17":0,"18":0,"19":0,"20":1},"f":{"0":1,"1":1},"b":{"0":[0,1],"1":[0,1],"2":[1,0],"3":[0,0]},"_coverageSchema":"1a1c01bbd47fc00a2c39e90264f33305004495a9","hash":"d1dc7a4e877a7eb39def0fb6e6fcde88924f2c86"}
,"/home/marcelo/Escritorio/workspace-stocker/stockerSinCambios/Backend/GR07-EquipoStocker-BackEnd/routes/pedido.js": {"path":"/home/marcelo/Escritorio/workspace-stocker/stockerSinCambios/Backend/GR07-EquipoStocker-BackEnd/routes/pedido.js","statementMap":{"0":{"start":{"line":8,"column":14},"end":{"line":8,"column":32}},"1":{"start":{"line":9,"column":10},"end":{"line":9,"column":19}},"2":{"start":{"line":10,"column":13},"end":{"line":10,"column":40}},"3":{"start":{"line":11,"column":22},"end":{"line":11,"column":61}},"4":{"start":{"line":12,"column":16},"end":{"line":12,"column":44}},"5":{"start":{"line":13,"column":15},"end":{"line":13,"column":44}},"6":{"start":{"line":14,"column":14},"end":{"line":14,"column":42}},"7":{"start":{"line":15,"column":15},"end":{"line":15,"column":33}},"8":{"start":{"line":60,"column":0},"end":{"line":88,"column":3}},"9":{"start":{"line":61,"column":16},"end":{"line":61,"column":37}},"10":{"start":{"line":62,"column":4},"end":{"line":62,"column":26}},"11":{"start":{"line":64,"column":4},"end":{"line":87,"column":11}},"12":{"start":{"line":71,"column":12},"end":{"line":77,"column":13}},"13":{"start":{"line":72,"column":16},"end":{"line":76,"column":19}},"14":{"start":{"line":78,"column":12},"end":{"line":86,"column":15}},"15":{"start":{"line":79,"column":16},"end":{"line":85,"column":19}},"16":{"start":{"line":129,"column":0},"end":{"line":157,"column":3}},"17":{"start":{"line":130,"column":16},"end":{"line":130,"column":37}},"18":{"start":{"line":131,"column":4},"end":{"line":131,"column":26}},"19":{"start":{"line":132,"column":12},"end":{"line":132,"column":13}},"20":{"start":{"line":133,"column":13},"end":{"line":133,"column":26}},"21":{"start":{"line":134,"column":17},"end":{"line":134,"column":19}},"22":{"start":{"line":135,"column":4},"end":{"line":135,"column":15}},"23":{"start":{"line":136,"column":4},"end":{"line":156,"column":7}},"24":{"start":{"line":137,"column":8},"end":{"line":143,"column":9}},"25":{"start":{"line":138,"column":12},"end":{"line":142,"column":15}},"26":{"start":{"line":144,"column":8},"end":{"line":150,"column":9}},"27":{"start":{"line":145,"column":12},"end":{"line":149,"column":15}},"28":{"start":{"line":151,"column":8},"end":{"line":155,"column":11}},"29":{"start":{"line":208,"column":0},"end":{"line":242,"column":3}},"30":{"start":{"line":209,"column":16},"end":{"line":209,"column":37}},"31":{"start":{"line":210,"column":4},"end":{"line":210,"column":26}},"32":{"start":{"line":211,"column":12},"end":{"line":211,"column":13}},"33":{"start":{"line":212,"column":13},"end":{"line":212,"column":26}},"34":{"start":{"line":213,"column":17},"end":{"line":213,"column":19}},"35":{"start":{"line":214,"column":4},"end":{"line":214,"column":15}},"36":{"start":{"line":216,"column":4},"end":{"line":241,"column":11}},"37":{"start":{"line":221,"column":12},"end":{"line":227,"column":13}},"38":{"start":{"line":222,"column":16},"end":{"line":226,"column":19}},"39":{"start":{"line":228,"column":12},"end":{"line":233,"column":13}},"40":{"start":{"line":229,"column":16},"end":{"line":232,"column":17}},"41":{"start":{"line":230,"column":20},"end":{"line":230,"column":44}},"42":{"start":{"line":231,"column":20},"end":{"line":231,"column":40}},"43":{"start":{"line":234,"column":12},"end":{"line":240,"column":15}},"44":{"start":{"line":275,"column":0},"end":{"line":341,"column":3}},"45":{"start":{"line":276,"column":15},"end":{"line":276,"column":23}},"46":{"start":{"line":277,"column":25},"end":{"line":277,"column":26}},"47":{"start":{"line":279,"column":19},"end":{"line":340,"column":6}},"48":{"start":{"line":280,"column":8},"end":{"line":286,"column":9}},"49":{"start":{"line":281,"column":12},"end":{"line":285,"column":15}},"50":{"start":{"line":287,"column":8},"end":{"line":293,"column":9}},"51":{"start":{"line":288,"column":12},"end":{"line":292,"column":15}},"52":{"start":{"line":295,"column":8},"end":{"line":301,"column":9}},"53":{"start":{"line":296,"column":12},"end":{"line":300,"column":15}},"54":{"start":{"line":303,"column":22},"end":{"line":303,"column":30}},"55":{"start":{"line":304,"column":28},"end":{"line":304,"column":42}},"56":{"start":{"line":306,"column":21},"end":{"line":314,"column":10}},"57":{"start":{"line":316,"column":8},"end":{"line":325,"column":9}},"58":{"start":{"line":317,"column":12},"end":{"line":317,"column":60}},"59":{"start":{"line":318,"column":12},"end":{"line":318,"column":36}},"60":{"start":{"line":320,"column":12},"end":{"line":324,"column":15}},"61":{"start":{"line":327,"column":8},"end":{"line":339,"column":11}},"62":{"start":{"line":328,"column":12},"end":{"line":334,"column":13}},"63":{"start":{"line":329,"column":16},"end":{"line":333,"column":19}},"64":{"start":{"line":335,"column":12},"end":{"line":338,"column":15}},"65":{"start":{"line":380,"column":0},"end":{"line":559,"column":3}},"66":{"start":{"line":381,"column":13},"end":{"line":381,"column":26}},"67":{"start":{"line":382,"column":15},"end":{"line":382,"column":23}},"68":{"start":{"line":383,"column":22},"end":{"line":383,"column":23}},"69":{"start":{"line":384,"column":4},"end":{"line":558,"column":7}},"70":{"start":{"line":385,"column":8},"end":{"line":391,"column":9}},"71":{"start":{"line":386,"column":12},"end":{"line":390,"column":15}},"72":{"start":{"line":392,"column":8},"end":{"line":398,"column":9}},"73":{"start":{"line":393,"column":12},"end":{"line":397,"column":15}},"74":{"start":{"line":399,"column":8},"end":{"line":411,"column":9}},"75":{"start":{"line":400,"column":12},"end":{"line":400,"column":40}},"76":{"start":{"line":401,"column":35},"end":{"line":403,"column":14}},"77":{"start":{"line":404,"column":12},"end":{"line":409,"column":15}},"78":{"start":{"line":405,"column":16},"end":{"line":408,"column":19}},"79":{"start":{"line":412,"column":8},"end":{"line":418,"column":9}},"80":{"start":{"line":413,"column":12},"end":{"line":417,"column":15}},"81":{"start":{"line":420,"column":8},"end":{"line":557,"column":11}},"82":{"start":{"line":421,"column":12},"end":{"line":427,"column":13}},"83":{"start":{"line":422,"column":16},"end":{"line":426,"column":19}},"84":{"start":{"line":428,"column":12},"end":{"line":434,"column":13}},"85":{"start":{"line":429,"column":16},"end":{"line":433,"column":19}},"86":{"start":{"line":435,"column":12},"end":{"line":556,"column":13}},"87":{"start":{"line":437,"column":16},"end":{"line":501,"column":19}},"88":{"start":{"line":438,"column":20},"end":{"line":444,"column":21}},"89":{"start":{"line":439,"column":24},"end":{"line":443,"column":27}},"90":{"start":{"line":445,"column":20},"end":{"line":451,"column":21}},"91":{"start":{"line":446,"column":24},"end":{"line":450,"column":27}},"92":{"start":{"line":453,"column":20},"end":{"line":476,"column":21}},"93":{"start":{"line":454,"column":24},"end":{"line":454,"column":82}},"94":{"start":{"line":455,"column":24},"end":{"line":455,"column":58}},"95":{"start":{"line":456,"column":24},"end":{"line":456,"column":74}},"96":{"start":{"line":457,"column":24},"end":{"line":457,"column":48}},"97":{"start":{"line":459,"column":27},"end":{"line":476,"column":21}},"98":{"start":{"line":460,"column":24},"end":{"line":460,"column":82}},"99":{"start":{"line":461,"column":24},"end":{"line":461,"column":58}},"100":{"start":{"line":462,"column":24},"end":{"line":462,"column":74}},"101":{"start":{"line":463,"column":24},"end":{"line":463,"column":48}},"102":{"start":{"line":465,"column":27},"end":{"line":476,"column":21}},"103":{"start":{"line":466,"column":24},"end":{"line":466,"column":54}},"104":{"start":{"line":467,"column":27},"end":{"line":476,"column":21}},"105":{"start":{"line":468,"column":24},"end":{"line":468,"column":84}},"106":{"start":{"line":469,"column":24},"end":{"line":469,"column":58}},"107":{"start":{"line":471,"column":24},"end":{"line":475,"column":27}},"108":{"start":{"line":478,"column":20},"end":{"line":478,"column":50}},"109":{"start":{"line":479,"column":20},"end":{"line":479,"column":52}},"110":{"start":{"line":480,"column":20},"end":{"line":480,"column":52}},"111":{"start":{"line":481,"column":20},"end":{"line":481,"column":48}},"112":{"start":{"line":482,"column":20},"end":{"line":482,"column":72}},"113":{"start":{"line":483,"column":20},"end":{"line":483,"column":50}},"114":{"start":{"line":484,"column":43},"end":{"line":486,"column":22}},"115":{"start":{"line":488,"column":20},"end":{"line":500,"column":23}},"116":{"start":{"line":489,"column":24},"end":{"line":495,"column":25}},"117":{"start":{"line":490,"column":28},"end":{"line":494,"column":31}},"118":{"start":{"line":496,"column":24},"end":{"line":499,"column":27}},"119":{"start":{"line":503,"column":16},"end":{"line":531,"column":17}},"120":{"start":{"line":504,"column":20},"end":{"line":524,"column":21}},"121":{"start":{"line":505,"column":24},"end":{"line":505,"column":70}},"122":{"start":{"line":506,"column":24},"end":{"line":506,"column":70}},"123":{"start":{"line":507,"column":24},"end":{"line":507,"column":48}},"124":{"start":{"line":508,"column":27},"end":{"line":524,"column":21}},"125":{"start":{"line":509,"column":24},"end":{"line":509,"column":70}},"126":{"start":{"line":510,"column":24},"end":{"line":510,"column":70}},"127":{"start":{"line":511,"column":24},"end":{"line":511,"column":48}},"128":{"start":{"line":513,"column":27},"end":{"line":524,"column":21}},"129":{"start":{"line":514,"column":24},"end":{"line":514,"column":54}},"130":{"start":{"line":515,"column":27},"end":{"line":524,"column":21}},"131":{"start":{"line":516,"column":24},"end":{"line":516,"column":74}},"132":{"start":{"line":517,"column":24},"end":{"line":517,"column":48}},"133":{"start":{"line":519,"column":24},"end":{"line":523,"column":27}},"134":{"start":{"line":526,"column":20},"end":{"line":530,"column":23}},"135":{"start":{"line":533,"column":16},"end":{"line":533,"column":46}},"136":{"start":{"line":534,"column":16},"end":{"line":534,"column":48}},"137":{"start":{"line":535,"column":16},"end":{"line":535,"column":48}},"138":{"start":{"line":536,"column":16},"end":{"line":536,"column":44}},"139":{"start":{"line":537,"column":16},"end":{"line":537,"column":63}},"140":{"start":{"line":538,"column":16},"end":{"line":538,"column":46}},"141":{"start":{"line":539,"column":39},"end":{"line":541,"column":18}},"142":{"start":{"line":543,"column":16},"end":{"line":555,"column":19}},"143":{"start":{"line":544,"column":20},"end":{"line":550,"column":21}},"144":{"start":{"line":545,"column":24},"end":{"line":549,"column":27}},"145":{"start":{"line":551,"column":20},"end":{"line":554,"column":23}},"146":{"start":{"line":593,"column":0},"end":{"line":651,"column":3}},"147":{"start":{"line":594,"column":13},"end":{"line":594,"column":26}},"148":{"start":{"line":596,"column":4},"end":{"line":629,"column":7}},"149":{"start":{"line":597,"column":8},"end":{"line":603,"column":9}},"150":{"start":{"line":598,"column":12},"end":{"line":602,"column":15}},"151":{"start":{"line":604,"column":8},"end":{"line":610,"column":9}},"152":{"start":{"line":605,"column":12},"end":{"line":609,"column":15}},"153":{"start":{"line":611,"column":8},"end":{"line":628,"column":11}},"154":{"start":{"line":612,"column":12},"end":{"line":618,"column":13}},"155":{"start":{"line":613,"column":16},"end":{"line":617,"column":19}},"156":{"start":{"line":619,"column":12},"end":{"line":625,"column":13}},"157":{"start":{"line":620,"column":16},"end":{"line":624,"column":19}},"158":{"start":{"line":626,"column":12},"end":{"line":626,"column":62}},"159":{"start":{"line":627,"column":12},"end":{"line":627,"column":36}},"160":{"start":{"line":631,"column":4},"end":{"line":650,"column":7}},"161":{"start":{"line":632,"column":8},"end":{"line":638,"column":9}},"162":{"start":{"line":633,"column":12},"end":{"line":637,"column":15}},"163":{"start":{"line":639,"column":8},"end":{"line":645,"column":9}},"164":{"start":{"line":640,"column":12},"end":{"line":644,"column":15}},"165":{"start":{"line":646,"column":8},"end":{"line":649,"column":11}},"166":{"start":{"line":653,"column":0},"end":{"line":653,"column":21}}},"fnMap":{"0":{"name":"(anonymous_0)","decl":{"start":{"line":60,"column":13},"end":{"line":60,"column":14}},"loc":{"start":{"line":60,"column":27},"end":{"line":88,"column":1}},"line":60},"1":{"name":"(anonymous_1)","decl":{"start":{"line":70,"column":14},"end":{"line":70,"column":15}},"loc":{"start":{"line":70,"column":53},"end":{"line":87,"column":9}},"line":70},"2":{"name":"(anonymous_2)","decl":{"start":{"line":78,"column":29},"end":{"line":78,"column":30}},"loc":{"start":{"line":78,"column":46},"end":{"line":86,"column":13}},"line":78},"3":{"name":"(anonymous_3)","decl":{"start":{"line":129,"column":16},"end":{"line":129,"column":17}},"loc":{"start":{"line":129,"column":30},"end":{"line":157,"column":1}},"line":129},"4":{"name":"(anonymous_4)","decl":{"start":{"line":136,"column":24},"end":{"line":136,"column":25}},"loc":{"start":{"line":136,"column":41},"end":{"line":156,"column":5}},"line":136},"5":{"name":"(anonymous_5)","decl":{"start":{"line":208,"column":24},"end":{"line":208,"column":25}},"loc":{"start":{"line":208,"column":38},"end":{"line":242,"column":1}},"line":208},"6":{"name":"(anonymous_6)","decl":{"start":{"line":220,"column":14},"end":{"line":220,"column":15}},"loc":{"start":{"line":220,"column":53},"end":{"line":241,"column":9}},"line":220},"7":{"name":"(anonymous_7)","decl":{"start":{"line":275,"column":45},"end":{"line":275,"column":46}},"loc":{"start":{"line":275,"column":59},"end":{"line":341,"column":1}},"line":275},"8":{"name":"(anonymous_8)","decl":{"start":{"line":279,"column":52},"end":{"line":279,"column":53}},"loc":{"start":{"line":279,"column":71},"end":{"line":340,"column":5}},"line":279},"9":{"name":"(anonymous_9)","decl":{"start":{"line":327,"column":20},"end":{"line":327,"column":21}},"loc":{"start":{"line":327,"column":45},"end":{"line":339,"column":9}},"line":327},"10":{"name":"(anonymous_10)","decl":{"start":{"line":380,"column":47},"end":{"line":380,"column":48}},"loc":{"start":{"line":380,"column":61},"end":{"line":559,"column":1}},"line":380},"11":{"name":"(anonymous_11)","decl":{"start":{"line":384,"column":24},"end":{"line":384,"column":25}},"loc":{"start":{"line":384,"column":41},"end":{"line":558,"column":5}},"line":384},"12":{"name":"(anonymous_12)","decl":{"start":{"line":404,"column":31},"end":{"line":404,"column":32}},"loc":{"start":{"line":404,"column":51},"end":{"line":409,"column":13}},"line":404},"13":{"name":"(anonymous_13)","decl":{"start":{"line":420,"column":43},"end":{"line":420,"column":44}},"loc":{"start":{"line":420,"column":62},"end":{"line":557,"column":9}},"line":420},"14":{"name":"(anonymous_14)","decl":{"start":{"line":437,"column":49},"end":{"line":437,"column":50}},"loc":{"start":{"line":437,"column":73},"end":{"line":501,"column":17}},"line":437},"15":{"name":"(anonymous_15)","decl":{"start":{"line":488,"column":32},"end":{"line":488,"column":33}},"loc":{"start":{"line":488,"column":57},"end":{"line":500,"column":21}},"line":488},"16":{"name":"(anonymous_16)","decl":{"start":{"line":543,"column":28},"end":{"line":543,"column":29}},"loc":{"start":{"line":543,"column":53},"end":{"line":555,"column":17}},"line":543},"17":{"name":"(anonymous_17)","decl":{"start":{"line":593,"column":50},"end":{"line":593,"column":51}},"loc":{"start":{"line":593,"column":64},"end":{"line":651,"column":1}},"line":593},"18":{"name":"(anonymous_18)","decl":{"start":{"line":596,"column":24},"end":{"line":596,"column":25}},"loc":{"start":{"line":596,"column":41},"end":{"line":629,"column":5}},"line":596},"19":{"name":"(anonymous_19)","decl":{"start":{"line":611,"column":43},"end":{"line":611,"column":44}},"loc":{"start":{"line":611,"column":62},"end":{"line":628,"column":9}},"line":611},"20":{"name":"(anonymous_20)","decl":{"start":{"line":631,"column":33},"end":{"line":631,"column":34}},"loc":{"start":{"line":631,"column":57},"end":{"line":650,"column":5}},"line":631}},"branchMap":{"0":{"loc":{"start":{"line":61,"column":16},"end":{"line":61,"column":37}},"type":"binary-expr","locations":[{"start":{"line":61,"column":16},"end":{"line":61,"column":32}},{"start":{"line":61,"column":36},"end":{"line":61,"column":37}}],"line":61},"1":{"loc":{"start":{"line":71,"column":12},"end":{"line":77,"column":13}},"type":"if","locations":[{"start":{"line":71,"column":12},"end":{"line":77,"column":13}},{"start":{},"end":{}}],"line":71},"2":{"loc":{"start":{"line":130,"column":16},"end":{"line":130,"column":37}},"type":"binary-expr","locations":[{"start":{"line":130,"column":16},"end":{"line":130,"column":32}},{"start":{"line":130,"column":36},"end":{"line":130,"column":37}}],"line":130},"3":{"loc":{"start":{"line":137,"column":8},"end":{"line":143,"column":9}},"type":"if","locations":[{"start":{"line":137,"column":8},"end":{"line":143,"column":9}},{"start":{},"end":{}}],"line":137},"4":{"loc":{"start":{"line":144,"column":8},"end":{"line":150,"column":9}},"type":"if","locations":[{"start":{"line":144,"column":8},"end":{"line":150,"column":9}},{"start":{},"end":{}}],"line":144},"5":{"loc":{"start":{"line":209,"column":16},"end":{"line":209,"column":37}},"type":"binary-expr","locations":[{"start":{"line":209,"column":16},"end":{"line":209,"column":32}},{"start":{"line":209,"column":36},"end":{"line":209,"column":37}}],"line":209},"6":{"loc":{"start":{"line":221,"column":12},"end":{"line":227,"column":13}},"type":"if","locations":[{"start":{"line":221,"column":12},"end":{"line":227,"column":13}},{"start":{},"end":{}}],"line":221},"7":{"loc":{"start":{"line":229,"column":16},"end":{"line":232,"column":17}},"type":"if","locations":[{"start":{"line":229,"column":16},"end":{"line":232,"column":17}},{"start":{},"end":{}}],"line":229},"8":{"loc":{"start":{"line":280,"column":8},"end":{"line":286,"column":9}},"type":"if","locations":[{"start":{"line":280,"column":8},"end":{"line":286,"column":9}},{"start":{},"end":{}}],"line":280},"9":{"loc":{"start":{"line":287,"column":8},"end":{"line":293,"column":9}},"type":"if","locations":[{"start":{"line":287,"column":8},"end":{"line":293,"column":9}},{"start":{},"end":{}}],"line":287},"10":{"loc":{"start":{"line":295,"column":8},"end":{"line":301,"column":9}},"type":"if","locations":[{"start":{"line":295,"column":8},"end":{"line":301,"column":9}},{"start":{},"end":{}}],"line":295},"11":{"loc":{"start":{"line":316,"column":8},"end":{"line":325,"column":9}},"type":"if","locations":[{"start":{"line":316,"column":8},"end":{"line":325,"column":9}},{"start":{"line":319,"column":15},"end":{"line":325,"column":9}}],"line":316},"12":{"loc":{"start":{"line":328,"column":12},"end":{"line":334,"column":13}},"type":"if","locations":[{"start":{"line":328,"column":12},"end":{"line":334,"column":13}},{"start":{},"end":{}}],"line":328},"13":{"loc":{"start":{"line":385,"column":8},"end":{"line":391,"column":9}},"type":"if","locations":[{"start":{"line":385,"column":8},"end":{"line":391,"column":9}},{"start":{},"end":{}}],"line":385},"14":{"loc":{"start":{"line":392,"column":8},"end":{"line":398,"column":9}},"type":"if","locations":[{"start":{"line":392,"column":8},"end":{"line":398,"column":9}},{"start":{},"end":{}}],"line":392},"15":{"loc":{"start":{"line":399,"column":8},"end":{"line":411,"column":9}},"type":"if","locations":[{"start":{"line":399,"column":8},"end":{"line":411,"column":9}},{"start":{},"end":{}}],"line":399},"16":{"loc":{"start":{"line":399,"column":12},"end":{"line":399,"column":70}},"type":"binary-expr","locations":[{"start":{"line":399,"column":12},"end":{"line":399,"column":40}},{"start":{"line":399,"column":44},"end":{"line":399,"column":70}}],"line":399},"17":{"loc":{"start":{"line":412,"column":8},"end":{"line":418,"column":9}},"type":"if","locations":[{"start":{"line":412,"column":8},"end":{"line":418,"column":9}},{"start":{},"end":{}}],"line":412},"18":{"loc":{"start":{"line":421,"column":12},"end":{"line":427,"column":13}},"type":"if","locations":[{"start":{"line":421,"column":12},"end":{"line":427,"column":13}},{"start":{},"end":{}}],"line":421},"19":{"loc":{"start":{"line":428,"column":12},"end":{"line":434,"column":13}},"type":"if","locations":[{"start":{"line":428,"column":12},"end":{"line":434,"column":13}},{"start":{},"end":{}}],"line":428},"20":{"loc":{"start":{"line":435,"column":12},"end":{"line":556,"column":13}},"type":"if","locations":[{"start":{"line":435,"column":12},"end":{"line":556,"column":13}},{"start":{"line":502,"column":19},"end":{"line":556,"column":13}}],"line":435},"21":{"loc":{"start":{"line":438,"column":20},"end":{"line":444,"column":21}},"type":"if","locations":[{"start":{"line":438,"column":20},"end":{"line":444,"column":21}},{"start":{},"end":{}}],"line":438},"22":{"loc":{"start":{"line":445,"column":20},"end":{"line":451,"column":21}},"type":"if","locations":[{"start":{"line":445,"column":20},"end":{"line":451,"column":21}},{"start":{},"end":{}}],"line":445},"23":{"loc":{"start":{"line":453,"column":20},"end":{"line":476,"column":21}},"type":"if","locations":[{"start":{"line":453,"column":20},"end":{"line":476,"column":21}},{"start":{"line":459,"column":27},"end":{"line":476,"column":21}}],"line":453},"24":{"loc":{"start":{"line":453,"column":24},"end":{"line":453,"column":121}},"type":"binary-expr","locations":[{"start":{"line":453,"column":24},"end":{"line":453,"column":59}},{"start":{"line":453,"column":64},"end":{"line":453,"column":88}},{"start":{"line":453,"column":92},"end":{"line":453,"column":120}}],"line":453},"25":{"loc":{"start":{"line":459,"column":27},"end":{"line":476,"column":21}},"type":"if","locations":[{"start":{"line":459,"column":27},"end":{"line":476,"column":21}},{"start":{"line":465,"column":27},"end":{"line":476,"column":21}}],"line":459},"26":{"loc":{"start":{"line":459,"column":31},"end":{"line":459,"column":124}},"type":"binary-expr","locations":[{"start":{"line":459,"column":31},"end":{"line":459,"column":62}},{"start":{"line":459,"column":67},"end":{"line":459,"column":91}},{"start":{"line":459,"column":95},"end":{"line":459,"column":123}}],"line":459},"27":{"loc":{"start":{"line":465,"column":27},"end":{"line":476,"column":21}},"type":"if","locations":[{"start":{"line":465,"column":27},"end":{"line":476,"column":21}},{"start":{"line":467,"column":27},"end":{"line":476,"column":21}}],"line":465},"28":{"loc":{"start":{"line":465,"column":31},"end":{"line":465,"column":125}},"type":"binary-expr","locations":[{"start":{"line":465,"column":31},"end":{"line":465,"column":63}},{"start":{"line":465,"column":68},"end":{"line":465,"column":92}},{"start":{"line":465,"column":96},"end":{"line":465,"column":124}}],"line":465},"29":{"loc":{"start":{"line":467,"column":27},"end":{"line":476,"column":21}},"type":"if","locations":[{"start":{"line":467,"column":27},"end":{"line":476,"column":21}},{"start":{"line":470,"column":27},"end":{"line":476,"column":21}}],"line":467},"30":{"loc":{"start":{"line":489,"column":24},"end":{"line":495,"column":25}},"type":"if","locations":[{"start":{"line":489,"column":24},"end":{"line":495,"column":25}},{"start":{},"end":{}}],"line":489},"31":{"loc":{"start":{"line":503,"column":16},"end":{"line":531,"column":17}},"type":"if","locations":[{"start":{"line":503,"column":16},"end":{"line":531,"column":17}},{"start":{"line":525,"column":23},"end":{"line":531,"column":17}}],"line":503},"32":{"loc":{"start":{"line":503,"column":20},"end":{"line":503,"column":112}},"type":"binary-expr","locations":[{"start":{"line":503,"column":20},"end":{"line":503,"column":50}},{"start":{"line":503,"column":55},"end":{"line":503,"column":79}},{"start":{"line":503,"column":83},"end":{"line":503,"column":111}}],"line":503},"33":{"loc":{"start":{"line":504,"column":20},"end":{"line":524,"column":21}},"type":"if","locations":[{"start":{"line":504,"column":20},"end":{"line":524,"column":21}},{"start":{"line":508,"column":27},"end":{"line":524,"column":21}}],"line":504},"34":{"loc":{"start":{"line":508,"column":27},"end":{"line":524,"column":21}},"type":"if","locations":[{"start":{"line":508,"column":27},"end":{"line":524,"column":21}},{"start":{"line":513,"column":27},"end":{"line":524,"column":21}}],"line":508},"35":{"loc":{"start":{"line":508,"column":31},"end":{"line":508,"column":124}},"type":"binary-expr","locations":[{"start":{"line":508,"column":31},"end":{"line":508,"column":62}},{"start":{"line":508,"column":67},"end":{"line":508,"column":91}},{"start":{"line":508,"column":95},"end":{"line":508,"column":123}}],"line":508},"36":{"loc":{"start":{"line":513,"column":27},"end":{"line":524,"column":21}},"type":"if","locations":[{"start":{"line":513,"column":27},"end":{"line":524,"column":21}},{"start":{"line":515,"column":27},"end":{"line":524,"column":21}}],"line":513},"37":{"loc":{"start":{"line":513,"column":31},"end":{"line":513,"column":125}},"type":"binary-expr","locations":[{"start":{"line":513,"column":31},"end":{"line":513,"column":63}},{"start":{"line":513,"column":68},"end":{"line":513,"column":92}},{"start":{"line":513,"column":96},"end":{"line":513,"column":124}}],"line":513},"38":{"loc":{"start":{"line":515,"column":27},"end":{"line":524,"column":21}},"type":"if","locations":[{"start":{"line":515,"column":27},"end":{"line":524,"column":21}},{"start":{"line":518,"column":27},"end":{"line":524,"column":21}}],"line":515},"39":{"loc":{"start":{"line":544,"column":20},"end":{"line":550,"column":21}},"type":"if","locations":[{"start":{"line":544,"column":20},"end":{"line":550,"column":21}},{"start":{},"end":{}}],"line":544},"40":{"loc":{"start":{"line":597,"column":8},"end":{"line":603,"column":9}},"type":"if","locations":[{"start":{"line":597,"column":8},"end":{"line":603,"column":9}},{"start":{},"end":{}}],"line":597},"41":{"loc":{"start":{"line":604,"column":8},"end":{"line":610,"column":9}},"type":"if","locations":[{"start":{"line":604,"column":8},"end":{"line":610,"column":9}},{"start":{},"end":{}}],"line":604},"42":{"loc":{"start":{"line":612,"column":12},"end":{"line":618,"column":13}},"type":"if","locations":[{"start":{"line":612,"column":12},"end":{"line":618,"column":13}},{"start":{},"end":{}}],"line":612},"43":{"loc":{"start":{"line":619,"column":12},"end":{"line":625,"column":13}},"type":"if","locations":[{"start":{"line":619,"column":12},"end":{"line":625,"column":13}},{"start":{},"end":{}}],"line":619},"44":{"loc":{"start":{"line":632,"column":8},"end":{"line":638,"column":9}},"type":"if","locations":[{"start":{"line":632,"column":8},"end":{"line":638,"column":9}},{"start":{},"end":{}}],"line":632},"45":{"loc":{"start":{"line":639,"column":8},"end":{"line":645,"column":9}},"type":"if","locations":[{"start":{"line":639,"column":8},"end":{"line":645,"column":9}},{"start":{},"end":{}}],"line":639}},"s":{"0":1,"1":1,"2":1,"3":1,"4":1,"5":1,"6":1,"7":1,"8":1,"9":0,"10":0,"11":0,"12":0,"13":0,"14":0,"15":0,"16":1,"17":0,"18":0,"19":0,"20":0,"21":0,"22":0,"23":0,"24":0,"25":0,"26":0,"27":0,"28":0,"29":1,"30":0,"31":0,"32":0,"33":0,"34":0,"35":0,"36":0,"37":0,"38":0,"39":0,"40":0,"41":0,"42":0,"43":0,"44":1,"45":0,"46":0,"47":0,"48":0,"49":0,"50":0,"51":0,"52":0,"53":0,"54":0,"55":0,"56":0,"57":0,"58":0,"59":0,"60":0,"61":0,"62":0,"63":0,"64":0,"65":1,"66":0,"67":0,"68":0,"69":0,"70":0,"71":0,"72":0,"73":0,"74":0,"75":0,"76":0,"77":0,"78":0,"79":0,"80":0,"81":0,"82":0,"83":0,"84":0,"85":0,"86":0,"87":0,"88":0,"89":0,"90":0,"91":0,"92":0,"93":0,"94":0,"95":0,"96":0,"97":0,"98":0,"99":0,"100":0,"101":0,"102":0,"103":0,"104":0,"105":0,"106":0,"107":0,"108":0,"109":0,"110":0,"111":0,"112":0,"113":0,"114":0,"115":0,"116":0,"117":0,"118":0,"119":0,"120":0,"121":0,"122":0,"123":0,"124":0,"125":0,"126":0,"127":0,"128":0,"129":0,"130":0,"131":0,"132":0,"133":0,"134":0,"135":0,"136":0,"137":0,"138":0,"139":0,"140":0,"141":0,"142":0,"143":0,"144":0,"145":0,"146":1,"147":0,"148":0,"149":0,"150":0,"151":0,"152":0,"153":0,"154":0,"155":0,"156":0,"157":0,"158":0,"159":0,"160":0,"161":0,"162":0,"163":0,"164":0,"165":0,"166":1},"f":{"0":0,"1":0,"2":0,"3":0,"4":0,"5":0,"6":0,"7":0,"8":0,"9":0,"10":0,"11":0,"12":0,"13":0,"14":0,"15":0,"16":0,"17":0,"18":0,"19":0,"20":0},"b":{"0":[0,0],"1":[0,0],"2":[0,0],"3":[0,0],"4":[0,0],"5":[0,0],"6":[0,0],"7":[0,0],"8":[0,0],"9":[0,0],"10":[0,0],"11":[0,0],"12":[0,0],"13":[0,0],"14":[0,0],"15":[0,0],"16":[0,0],"17":[0,0],"18":[0,0],"19":[0,0],"20":[0,0],"21":[0,0],"22":[0,0],"23":[0,0],"24":[0,0,0],"25":[0,0],"26":[0,0,0],"27":[0,0],"28":[0,0,0],"29":[0,0],"30":[0,0],"31":[0,0],"32":[0,0,0],"33":[0,0],"34":[0,0],"35":[0,0,0],"36":[0,0],"37":[0,0,0],"38":[0,0],"39":[0,0],"40":[0,0],"41":[0,0],"42":[0,0],"43":[0,0],"44":[0,0],"45":[0,0]},"_coverageSchema":"1a1c01bbd47fc00a2c39e90264f33305004495a9","hash":"6ced15c6cf76be14b44b9f68049cf3a9fbc6aedd"}
,"/home/marcelo/Escritorio/workspace-stocker/stockerSinCambios/Backend/GR07-EquipoStocker-BackEnd/routes/producto.js": {"path":"/home/marcelo/Escritorio/workspace-stocker/stockerSinCambios/Backend/GR07-EquipoStocker-BackEnd/routes/producto.js","statementMap":{"0":{"start":{"line":9,"column":14},"end":{"line":9,"column":32}},"1":{"start":{"line":10,"column":10},"end":{"line":10,"column":19}},"2":{"start":{"line":11,"column":15},"end":{"line":11,"column":44}},"3":{"start":{"line":12,"column":22},"end":{"line":12,"column":61}},"4":{"start":{"line":53,"column":0},"end":{"line":80,"column":3}},"5":{"start":{"line":54,"column":16},"end":{"line":54,"column":37}},"6":{"start":{"line":55,"column":4},"end":{"line":55,"column":26}},"7":{"start":{"line":57,"column":4},"end":{"line":79,"column":11}},"8":{"start":{"line":63,"column":12},"end":{"line":69,"column":13}},"9":{"start":{"line":64,"column":16},"end":{"line":68,"column":19}},"10":{"start":{"line":70,"column":12},"end":{"line":78,"column":15}},"11":{"start":{"line":71,"column":16},"end":{"line":77,"column":19}},"12":{"start":{"line":127,"column":0},"end":{"line":155,"column":3}},"13":{"start":{"line":128,"column":16},"end":{"line":128,"column":37}},"14":{"start":{"line":129,"column":13},"end":{"line":129,"column":26}},"15":{"start":{"line":130,"column":4},"end":{"line":130,"column":26}},"16":{"start":{"line":132,"column":4},"end":{"line":154,"column":11}},"17":{"start":{"line":138,"column":12},"end":{"line":144,"column":13}},"18":{"start":{"line":139,"column":16},"end":{"line":143,"column":19}},"19":{"start":{"line":145,"column":12},"end":{"line":153,"column":15}},"20":{"start":{"line":146,"column":16},"end":{"line":152,"column":19}},"21":{"start":{"line":190,"column":0},"end":{"line":217,"column":3}},"22":{"start":{"line":191,"column":15},"end":{"line":191,"column":23}},"23":{"start":{"line":193,"column":19},"end":{"line":202,"column":6}},"24":{"start":{"line":203,"column":4},"end":{"line":216,"column":7}},"25":{"start":{"line":204,"column":8},"end":{"line":210,"column":9}},"26":{"start":{"line":205,"column":12},"end":{"line":209,"column":15}},"27":{"start":{"line":211,"column":8},"end":{"line":215,"column":11}},"28":{"start":{"line":256,"column":0},"end":{"line":298,"column":3}},"29":{"start":{"line":257,"column":13},"end":{"line":257,"column":26}},"30":{"start":{"line":258,"column":15},"end":{"line":258,"column":23}},"31":{"start":{"line":259,"column":4},"end":{"line":297,"column":7}},"32":{"start":{"line":260,"column":8},"end":{"line":266,"column":9}},"33":{"start":{"line":261,"column":12},"end":{"line":265,"column":15}},"34":{"start":{"line":267,"column":8},"end":{"line":273,"column":9}},"35":{"start":{"line":268,"column":12},"end":{"line":272,"column":15}},"36":{"start":{"line":274,"column":8},"end":{"line":274,"column":38}},"37":{"start":{"line":275,"column":8},"end":{"line":275,"column":36}},"38":{"start":{"line":276,"column":8},"end":{"line":276,"column":38}},"39":{"start":{"line":277,"column":8},"end":{"line":277,"column":44}},"40":{"start":{"line":278,"column":8},"end":{"line":278,"column":38}},"41":{"start":{"line":279,"column":8},"end":{"line":279,"column":40}},"42":{"start":{"line":280,"column":33},"end":{"line":282,"column":10}},"43":{"start":{"line":284,"column":8},"end":{"line":296,"column":11}},"44":{"start":{"line":285,"column":12},"end":{"line":291,"column":13}},"45":{"start":{"line":286,"column":16},"end":{"line":290,"column":19}},"46":{"start":{"line":292,"column":12},"end":{"line":295,"column":15}},"47":{"start":{"line":332,"column":0},"end":{"line":356,"column":3}},"48":{"start":{"line":333,"column":13},"end":{"line":333,"column":26}},"49":{"start":{"line":334,"column":4},"end":{"line":355,"column":7}},"50":{"start":{"line":335,"column":8},"end":{"line":341,"column":9}},"51":{"start":{"line":336,"column":12},"end":{"line":340,"column":15}},"52":{"start":{"line":343,"column":8},"end":{"line":349,"column":9}},"53":{"start":{"line":344,"column":12},"end":{"line":348,"column":15}},"54":{"start":{"line":351,"column":8},"end":{"line":354,"column":11}},"55":{"start":{"line":358,"column":0},"end":{"line":358,"column":21}}},"fnMap":{"0":{"name":"(anonymous_0)","decl":{"start":{"line":53,"column":13},"end":{"line":53,"column":14}},"loc":{"start":{"line":53,"column":27},"end":{"line":80,"column":1}},"line":53},"1":{"name":"(anonymous_1)","decl":{"start":{"line":62,"column":14},"end":{"line":62,"column":15}},"loc":{"start":{"line":62,"column":54},"end":{"line":79,"column":9}},"line":62},"2":{"name":"(anonymous_2)","decl":{"start":{"line":70,"column":31},"end":{"line":70,"column":32}},"loc":{"start":{"line":70,"column":48},"end":{"line":78,"column":13}},"line":70},"3":{"name":"(anonymous_3)","decl":{"start":{"line":127,"column":16},"end":{"line":127,"column":17}},"loc":{"start":{"line":127,"column":30},"end":{"line":155,"column":1}},"line":127},"4":{"name":"(anonymous_4)","decl":{"start":{"line":137,"column":14},"end":{"line":137,"column":15}},"loc":{"start":{"line":137,"column":54},"end":{"line":154,"column":9}},"line":137},"5":{"name":"(anonymous_5)","decl":{"start":{"line":145,"column":31},"end":{"line":145,"column":32}},"loc":{"start":{"line":145,"column":48},"end":{"line":153,"column":13}},"line":145},"6":{"name":"(anonymous_6)","decl":{"start":{"line":190,"column":45},"end":{"line":190,"column":46}},"loc":{"start":{"line":190,"column":59},"end":{"line":217,"column":1}},"line":190},"7":{"name":"(anonymous_7)","decl":{"start":{"line":203,"column":18},"end":{"line":203,"column":19}},"loc":{"start":{"line":203,"column":45},"end":{"line":216,"column":5}},"line":203},"8":{"name":"(anonymous_8)","decl":{"start":{"line":256,"column":47},"end":{"line":256,"column":48}},"loc":{"start":{"line":256,"column":61},"end":{"line":298,"column":1}},"line":256},"9":{"name":"(anonymous_9)","decl":{"start":{"line":259,"column":26},"end":{"line":259,"column":27}},"loc":{"start":{"line":259,"column":45},"end":{"line":297,"column":5}},"line":259},"10":{"name":"(anonymous_10)","decl":{"start":{"line":284,"column":22},"end":{"line":284,"column":23}},"loc":{"start":{"line":284,"column":49},"end":{"line":296,"column":9}},"line":284},"11":{"name":"(anonymous_11)","decl":{"start":{"line":332,"column":50},"end":{"line":332,"column":51}},"loc":{"start":{"line":332,"column":64},"end":{"line":356,"column":1}},"line":332},"12":{"name":"(anonymous_12)","decl":{"start":{"line":334,"column":35},"end":{"line":334,"column":36}},"loc":{"start":{"line":334,"column":61},"end":{"line":355,"column":5}},"line":334}},"branchMap":{"0":{"loc":{"start":{"line":54,"column":16},"end":{"line":54,"column":37}},"type":"binary-expr","locations":[{"start":{"line":54,"column":16},"end":{"line":54,"column":32}},{"start":{"line":54,"column":36},"end":{"line":54,"column":37}}],"line":54},"1":{"loc":{"start":{"line":63,"column":12},"end":{"line":69,"column":13}},"type":"if","locations":[{"start":{"line":63,"column":12},"end":{"line":69,"column":13}},{"start":{},"end":{}}],"line":63},"2":{"loc":{"start":{"line":128,"column":16},"end":{"line":128,"column":37}},"type":"binary-expr","locations":[{"start":{"line":128,"column":16},"end":{"line":128,"column":32}},{"start":{"line":128,"column":36},"end":{"line":128,"column":37}}],"line":128},"3":{"loc":{"start":{"line":138,"column":12},"end":{"line":144,"column":13}},"type":"if","locations":[{"start":{"line":138,"column":12},"end":{"line":144,"column":13}},{"start":{},"end":{}}],"line":138},"4":{"loc":{"start":{"line":204,"column":8},"end":{"line":210,"column":9}},"type":"if","locations":[{"start":{"line":204,"column":8},"end":{"line":210,"column":9}},{"start":{},"end":{}}],"line":204},"5":{"loc":{"start":{"line":260,"column":8},"end":{"line":266,"column":9}},"type":"if","locations":[{"start":{"line":260,"column":8},"end":{"line":266,"column":9}},{"start":{},"end":{}}],"line":260},"6":{"loc":{"start":{"line":267,"column":8},"end":{"line":273,"column":9}},"type":"if","locations":[{"start":{"line":267,"column":8},"end":{"line":273,"column":9}},{"start":{},"end":{}}],"line":267},"7":{"loc":{"start":{"line":285,"column":12},"end":{"line":291,"column":13}},"type":"if","locations":[{"start":{"line":285,"column":12},"end":{"line":291,"column":13}},{"start":{},"end":{}}],"line":285},"8":{"loc":{"start":{"line":335,"column":8},"end":{"line":341,"column":9}},"type":"if","locations":[{"start":{"line":335,"column":8},"end":{"line":341,"column":9}},{"start":{},"end":{}}],"line":335},"9":{"loc":{"start":{"line":343,"column":8},"end":{"line":349,"column":9}},"type":"if","locations":[{"start":{"line":343,"column":8},"end":{"line":349,"column":9}},{"start":{},"end":{}}],"line":343}},"s":{"0":1,"1":1,"2":1,"3":1,"4":1,"5":1,"6":1,"7":1,"8":1,"9":0,"10":1,"11":1,"12":1,"13":0,"14":0,"15":0,"16":0,"17":0,"18":0,"19":0,"20":0,"21":1,"22":0,"23":0,"24":0,"25":0,"26":0,"27":0,"28":1,"29":0,"30":0,"31":0,"32":0,"33":0,"34":0,"35":0,"36":0,"37":0,"38":0,"39":0,"40":0,"41":0,"42":0,"43":0,"44":0,"45":0,"46":0,"47":1,"48":0,"49":0,"50":0,"51":0,"52":0,"53":0,"54":0,"55":1},"f":{"0":1,"1":1,"2":1,"3":0,"4":0,"5":0,"6":0,"7":0,"8":0,"9":0,"10":0,"11":0,"12":0},"b":{"0":[1,1],"1":[0,1],"2":[0,0],"3":[0,0],"4":[0,0],"5":[0,0],"6":[0,0],"7":[0,0],"8":[0,0],"9":[0,0]},"_coverageSchema":"1a1c01bbd47fc00a2c39e90264f33305004495a9","hash":"aa547138aa66bd60d92a2cf0214e5b107b402b9b"}
,"/home/marcelo/Escritorio/workspace-stocker/stockerSinCambios/Backend/GR07-EquipoStocker-BackEnd/routes/proveedor.js": {"path":"/home/marcelo/Escritorio/workspace-stocker/stockerSinCambios/Backend/GR07-EquipoStocker-BackEnd/routes/proveedor.js","statementMap":{"0":{"start":{"line":9,"column":14},"end":{"line":9,"column":32}},"1":{"start":{"line":10,"column":10},"end":{"line":10,"column":19}},"2":{"start":{"line":12,"column":10},"end":{"line":12,"column":33}},"3":{"start":{"line":14,"column":16},"end":{"line":14,"column":46}},"4":{"start":{"line":16,"column":22},"end":{"line":16,"column":61}},"5":{"start":{"line":18,"column":13},"end":{"line":18,"column":32}},"6":{"start":{"line":55,"column":0},"end":{"line":82,"column":3}},"7":{"start":{"line":57,"column":16},"end":{"line":57,"column":36}},"8":{"start":{"line":59,"column":4},"end":{"line":81,"column":11}},"9":{"start":{"line":65,"column":12},"end":{"line":71,"column":13}},"10":{"start":{"line":66,"column":16},"end":{"line":70,"column":19}},"11":{"start":{"line":73,"column":12},"end":{"line":80,"column":15}},"12":{"start":{"line":74,"column":16},"end":{"line":79,"column":19}},"13":{"start":{"line":117,"column":0},"end":{"line":151,"column":3}},"14":{"start":{"line":120,"column":15},"end":{"line":120,"column":23}},"15":{"start":{"line":121,"column":20},"end":{"line":133,"column":6}},"16":{"start":{"line":135,"column":4},"end":{"line":150,"column":7}},"17":{"start":{"line":137,"column":8},"end":{"line":143,"column":9}},"18":{"start":{"line":138,"column":12},"end":{"line":142,"column":15}},"19":{"start":{"line":145,"column":8},"end":{"line":149,"column":11}},"20":{"start":{"line":196,"column":0},"end":{"line":242,"column":3}},"21":{"start":{"line":197,"column":13},"end":{"line":197,"column":26}},"22":{"start":{"line":198,"column":15},"end":{"line":198,"column":23}},"23":{"start":{"line":200,"column":4},"end":{"line":241,"column":7}},"24":{"start":{"line":201,"column":8},"end":{"line":207,"column":9}},"25":{"start":{"line":202,"column":12},"end":{"line":206,"column":15}},"26":{"start":{"line":209,"column":8},"end":{"line":215,"column":9}},"27":{"start":{"line":210,"column":12},"end":{"line":214,"column":15}},"28":{"start":{"line":217,"column":8},"end":{"line":217,"column":39}},"29":{"start":{"line":218,"column":8},"end":{"line":218,"column":45}},"30":{"start":{"line":219,"column":8},"end":{"line":219,"column":35}},"31":{"start":{"line":220,"column":8},"end":{"line":220,"column":37}},"32":{"start":{"line":221,"column":8},"end":{"line":221,"column":43}},"33":{"start":{"line":222,"column":8},"end":{"line":222,"column":55}},"34":{"start":{"line":223,"column":8},"end":{"line":223,"column":34}},"35":{"start":{"line":224,"column":8},"end":{"line":224,"column":39}},"36":{"start":{"line":225,"column":8},"end":{"line":225,"column":41}},"37":{"start":{"line":227,"column":8},"end":{"line":240,"column":11}},"38":{"start":{"line":228,"column":12},"end":{"line":234,"column":13}},"39":{"start":{"line":229,"c
[...]
e":57,"column":16},"end":{"line":57,"column":31}},{"start":{"line":57,"column":35},"end":{"line":57,"column":36}}],"line":57},"1":{"loc":{"start":{"line":65,"column":12},"end":{"line":71,"column":13}},"type":"if","locations":[{"start":{"line":65,"column":12},"end":{"line":71,"column":13}},{"start":{},"end":{}}],"line":65},"2":{"loc":{"start":{"line":137,"column":8},"end":{"line":143,"column":9}},"type":"if","locations":[{"start":{"line":137,"column":8},"end":{"line":143,"column":9}},{"start":{},"end":{}}],"line":137},"3":{"loc":{"start":{"line":201,"column":8},"end":{"line":207,"column":9}},"type":"if","locations":[{"start":{"line":201,"column":8},"end":{"line":207,"column":9}},{"start":{},"end":{}}],"line":201},"4":{"loc":{"start":{"line":209,"column":8},"end":{"line":215,"column":9}},"type":"if","locations":[{"start":{"line":209,"column":8},"end":{"line":215,"column":9}},{"start":{},"end":{}}],"line":209},"5":{"loc":{"start":{"line":228,"column":12},"end":{"line":234,"column":13}},"type":"if","locations":[{"start":{"line":228,"column":12},"end":{"line":234,"column":13}},{"start":{},"end":{}}],"line":228},"6":{"loc":{"start":{"line":285,"column":8},"end":{"line":291,"column":9}},"type":"if","locations":[{"start":{"line":285,"column":8},"end":{"line":291,"column":9}},{"start":{},"end":{}}],"line":285},"7":{"loc":{"start":{"line":293,"column":8},"end":{"line":299,"column":9}},"type":"if","locations":[{"start":{"line":293,"column":8},"end":{"line":299,"column":9}},{"start":{},"end":{}}],"line":293}},"s":{"0":1,"1":1,"2":1,"3":1,"4":1,"5":1,"6":1,"7":2,"8":2,"9":2,"10":0,"11":2,"12":2,"13":1,"14":0,"15":0,"16":0,"17":0,"18":0,"19":0,"20":1,"21":0,"22":0,"23":0,"24":0,"25":0,"26":0,"27":0,"28":0,"29":0,"30":0,"31":0,"32":0,"33":0,"34":0,"35":0,"36":0,"37":0,"38":0,"39":0,"40":0,"41":0,"42":1,"43":0,"44":0,"45":0,"46":0,"47":0,"48":0,"49":0,"50":1},"f":{"0":2,"1":2,"2":2,"3":0,"4":0,"5":0,"6":0,"7":0,"8":0,"9":0},"b":{"0":[2,2],"1":[0,2],"2":[0,0],"3":[0,0],"4":[0,0],"5":[0,0],"6":[0,0],"7":[0,0]},"_coverageSchema":"1a1c01bbd47fc00a2c39e90264f33305004495a9","hash":"c1afe4e1678b72e508f098de42185de1fdb5d08a"}
,"/home/marcelo/Escritorio/workspace-stocker/stockerSinCambios/Backend/GR07-EquipoStocker-BackEnd/routes/sendEmail.js": {"path":"/home/marcelo/Escritorio/workspace-stocker/stockerSinCambios/Backend/GR07-EquipoStocker-BackEnd/routes/sendEmail.js","statementMap":{"0":{"start":{"line":8,"column":17},"end":{"line":8,"column":38}},"1":{"start":{"line":9,"column":14},"end":{"line":9,"column":32}},"2":{"start":{"line":10,"column":10},"end":{"line":10,"column":19}},"3":{"start":{"line":24,"column":0},"end":{"line":51,"column":3}},"4":{"start":{"line":25,"column":22},"end":{"line":32,"column":6}},"5":{"start":{"line":34,"column":22},"end":{"line":39,"column":5}},"6":{"start":{"line":40,"column":4},"end":{"line":48,"column":6}},"7":{"start":{"line":41,"column":8},"end":{"line":46,"column":9}},"8":{"start":{"line":42,"column":12},"end":{"line":42,"column":48}},"9":{"start":{"line":44,"column":12},"end":{"line":44,"column":35}},"10":{"start":{"line":45,"column":12},"end":{"line":45,"column":44}},"11":{"start":{"line":52,"column":0},"end":{"line":52,"column":21}}},"fnMap":{"0":{"name":"(anonymous_0)","decl":{"start":{"line":24,"column":14},"end":{"line":24,"column":15}},"loc":{"start":{"line":24,"column":28},"end":{"line":51,"column":1}},"line":24},"1":{"name":"(anonymous_1)","decl":{"start":{"line":40,"column":38},"end":{"line":40,"column":39}},"loc":{"start":{"line":40,"column":55},"end":{"line":48,"column":5}},"line":40}},"branchMap":{"0":{"loc":{"start":{"line":41,"column":8},"end":{"line":46,"column":9}},"type":"if","locations":[{"start":{"line":41,"column":8},"end":{"line":46,"column":9}},{"start":{"line":43,"column":15},"end":{"line":46,"column":9}}],"line":41}},"s":{"0":1,"1":1,"2":1,"3":1,"4":0,"5":0,"6":0,"7":0,"8":0,"9":0,"10":0,"11":1},"f":{"0":0,"1":0},"b":{"0":[0,0]},"_coverageSchema":"1a1c01bbd47fc00a2c39e90264f33305004495a9","hash":"b3cbbc072a7770171e76604d01f527613b4a2f28"}
,"/home/marcelo/Escritorio/workspace-stocker/stockerSinCambios/Backend/GR07-EquipoStocker-BackEnd/routes/upload.js": {"path":"/home/marcelo/Escritorio/workspace-stocker/stockerSinCambios/Backend/GR07-EquipoStocker-BackEnd/routes/upload.js","statementMap":{"0":{"start":{"line":9,"column":14},"end":{"line":9,"column":32}},"1":{"start":{"line":10,"column":19},"end":{"line":10,"column":48}},"2":{"start":{"line":11,"column":10},"end":{"line":11,"column":19}},"3":{"start":{"line":12,"column":14},"end":{"line":12,"column":42}},"4":{"start":{"line":13,"column":15},"end":{"line":13,"column":44}},"5":{"start":{"line":14,"column":14},"end":{"line":14,"column":42}},"6":{"start":{"line":15,"column":16},"end":{"line":15,"column":46}},"7":{"start":{"line":16,"column":23},"end":{"line":16,"column":38}},"8":{"start":{"line":17,"column":11},"end":{"line":17,"column":24}},"9":{"start":{"line":18,"column":13},"end":{"line":18,"column":28}},"10":{"start":{"line":19,"column":10},"end":{"line":19,"column":33}},"11":{"start":{"line":20,"column":22},"end":{"line":20,"column":61}},"12":{"start":{"line":23,"column":0},"end":{"line":23,"column":22}},"13":{"start":{"line":66,"column":0},"end":{"line":120,"column":3}},"14":{"start":{"line":69,"column":15},"end":{"line":69,"column":30}},"15":{"start":{"line":70,"column":13},"end":{"line":70,"column":26}},"16":{"start":{"line":71,"column":23},"end":{"line":71,"column":75}},"17":{"start":{"line":73,"column":4},"end":{"line":79,"column":5}},"18":{"start":{"line":74,"column":8},"end":{"line":78,"column":11}},"19":{"start":{"line":80,"column":4},"end":{"line":87,"column":5}},"20":{"start":{"line":81,"column":8},"end":{"line":86,"column":11}},"21":{"start":{"line":89,"column":17},"end":{"line":89,"column":33}},"22":{"start":{"line":90,"column":26},"end":{"line":90,"column":46}},"23":{"start":{"line":91,"column":27},"end":{"line":91,"column":66}},"24":{"start":{"line":92,"column":29},"end":{"line":92,"column":58}},"25":{"start":{"line":94,"column":4},"end":{"line":100,"column":5}},"26":{"start":{"line":95,"column":8},"end":{"line":99,"column":11}},"27":{"start":{"line":102,"column":26},"end":{"line":102,"column":59}},"28":{"start":{"line":104,"column":17},"end":{"line":104,"column":53}},"29":{"start":{"line":106,"column":4},"end":{"line":119,"column":7}},"30":{"start":{"line":107,"column":8},"end":{"line":112,"column":9}},"31":{"start":{"line":108,"column":12},"end":{"line":111,"column":15}},"32":{"start":{"line":113,"column":8},"end":{"line":113,"column":50}},"33":{"start":{"line":114,"column":8},"end":{"line":118,"column":11}},"34":{"start":{"line":122,"column":21},"end":{"line":127,"column":1}},"35":{"start":{"line":123,"column":4},"end":{"line":126,"column":5}},"36":{"start":{"line":125,"column":8},"end":{"line":125,"column":28}},"37":{"start":{"line":130,"column":0},"end":{"line":189,"column":2}},"38":{"start":{"line":131,"column":20},"end":{"line":131,"column":22}},"39":{"start":{"line":132,"column":4},"end":{"line":188,"column":5}},"40":{"start":{"line":134,"column":28},"end":{"line":134,"column":54}},"41":{"start":{"line":136,"column":12},"end":{"line":138,"column":13}},"42":{"start":{"line":137,"column":16},"end":{"line":137,"column":29}},"43":{"start":{"line":140,"column":12},"end":{"line":140,"column":60}},"44":{"start":{"line":142,"column":12},"end":{"line":142,"column":40}},"45":{"start":{"line":143,"column":12},"end":{"line":143,"column":33}},"46":{"start":{"line":144,"column":12},"end":{"line":144,"column":24}},"47":{"start":{"line":145,"column":12},"end":{"line":145,"column":18}},"48":{"start":{"line":148,"column":29},"end":{"line":148,"column":56}},"49":{"start":{"line":150,"column":12},"end":{"line":152,"column":13}},"50":{"start":{"line":151,"column":16},"end":{"line":151,"column":29}},"51":{"start":{"line":154,"column":12},"end":{"line":154,"column":62}},"52":{"start":{"line":155,"column":12},"end":{"line":155,"column":36}},"53":{"start":{"line":156,"column":12},"end":{"line":156,"column":41}},"54":{"start":{"line":157,"column":12},"end":{"line":157,"column":34}},"55":{"start":{"line":158,"column":12},"end":{"line":158,"column":24}},"56":{"start":{"line":159,"column":12},"end":{"line":159,"column":18}},"57":{"start":{"line":162,"column":28},"end":{"line":162,"column":54}},"58":{"start":{"line":164,"column":12},"end":{"line":166,"column":13}},"59":{"start":{"line":165,"column":16},"end":{"line":165,"column":29}},"60":{"start":{"line":168,"column":12},"end":{"line":168,"column":60}},"61":{"start":{"line":169,"column":12},"end":{"line":169,"column":36}},"62":{"start":{"line":170,"column":12},"end":{"line":170,"column":40}},"63":{"start":{"line":171,"column":12},"end":{"line":171,"column":33}},"64":{"start":{"line":172,"column":12},"end":{"line":172,"column":24}},"65":{"start":{"line":173,"column":12},"end":{"line":173,"column":18}},"66":{"start":{"line":176,"column":30},"end":{"line":176,"column":58}},"67":{"start":{"line":178,"column":12},"end":{"line":180,"column":13}},"68":{"start":{"line":179,"column":16},"end":{"line":179,"column":29}},"69":{"start":{"line":182,"column":12},"end":{"line":182,"column":63}},"70":{"start":{"line":183,"column":12},"end":{"line":183,"column":36}},"71":{"start":{"line":184,"column":12},"end":{"line":184,"column":42}},"72":{"start":{"line":185,"column":12},"end":{"line":185,"column":35}},"73":{"start":{"line":186,"column":12},"end":{"line":186,"column":24}},"74":{"start":{"line":187,"column":12},"end":{"line":187,"column":18}},"75":{"start":{"line":222,"column":0},"end":{"line":235,"column":3}},"76":{"start":{"line":223,"column":17},"end":{"line":223,"column":32}},"77":{"start":{"line":224,"column":17},"end":{"line":224,"column":32}},"78":{"start":{"line":226,"column":20},"end":{"line":226,"column":70}},"79":{"start":{"line":229,"column":4},"end":{"line":234,"column":5}},"80":{"start":{"line":230,"column":8},"end":{"line":230,"column":30}},"81":{"start":{"line":232,"column":24},"end":{"line":232,"column":69}},"82":{"start":{"line":233,"column":8},"end":{"line":233,"column":30}},"83":{"start":{"line":237,"column":0},"end":{"line":237,"column":21}}},"fnMap":{"0":{"name":"(anonymous_0)","decl":{"start":{"line":66,"column":22},"end":{"line":66,"column":23}},"loc":{"start":{"line":66,"column":36},"end":{"line":120,"column":1}},"line":66},"1":{"name":"(anonymous_1)","decl":{"start":{"line":106,"column":18},"end":{"line":106,"column":19}},"loc":{"start":{"line":106,"column":29},"end":{"line":119,"column":5}},"line":106},"2":{"name":"(anonymous_2)","decl":{"start":{"line":122,"column":21},"end":{"line":122,"column":22}},"loc":{"start":{"line":122,"column":31},"end":{"line":127,"column":1}},"line":122},"3":{"name":"(anonymous_3)","decl":{"start":{"line":130,"column":19},"end":{"line":130,"column":20}},"loc":{"start":{"line":130,"column":53},"end":{"line":189,"column":1}},"line":130},"4":{"name":"(anonymous_4)","decl":{"start":{"line":222,"column":24},"end":{"line":222,"column":25}},"loc":{"start":{"line":222,"column":38},"end":{"line":235,"column":1}},"line":222}},"branchMap":{"0":{"loc":{"start":{"line":73,"column":4},"end":{"line":79,"column":5}},"type":"if","locations":[{"start":{"line":73,"column":4},"end":{"line":79,"column":5}},{"start":{},"end":{}}],"line":73},"1":{"loc":{"start":{"line":80,"column":4},"end":{"line":87,"column":5}},"type":"if","locations":[{"start":{"line":80,"column":4},"end":{"line":87,"column":5}},{"start":{},"end":{}}],"line":80},"2":{"loc":{"start":{"line":94,"column":4},"end":{"line":100,"column":5}},"type":"if","locations":[{"start":{"line":94,"column":4},"end":{"line":100,"column":5}},{"start":{},"end":{}}],"line":94},"3":{"loc":{"start":{"line":107,"column":8},"end":{"line":112,"column":9}},"type":"if","locations":[{"start":{"line":107,"column":8},"end":{"line":112,"column":9}},{"start":{},"end":{}}],"line":107},"4":{"loc":{"start":{"line":123,"column":4},"end":{"line":126,"column":5}},"type":"if","locations":[{"start":{"line":123,"column":4},"end":{"line":126,"column":5}},{"start":{},"end":{}}],"line":123},"5":{"loc":{"start":{"line":132,"column":4},"end":{"line":188,"column":5}},"type":"switch","locations":[{"start":{"line":133,"column":8},"end":{"line":145,"column":18}},{"start":{"line":147,"column":8},"end":{"line":159,"column":18}},{"start":{"line":161,"column":8},"end":{"line":173,"column":18}},{"start":{"line":175,"column":8},"end":{"line":187,"column":18}}],"line":132},"6":{"loc":{"start":{"line":136,"column":12},"end":{"line":138,"column":13}},"type":"if","locations":[{"start":{"line":136,"column":12},"end":{"line":138,"column":13}},{"start":{},"end":{}}],"line":136},"7":{"loc":{"start":{"line":150,"column":12},"end":{"line":152,"column":13}},"type":"if","locations":[{"start":{"line":150,"column":12},"end":{"line":152,"column":13}},{"start":{},"end":{}}],"line":150},"8":{"loc":{"start":{"line":164,"column":12},"end":{"line":166,"column":13}},"type":"if","locations":[{"start":{"line":164,"column":12},"end":{"line":166,"column":13}},{"start":{},"end":{}}],"line":164},"9":{"loc":{"start":{"line":178,"column":12},"end":{"line":180,"column":13}},"type":"if","locations":[{"start":{"line":178,"column":12},"end":{"line":180,"column":13}},{"start":{},"end":{}}],"line":178},"10":{"loc":{"start":{"line":229,"column":4},"end":{"line":234,"column":5}},"type":"if","locations":[{"start":{"line":229,"column":4},"end":{"line":234,"column":5}},{"start":{"line":231,"column":11},"end":{"line":234,"column":5}}],"line":229}},"s":{"0":1,"1":1,"2":1,"3":1,"4":1,"5":1,"6":1,"7":1,"8":1,"9":1,"10":1,"11":1,"12":1,"13":1,"14":1,"15":1,"16":1,"17":1,"18":0,"19":1,"20":1,"21":0,"22":0,"23":0,"24":0,"25":0,"26":0,"27":0,"28":0,"29":0,"30":0,"31":0,"32":0,"33":0,"34":1,"35":0,"36":0,"37":1,"38":0,"39":0,"40":0,"41":0,"42":0,"43":0,"44":0,"45":0,"46":0,"47":0,"48":0,"49":0,"50":0,"51":0,"52":0,"53":0,"54":0,"55":0,"56":0,"57":0,"58":0,"59":0,"60":0,"61":0,"62":0,"63":0,"64":0,"65":0,"66":0,"67":0,"68":0,"69":0,"70":0,"71":0,"72":0,"73":0,"74":0,"75":1,"76":0,"77":0,"78":0,"79":0,"80":0,"81":0,"82":0,"83":1},"f":{"0":1,"1":0,"2":0,"3":0,"4":0},"b":{"0":[0,1],"1":[1,0],"2":[0,0],"3":[0,0],"4":[0,0],"5":[0,0,0,0],"6":[0,0],"7":[0,0],"8":[0,0],"9":[0,0],"10":[0,0]},"_coverageSchema":"1a1c01bbd47fc00a2c39e90264f33305004495a9","hash":"5e4a0a0c726a05c99856131c59dea0e6031e07bc"}
,"/home/marcelo/Escritorio/workspace-stocker/stockerSinCambios/Backend/GR07-EquipoStocker-BackEnd/routes/usuario.js": {"path":"/home/marcelo/Escritorio/workspace-stocker/stockerSinCambios/Backend/GR07-EquipoStocker-BackEnd/routes/usuario.js","statementMap":{"0":{"start":{"line":9,"column":14},"end":{"line":9,"column":32}},"1":{"start":{"line":10,"column":10},"end":{"line":10,"column":19}},"2":{"start":{"line":13,"column":10},"end":{"line":13,"column":33}},"3":{"start":{"line":16,"column":14},"end":{"line":16,"column":42}},"4":{"start":{"line":19,"column":22},"end":{"line":19,"column":61}},"5":{"start":{"line":22,"column":13},"end":{"line":22,"column":32}},"6":{"start":{"line":24,"column":37},"end":{"line":24,"column":69}},"7":{"start":{"line":61,"column":0},"end":{"line":61,"column":26}},"8":{"start":{"line":96,"column":0},"end":{"line":96,"column":27}},"9":{"start":{"line":141,"column":0},"end":{"line":187,"column":3}},"10":{"start":{"line":142,"column":13},"end":{"line":142,"column":26}},"11":{"start":{"line":143,"column":15},"end":{"line":143,"column":23}},"12":{"start":{"line":145,"column":4},"end":{"line":186,"column":7}},"13":{"start":{"line":146,"column":8},"end":{"line":152,"column":9}},"14":{"start":{"line":147,"column":12},"end":{"line":151,"column":15}},"15":{"start":{"line":153,"column":8},"end":{"line":159,"column":9}},"16":{"start":{"line":154,"column":12},"end":{"line":158,"column":15}},"17":{"start":{"line":160,"column":8},"end":{"line":160,"column":37}},"18":{"start":{"line":161,"column":8},"end":{"line":161,"column":41}},"19":{"start":{"line":162,"column":8},"end":{"line":162,"column":39}},"20":{"start":{"line":163,"column":8},"end":{"line":163,"column":35}},"21":{"start":{"line":164,"column":8},"end":{"line":164,"column":43}},"22":{"start":{"line":165,"column":8},"end":{"line":165,"column":31}},"23":{"start":{"line":166,"column":8},"end":{"line":166,"column":33}},"24":{"start":{"line":167,"column":8},"end":{"line":167,"column":41}},"25":{"start":{"line":168,"column":8},"end":{"line":168,"column":33}},"26":{"start":{"line":169,"column":8},"end":{"line":169,"column":44}},"27":{"start":{"line":170,"column":8},"end":{"line":170,"column":37}},"28":{"start":{"line":172,"column":8},"end":{"line":185,"column":11}},"29":{"start":{"line":173,"column":12},"end":{"line":179,"column":13}},"30":{"start":{"line":174,"column":16},"end":{"line":178,"column":19}},"31":{"start":{"line":180,"column":12},"end":{"line":180,"column":74}},"32":{"start":{"line":181,"column":12},"end":{"line":184,"column":15}},"33":{"start":{"line":227,"column":0},"end":{"line":251,"column":3}},"34":{"start":{"line":228,"column":13},"end":{"line":228,"column":26}},"35":{"start":{"line":229,"column":4},"end":{"line":250,"column":7}},"36":{"start":{"line":230,"column":8},"end":{"line":236,"column":9}},"37":{"start":{"line":231,"column":12},"end":{"line":235,"column":15}},"38":{"start":{"line":238,"column":8},"end":{"line":244,"column":9}},"39":{"start":{"line":239,"column":12},"end":{"line":243,"column":15}},"40":{"start":{"line":246,"column":8},"end":{"line":249,"column":11}},"41":{"start":{"line":254,"column":0},"end":{"line":254,"column":21}}},"fnMap":{"0":{"name":"(anonymous_0)","decl":{"start":{"line":141,"column":47},"end":{"line":141,"column":48}},"loc":{"start":{"line":141,"column":61},"end":{"line":187,"column":1}},"line":141},"1":{"name":"(anonymous_1)","decl":{"start":{"line":145,"column":25},"end":{"line":145,"column":26}},"loc":{"start":{"line":145,"column":43},"end":{"line":186,"column":5}},"line":145},"2":{"name":"(anonymous_2)","decl":{"start":{"line":172,"column":21},"end":{"line":172,"column":22}},"loc":{"start":{"line":172,"column":47},"end":{"line":185,"column":9}},"line":172},"3":{"name":"(anonymous_3)","decl":{"start":{"line":227,"column":50},"end":{"line":227,"column":51}},"loc":{"start":{"line":227,"column":64},"end":{"line":251,"column":1}},"line":227},"4":{"name":"(anonymous_4)","decl":{"start":{"line":229,"column":34},"end":{"line":229,"column":35}},"loc":{"start":{"line":229,"column":59},"end":{"line":250,"column":5}},"line":229}},"branchMap":{"0":{"loc":{"start":{"line":146,"column":8},"end":{"line":152,"column":9}},"type":"if","locations":[{"start":{"line":146,"column":8},"end":{"line":152,"column":9}},{"start":{},"end":{}}],"line":146},"1":{"loc":{"start":{"line":153,"column":8},"end":{"line":159,"column":9}},"type":"if","locations":[{"start":{"line":153,"column":8},"end":{"line":159,"column":9}},{"start":{},"end":{}}],"line":153},"2":{"loc":{"start":{"line":173,"column":12},"end":{"line":179,"column":13}},"type":"if","locations":[{"start":{"line":173,"column":12},"end":{"line":179,"column":13}},{"start":{},"end":{}}],"line":173},"3":{"loc":{"start":{"line":230,"column":8},"end":{"line":236,"column":9}},"type":"if","locations":[{"start":{"line":230,"column":8},"end":{"line":236,"column":9}},{"start":{},"end":{}}],"line":230},"4":{"loc":{"start":{"line":238,"column":8},"end":{"line":244,"column":9}},"type":"if","locations":[{"start":{"line":238,"column":8},"end":{"line":244,"column":9}},{"start":{},"end":{}}],"line":238}},"s":{"0":1,"1":1,"2":1,"3":1,"4":1,"5":1,"6":1,"7":1,"8":1,"9":1,"10":0,"11":0,"12":0,"13":0,"14":0,"15":0,"16":0,"17":0,"18":0,"19":0,"20":0,"21":0,"22":0,"23":0,"24":0,"25":0,"26":0,"27":0,"28":0,"29":0,"30":0,"31":0,"32":0,"33":1,"34":0,"35":0,"36":0,"37":0,"38":0,"39":0,"40":0,"41":1},"f":{"0":0,"1":0,"2":0,"3":0,"4":0},"b":{"0":[0,0],"1":[0,0],"2":[0,0],"3":[0,0],"4":[0,0]},"_coverageSchema":"1a1c01bbd47fc00a2c39e90264f33305004495a9","hash":"cf3d0b2fc944528d09cb144b2ab53f5aa5c838a0"}
}
