{"/home/marcelo/Escritorio/workspace-stocker/stockerSinCambios/Backend/GR07-EquipoStocker-BackEnd/app.js": {"path":"/home/marcelo/Escritorio/workspace-stocker/stockerSinCambios/Backend/GR07-EquipoStocker-BackEnd/app.js","statementMap":{"0":{"start":{"line":2,"column":14},"end":{"line":2,"column":32}},"1":{"start":{"line":3,"column":15},"end":{"line":3,"column":34}},"2":{"start":{"line":4,"column":17},"end":{"line":4,"column":39}},"3":{"start":{"line":7,"column":20},"end":{"line":7,"column":47}},"4":{"start":{"line":8,"column":18},"end":{"line":8,"column":43}},"5":{"start":{"line":9,"column":24},"end":{"line":9,"column":53}},"6":{"start":{"line":10,"column":22},"end":{"line":10,"column":50}},"7":{"start":{"line":11,"column":20},"end":{"line":11,"column":47}},"8":{"start":{"line":12,"column":19},"end":{"line":12,"column":45}},"9":{"start":{"line":13,"column":21},"end":{"line":13,"column":49}},"10":{"start":{"line":14,"column":19},"end":{"line":14,"column":45}},"11":{"start":{"line":15,"column":21},"end":{"line":15,"column":49}},"12":{"start":{"line":16,"column":16},"end":{"line":16,"column":45}},"13":{"start":{"line":19,"column":10},"end":{"line":19,"column":19}},"14":{"start":{"line":22,"column":0},"end":{"line":31,"column":3}},"15":{"start":{"line":23,"column":4},"end":{"line":23,"column":51}},"16":{"start":{"line":24,"column":4},"end":{"line":27,"column":6}},"17":{"start":{"line":28,"column":4},"end":{"line":28,"column":82}},"18":{"start":{"line":29,"column":4},"end":{"line":29,"column":59}},"19":{"start":{"line":30,"column":4},"end":{"line":30,"column":11}},"20":{"start":{"line":34,"column":0},"end":{"line":34,"column":52}},"21":{"start":{"line":35,"column":0},"end":{"line":35,"column":27}},"22":{"start":{"line":39,"column":0},"end":{"line":42,"column":3}},"23":{"start":{"line":40,"column":4},"end":{"line":40,"column":23}},"24":{"start":{"line":40,"column":13},"end":{"line":40,"column":23}},"25":{"start":{"line":41,"column":4},"end":{"line":41,"column":70}},"26":{"start":{"line":45,"column":0},"end":{"line":45,"column":31}},"27":{"start":{"line":46,"column":0},"end":{"line":46,"column":35}},"28":{"start":{"line":47,"column":0},"end":{"line":47,"column":41}},"29":{"start":{"line":48,"column":0},"end":{"line":48,"column":38}},"30":{"start":{"line":49,"column":0},"end":{"line":49,"column":35}},"31":{"start":{"line":50,"column":0},"end":{"line":50,"column":33}},"32":{"start":{"line":51,"column":0},"end":{"line":51,"column":37}},"33":{"start":{"line":52,"column":0},"end":{"line":52,"column":32}},"34":{"start":{"line":53,"column":0},"end":{"line":53,"column":33}},"35":{"start":{"line":57,"column":0},"end":{"line":62,"column":3}},"36":{"start":{"line":58,"column":4},"end":{"line":61,"column":6}},"37":{"start":{"line":64,"column":0},"end":{"line":64,"column":25}}},"fnMap":{"0":{"name":"(anonymous_0)","decl":{"start":{"line":22,"column":8},"end":{"line":22,"column":9}},"loc":{"start":{"line":22,"column":28},"end":{"line":31,"column":1}},"line":22},"1":{"name":"(anonymous_1)","decl":{"start":{"line":39,"column":65},"end":{"line":39,"column":66}},"loc":{"start":{"line":39,"column":79},"end":{"line":42,"column":1}},"line":39},"2":{"name":"(anonymous_2)","decl":{"start":{"line":57,"column":17},"end":{"line":57,"column":18}},"loc":{"start":{"line":57,"column":23},"end":{"line":62,"column":1}},"line":57}},"branchMap":{"0":{"loc":{"start":{"line":40,"column":4},"end":{"line":40,"column":23}},"type":"if","locations":[{"start":{"line":40,"column":4},"end":{"line":40,"column":23}},{"start":{},"end":{}}],"line":40}},"s":{"0":1,"1":1,"2":1,"3":1,"4":1,"5":1,"6":1,"7":1,"8":1,"9":1,"10":1,"11":1,"12":1,"13":1,"14":1,"15":28,"16":28,"17":28,"18":28,"19":28,"20":1,"21":1,"22":1,"23":1,"24":0,"25":1,"26":1,"27":1,"28":1,"29":1,"30":1,"31":1,"32":1,"33":1,"34":1,"35":1,"36":1,"37":1},"f":{"0":28,"1":1,"2":1},"b":{"0":[0,1]},"_coverageSchema":"1a1c01bbd47fc00a2c39e90264f33305004495a9","hash":"92427ee213310b399c0267d83bdcc7ce0b8cef68"}
,"/home/marcelo/Escritorio/workspace-stocker/stockerSinCambios/Backend/GR07-EquipoStocker-BackEnd/config/config.js": {"path":"/home/marcelo/Escritorio/workspace-stocker/stockerSinCambios/Backend/GR07-EquipoStocker-BackEnd/config/config.js","statementMap":{"0":{"start":{"line":1,"column":0},"end":{"line":1,"column":50}}},"fnMap":{},"branchMap":{},"s":{"0":1},"f":{},"b":{},"_coverageSchema":"1a1c01bbd47fc00a2c39e90264f33305004495a9","hash":"3f98e7472d31fd4843e8d6045f21e669150be0c5"}
,"/home/marcelo/Escritorio/workspace-stocker/stockerSinCambios/Backend/GR07-EquipoStocker-BackEnd/middlewares/autenticacion.js": {"path":"/home/marcelo/Escritorio/workspace-stocker/stockerSinCambios/Backend/GR07-EquipoStocker-BackEnd/middlewares/autenticacion.js","statementMap":{"0":{"start":{"line":1,"column":10},"end":{"line":1,"column":33}},"1":{"start":{"line":2,"column":11},"end":{"line":2,"column":43}},"2":{"start":{"line":8,"column":0},"end":{"line":21,"column":1}},"3":{"start":{"line":9,"column":16},"end":{"line":9,"column":31}},"4":{"start":{"line":10,"column":4},"end":{"line":20,"column":7}},"5":{"start":{"line":11,"column":8},"end":{"line":17,"column":9}},"6":{"start":{"line":12,"column":12},"end":{"line":16,"column":15}},"7":{"start":{"line":18,"column":8},"end":{"line":18,"column":38}},"8":{"start":{"line":19,"column":8},"end":{"line":19,"column":15}}},"fnMap":{"0":{"name":"(anonymous_0)","decl":{"start":{"line":8,"column":24},"end":{"line":8,"column":25}},"loc":{"start":{"line":8,"column":49},"end":{"line":21,"column":1}},"line":8},"1":{"name":"(anonymous_1)","decl":{"start":{"line":10,"column":28},"end":{"line":10,"column":29}},"loc":{"start":{"line":10,"column":46},"end":{"line":20,"column":5}},"line":10}},"branchMap":{"0":{"loc":{"start":{"line":11,"column":8},"end":{"line":17,"column":9}},"type":"if","locations":[{"start":{"line":11,"column":8},"end":{"line":17,"column":9}},{"start":{},"end":{}}],"line":11}},"s":{"0":1,"1":1,"2":1,"3":14,"4":14,"5":14,"6":14,"7":0,"8":0},"f":{"0":14,"1":14},"b":{"0":[14,0]},"_coverageSchema":"1a1c01bbd47fc00a2c39e90264f33305004495a9","hash":"667331b5d7e6ae4a6dfeef17d3ff022f2d59ab10"}
,"/home/marcelo/Escritorio/workspace-stocker/stockerSinCambios/Backend/GR07-EquipoStocker-BackEnd/models/cliente.js": {"path":"/home/marcelo/Escritorio/workspace-stocker/stockerSinCambios/Backend/GR07-EquipoStocker-BackEnd/models/cliente.js","statementMap":{"0":{"start":{"line":2,"column":15},"end":{"line":2,"column":34}},"1":{"start":{"line":3,"column":22},"end":{"line":3,"column":58}},"2":{"start":{"line":6,"column":13},"end":{"line":6,"column":28}},"3":{"start":{"line":8,"column":14},"end":{"line":11,"column":1}},"4":{"start":{"line":15,"column":20},"end":{"line":42,"column":2}},"5":{"start":{"line":45,"column":0},"end":{"line":45,"column":76}},"6":{"start":{"line":48,"column":0},"end":{"line":48,"column":58}}},"fnMap":{},"branchMap":{},"s":{"0":1,"1":1,"2":1,"3":1,"4":1,"5":1,"6":1},"f":{},"b":{},"_coverageSchema":"1a1c01bbd47fc00a2c39e90264f33305004495a9","hash":"eea85a51d4a24e8c400a0d29313dcae01218c47c"}
,"/home/marcelo/Escritorio/workspace-stocker/stockerSinCambios/Backend/GR07-EquipoStocker-BackEnd/models/pedido.js": {"path":"/home/marcelo/Escritorio/workspace-stocker/stockerSinCambios/Backend/GR07-EquipoStocker-BackEnd/models/pedido.js","statementMap":{"0":{"start":{"line":1,"column":15},"end":{"line":1,"column":34}},"1":{"start":{"line":2,"column":22},"end":{"line":2,"column":58}},"2":{"start":{"line":4,"column":13},"end":{"line":4,"column":28}},"3":{"start":{"line":6,"column":19},"end":{"line":9,"column":1}},"4":{"start":{"line":11,"column":19},"end":{"line":36,"column":29}},"5":{"start":{"line":38,"column":0},"end":{"line":38,"column":68}},"6":{"start":{"line":39,"column":0},"end":{"line":39,"column":56}}},"fnMap":{},"branchMap":{},"s":{"0":1,"1":1,"2":1,"3":1,"4":1,"5":1,"6":1},"f":{},"b":{},"_coverageSchema":"1a1c01bbd47fc00a2c39e90264f33305004495a9","hash":"c9532b23b0fd0f648e9c0f5af87075155add651c"}
,"/home/marcelo/Escritorio/workspace-stocker/stockerSinCambios/Backend/GR07-EquipoStocker-BackEnd/models/producto.js": {"path":"/home/marcelo/Escritorio/workspace-stocker/stockerSinCambios/Backend/GR07-EquipoStocker-BackEnd/models/producto.js","statementMap":{"0":{"start":{"line":2,"column":15},"end":{"line":2,"column":34}},"1":{"start":{"line":3,"column":22},"end":{"line":3,"column":58}},"2":{"start":{"line":6,"column":13},"end":{"line":6,"column":28}},"3":{"start":{"line":8,"column":14},"end":{"line":11,"column":1}},"4":{"start":{"line":14,"column":21},"end":{"line":37,"column":31}},"5":{"start":{"line":40,"column":0},"end":{"line":40,"column":70}},"6":{"start":{"line":43,"column":0},"end":{"line":43,"column":60}}},"fnMap":{},"branchMap":{},"s":{"0":1,"1":1,"2":1,"3":1,"4":1,"5":1,"6":1},"f":{},"b":{},"_coverageSchema":"1a1c01bbd47fc00a2c39e90264f33305004495a9","hash":"cb7ceb5cc41d6815e427e60d438406004d1858c6"}
,"/home/marcelo/Escritorio/workspace-stocker/stockerSinCambios/Backend/GR07-EquipoStocker-BackEnd/models/proveedor.js": {"path":"/home/marcelo/Escritorio/workspace-stocker/stockerSinCambios/Backend/GR07-EquipoStocker-BackEnd/models/proveedor.js","statementMap":{"0":{"start":{"line":2,"column":15},"end":{"line":2,"column":34}},"1":{"start":{"line":3,"column":22},"end":{"line":3,"column":58}},"2":{"start":{"line":6,"column":13},"end":{"line":6,"column":28}},"3":{"start":{"line":8,"column":14},"end":{"line":11,"column":1}},"4":{"start":{"line":14,"column":22},"end":{"line":32,"column":2}},"5":{"start":{"line":35,"column":0},"end":{"line":35,"column":71}},"6":{"start":{"line":38,"column":0},"end":{"line":38,"column":62}}},"fnMap":{},"branchMap":{},"s":{"0":1,"1":1,"2":1,"3":1,"4":1,"5":1,"6":1},"f":{},"b":{},"_coverageSchema":"1a1c01bbd47fc00a2c39e90264f33305004495a9","hash":"0d3eebf0386b05b9c19cfb09fd6a505ec5904280"}
,"/home/marcelo/Escritorio/workspace-stocker/stockerSinCambios/Backend/GR07-EquipoStocker-BackEnd/models/usuario.js": {"path":"/home/marcelo/Escritorio/workspace-stocker/stockerSinCambios/Backend/GR07-EquipoStocker-BackEnd/models/usuario.js","statementMap":{"0":{"start":{"line":2,"column":15},"end":{"line":2,"column":34}},"1":{"start":{"line":3,"column":22},"end":{"line":3,"column":58}},"2":{"start":{"line":6,"column":13},"end":{"line":6,"column":28}},"3":{"start":{"line":8,"column":19},"end":{"line":11,"column":1}},"4":{"start":{"line":15,"column":20},"end":{"line":44,"column":2}},"5":{"start":{"line":47,"column":0},"end":{"line":47,"column":69}},"6":{"start":{"line":50,"column":0},"end":{"line":50,"column":58}}},"fnMap":{},"branchMap":{},"s":{"0":1,"1":1,"2":1,"3":1,"4":1,"5":1,"6":1},"f":{},"b":{},"_coverageSchema":"1a1c01bbd47fc00a2c39e90264f33305004495a9","hash":"d8f08bfd9203711b9a8ba58e8665f93726044883"}
,"/home/marcelo/Escritorio/workspace-stocker/stockerSinCambios/Backend/GR07-EquipoStocker-BackEnd/routes/busqueda.js": {"path":"/home/marcelo/Escritorio/workspace-stocker/stockerSinCambios/Backend/GR07-EquipoStocker-BackEnd/routes/busqueda.js","statementMap":{"0":{"start":{"line":2,"column":14},"end":{"line":2,"column":32}},"1":{"start":{"line":3,"column":10},"end":{"line":3,"column":19}},"2":{"start":{"line":4,"column":14},"end":{"line":4,"column":42}},"3":{"start":{"line":5,"column":15},"end":{"line":5,"column":44}},"4":{"start":{"line":6,"column":16},"end":{"line":6,"column":46}},"5":{"start":{"line":7,"column":14},"end":{"line":7,"column":42}},"6":{"start":{"line":8,"column":13},"end":{"line":8,"column":40}},"7":{"start":{"line":12,"column":0},"end":{"line":49,"column":3}},"8":{"start":{"line":13,"column":19},"end":{"line":13,"column":38}},"9":{"start":{"line":14,"column":16},"end":{"line":14,"column":32}},"10":{"start":{"line":15,"column":16},"end":{"line":15,"column":41}},"11":{"start":{"line":19,"column":4},"end":{"line":42,"column":5}},"12":{"start":{"line":21,"column":12},"end":{"line":21,"column":54}},"13":{"start":{"line":22,"column":12},"end":{"line":22,"column":18}},"14":{"start":{"line":24,"column":12},"end":{"line":24,"column":55}},"15":{"start":{"line":25,"column":12},"end":{"line":25,"column":18}},"16":{"start":{"line":27,"column":12},"end":{"line":27,"column":55}},"17":{"start":{"line":28,"column":12},"end":{"line":28,"column":18}},"18":{"start":{"line":30,"column":12},"end":{"line":30,"column":53}},"19":{"start":{"line":31,"column":12},"end":{"line":31,"column":18}},"20":{"start":{"line":33,"column":12},"end":{"line":33,"column":52}},"21":{"start":{"line":34,"column":12},"end":{"line":34,"column":18}},"22":{"start":{"line":37,"column":12},"end":{"line":41,"column":15}},"23":{"start":{"line":43,"column":4},"end":{"line":48,"column":7}},"24":{"start":{"line":44,"column":8},"end":{"line":47,"column":11}},"25":{"start":{"line":52,"column":0},"end":{"line":75,"column":3}},"26":{"start":{"line":53,"column":19},"end":{"line":53,"column":38}},"27":{"start":{"line":54,"column":16},"end":{"line":54,"column":41}},"28":{"start":{"line":59,"column":4},"end":{"line":74,"column":7}},"29":{"start":{"line":66,"column":8},"end":{"line":73,"column":11}},"30":{"start":{"line":79,"column":4},"end":{"line":89,"column":7}},"31":{"start":{"line":80,"column":8},"end":{"line":88,"column":15}},"32":{"start":{"line":83,"column":16},"end":{"line":87,"column":17}},"33":{"start":{"line":84,"column":20},"end":{"line":84,"column":60}},"34":{"start":{"line":86,"column":20},"end":{"line":86,"column":38}},"35":{"start":{"line":93,"column":4},"end":{"line":103,"column":7}},"36":{"start":{"line":94,"column":8},"end":{"line":102,"column":15}},"37":{"start":{"line":97,"column":16},"end":{"line":101,"column":17}},"38":{"start":{"line":98,"column":20},"end":{"line":98,"column":61}},"39":{"start":{"line":100,"column":20},"end":{"line":100,"column":39}},"40":{"start":{"line":107,"column":4},"end":{"line":119,"column":7}},"41":{"start":{"line":108,"column":8},"end":{"line":118,"column":15}},"42":{"start":{"line":113,"column":16},"end":{"line":117,"column":17}},"43":{"start":{"line":114,"column":20},"end":{"line":114,"column":56}},"44":{"start":{"line":116,"column":20},"end":{"line":116,"column":39}},"45":{"start":{"line":123,"column":4},"end":{"line":135,"column":7}},"46":{"start":{"line":124,"column":8},"end":{"line":134,"column":15}},"47":{"start":{"line":129,"column":16},"end":{"line":133,"column":17}},"48":{"start":{"line":130,"column":20},"end":{"line":130,"column":54}},"49":{"start":{"line":132,"column":20},"end":{"line":132,"column":37}},"50":{"start":{"line":139,"column":4},"end":{"line":152,"column":7}},"51":{"start":{"line":140,"column":8},"end":{"line":151,"column":15}},"52":{"start":{"line":146,"column":16},"end":{"line":150,"column":17}},"53":{"start":{"line":147,"column":20},"end":{"line":147,"column":58}},"54":{"start":{"line":149,"column":20},"end":{"line":149,"column":36}},"55":{"start":{"line":155,"column":0},"end":{"line":155,"column":21}}},"fnMap":{"0":{"name":"(anonymous_0)","decl":{"start":{"line":12,"column":39},"end":{"line":12,"column":40}},"loc":{"start":{"line":12,"column":59},"end":{"line":49,"column":1}},"line":12},"1":{"name":"(anonymous_1)","decl":{"start":{"line":43,"column":17},"end":{"line":43,"column":18}},"loc":{"start":{"line":43,"column":27},"end":{"line":48,"column":5}},"line":43},"2":{"name":"(anonymous_2)","decl":{"start":{"line":52,"column":27},"end":{"line":52,"column":28}},"loc":{"start":{"line":52,"column":47},"end":{"line":75,"column":1}},"line":52},"3":{"name":"(anonymous_3)","decl":{"start":{"line":65,"column":12},"end":{"line":65,"column":13}},"loc":{"start":{"line":65,"column":28},"end":{"line":74,"column":5}},"line":65},"4":{"name":"buscarUsuarios","decl":{"start":{"line":78,"column":9},"end":{"line":78,"column":23}},"loc":{"start":{"line":78,"column":41},"end":{"line":90,"column":1}},"line":78},"5":{"name":"(anonymous_5)","decl":{"start":{"line":79,"column":23},"end":{"line":79,"column":24}},"loc":{"start":{"line":79,"column":44},"end":{"line":89,"column":5}},"line":79},"6":{"name":"(anonymous_6)","decl":{"start":{"line":82,"column":18},"end":{"line":82,"column":19}},"loc":{"start":{"line":82,"column":37},"end":{"line":88,"column":13}},"line":82},"7":{"name":"buscarProductos","decl":{"start":{"line":92,"column":9},"end":{"line":92,"column":24}},"loc":{"start":{"line":92,"column":42},"end":{"line":104,"column":1}},"line":92},"8":{"name":"(anonymous_8)","decl":{"start":{"line":93,"column":23},"end":{"line":93,"column":24}},"loc":{"start":{"line":93,"column":44},"end":{"line":103,"column":5}},"line":93},"9":{"name":"(anonymous_9)","decl":{"start":{"line":96,"column":18},"end":{"line":96,"column":19}},"loc":{"start":{"line":96,"column":38},"end":{"line":102,"column":13}},"line":96},"10":{"name":"buscarProveedor","decl":{"start":{"line":106,"column":9},"end":{"line":106,"column":24}},"loc":{"start":{"line":106,"column":42},"end":{"line":120,"column":1}},"line":106},"11":{"name":"(anonymous_11)","decl":{"start":{"line":107,"column":23},"end":{"line":107,"column":24}},"loc":{"start":{"line":107,"column":44},"end":{"line":119,"column":5}},"line":107},"12":{"name":"(anonymous_12)","decl":{"start":{"line":112,"column":18},"end":{"line":112,"column":19}},"loc":{"start":{"line":112,"column":38},"end":{"line":118,"column":13}},"line":112},"13":{"name":"buscarCliente","decl":{"start":{"line":122,"column":9},"end":{"line":122,"column":22}},"loc":{"start":{"line":122,"column":40},"end":{"line":136,"column":1}},"line":122},"14":{"name":"(anonymous_14)","decl":{"start":{"line":123,"column":23},"end":{"line":123,"column":24}},"loc":{"start":{"line":123,"column":44},"end":{"line":135,"column":5}},"line":123},"15":{"name":"(anonymous_15)","decl":{"start":{"line":128,"column":18},"end":{"line":128,"column":19}},"loc":{"start":{"line":128,"column":36},"end":{"line":134,"column":13}},"line":128},"16":{"name":"buscarPedido","decl":{"start":{"line":138,"column":9},"end":{"line":138,"column":21}},"loc":{"start":{"line":138,"column":39},"end":{"line":153,"column":1}},"line":138},"17":{"name":"(anonymous_17)","decl":{"start":{"line":139,"column":23},"end":{"line":139,"column":24}},"loc":{"start":{"line":139,"column":44},"end":{"line":152,"column":5}},"line":139},"18":{"name":"(anonymous_18)","decl":{"start":{"line":145,"column":18},"end":{"line":145,"column":19}},"loc":{"start":{"line":145,"column":35},"end":{"line":151,"column":13}},"line":145}},"branchMap":{"0":{"loc":{"start":{"line":19,"column":4},"end":{"line":42,"column":5}},"type":"switch","locations":[{"start":{"line":20,"column":8},"end":{"line":22,"column":18}},{"start":{"line":23,"column":8},"end":{"line":25,"column":18}},{"start":{"line":26,"column":8},"end":{"line":28,"column":18}},{"start":{"line":29,"column":8},"end":{"line":31,"column":18}},{"start":{"line":32,"column":8},"end":{"line":34,"column":18}},{"start":{"line":36,"column":8},"end":{"line":41,"column":15}}],"line":19},"1":{"loc":{"start":{"line":83,"column":16},"end":{"line":87,"column":17}},"type":"if","locations":[{"start":{"line":83,"column":16},"end":{"line":87,"column":17}},{"start":{"line":85,"column":23},"end":{"line":87,"column":17}}],"line":83},"2":{"loc":{"start":{"line":97,"column":16},"end":{"line":101,"column":17}},"type":"if","locations":[{"start":{"line":97,"column":16},"end":{"line":101,"column":17}},{"start":{"line":99,"column":23},"end":{"line":101,"column":17}}],"line":97},"3":{"loc":{"start":{"line":113,"column":16},"end":{"line":117,"column":17}},"type":"if","locations":[{"start":{"line":113,"column":16},"end":{"line":117,"column":17}},{"start":{"line":115,"column":23},"end":{"line":117,"column":17}}],"line":113},"4":{"loc":{"start":{"line":129,"column":16},"end":{"line":133,"column":17}},"type":"if","locations":[{"start":{"line":129,"column":16},"end":{"line":133,"column":17}},{"start":{"line":131,"column":23},"end":{"line":133,"column":17}}],"line":129},"5":{"loc":{"start":{"line":146,"column":16},"end":{"line":150,"column":17}},"type":"if","locations":[{"start":{"line":146,"column":16},"end":{"line":150,"column":17}},{"start":{"line":148,"column":23},"end":{"line":150,"column":17}}],"line":146}},"s":{"0":1,"1":1,"2":1,"3":1,"4":1,"5":1,"6":1,"7":1,"8":1,"9":1,"10":1,"11":1,"12":1,"13":1,"14":0,"15":0,"16":0,"17":0,"18":0,"19":0,"20":0,"21":0,"22":0,"23":1,"24":1,"25":1,"26":1,"27":1,"28":1,"29":1,"30":2,"31":2,"32":2,"33":0,"34":2,"35":1,"36":1,"37":1,"38":0,"39":1,"40":1,"41":1,"42":1,"43":0,"44":1,"45":1,"46":1,"47":1,"48":0,"49":1,"50":1,"51":1,"52":1,"53":0,"54":1,"55":1},"f":{"0":1,"1":1,"2":1,"3":1,"4":2,"5":2,"6":2,"7":1,"8":1,"9":1,"10":1,"11":1,"12":1,"13":1,"14":1,"15":1,"16":1,"17":1,"18":1},"b":{"0":[1,0,0,0,0,0],"1":[0,2],"2":[0,1],"3":[0,1],"4":[0,1],"5":[0,1]},"_coverageSchema":"1a1c01bbd47fc00a2c39e90264f33305004495a9","hash":"59f5d4108ee0e0817ba19d582f9f09a3deeb7b8d"}
,"/home/marcelo/Escritorio/workspace-stocker/stockerSinCambios/Backend/GR07-EquipoStocker-BackEnd/routes/cliente.js": {"path":"/home/marcelo/Escritorio/workspace-stocker/stockerSinCambios/Backend/GR07-EquipoStocker-BackEnd/routes/cliente.js","statementMap":{"0":{"start":{"line":2,"column":14},"end":{"line":2,"column":32}},"1":{"start":{"line":3,"column":10},"end":{"line":3,"column":19}},"2":{"start":{"line":6,"column":10},"end":{"line":6,"column":33}},"3":{"start":{"line":9,"column":14},"end":{"line":9,"column":42}},"4":{"start":{"line":12,"column":22},"end":{"line":12,"column":61}},"5":{"start":{"line":15,"column":0},"end":{"line":42,"column":3}},"6":{"start":{"line":17,"column":16},"end":{"line":17,"column":36}},"7":{"start":{"line":19,"column":4},"end":{"line":41,"column":11}},"8":{"start":{"line":25,"column":12},"end":{"line":31,"column":13}},"9":{"start":{"line":26,"column":16},"end":{"line":30,"column":19}},"10":{"start":{"line":33,"column":12},"end":{"line":40,"column":15}},"11":{"start":{"line":34,"column":16},"end":{"line":39,"column":19}},"12":{"start":{"line":45,"column":0},"end":{"line":81,"column":3}},"13":{"start":{"line":49,"column":15},"end":{"line":49,"column":23}},"14":{"start":{"line":51,"column":18},"end":{"line":62,"column":6}},"15":{"start":{"line":65,"column":4},"end":{"line":80,"column":7}},"16":{"start":{"line":67,"column":8},"end":{"line":73,"column":9}},"17":{"start":{"line":68,"column":12},"end":{"line":72,"column":15}},"18":{"start":{"line":75,"column":8},"end":{"line":79,"column":11}},"19":{"start":{"line":85,"column":0},"end":{"line":132,"column":3}},"20":{"start":{"line":86,"column":13},"end":{"line":86,"column":26}},"21":{"start":{"line":87,"column":15},"end":{"line":87,"column":23}},"22":{"start":{"line":89,"column":4},"end":{"line":131,"column":7}},"23":{"start":{"line":90,"column":8},"end":{"line":96,"column":9}},"24":{"start":{"line":91,"column":12},"end":{"line":95,"column":15}},"25":{"start":{"line":98,"column":8},"end":{"line":104,"column":9}},"26":{"start":{"line":99,"column":12},"end":{"line":103,"column":15}},"27":{"start":{"line":106,"column":8},"end":{"line":106,"column":37}},"28":{"start":{"line":107,"column":8},"end":{"line":107,"column":41}},"29":{"start":{"line":108,"column":8},"end":{"line":108,"column":35}},"30":{"start":{"line":109,"column":8},"end":{"line":109,"column":43}},"31":{"start":{"line":110,"column":8},"end":{"line":110,"column":33}},"32":{"start":{"line":111,"column":8},"end":{"line":111,"column":41}},"33":{"start":{"line":112,"column":8},"end":{"line":112,"column":31}},"34":{"start":{"line":113,"column":8},"end":{"line":113,"column":39}},"35":{"start":{"line":114,"column":8},"end":{"line":114,"column":37}},"36":{"start":{"line":116,"column":8},"end":{"line":130,"column":11}},"37":{"start":{"line":117,"column":12},"end":{"line":123,"column":13}},"38":{"start":{"line":118,"column":16},"end":{"line":122,"column":19}},"39":{"start":{"line":124,"column":12},"end":{"line":124,"column":44}},"40":{"start":{"line":126,"column":12},"end":{"line":129,"column":15}},"41":{"start":{"line":135,"column":0},"end":{"line":159,"column":3}},"42":{"start":{"line":136,"column":13},"end":{"line":136,"column":26}},"43":{"start":{"line":137,"column":4},"end":{"line":158,"column":7}},"44":{"start":{"line":138,"column":8},"end":{"line":144,"column":9}},"45":{"start":{"line":139,"column":12},"end":{"line":143,"column":15}},"46":{"start":{"line":146,"column":8},"end":{"line":152,"column":9}},"47":{"start":{"line":147,"column":12},"end":{"line":151,"column":15}},"48":{"start":{"line":154,"column":8},"end":{"line":157,"column":11}},"49":{"start":{"line":162,"column":0},"end":{"line":162,"column":21}}},"fnMap":{"0":{"name":"(anonymous_0)","decl":{"start":{"line":15,"column":13},"end":{"line":15,"column":14}},"loc":{"start":{"line":15,"column":27},"end":{"line":42,"column":1}},"line":15},"1":{"name":"(anonymous_1)","decl":{"start":{"line":24,"column":14},"end":{"line":24,"column":15}},"loc":{"start":{"line":24,"column":42},"end":{"line":41,"column":9}},"line":24},"2":{"name":"(anonymous_2)","decl":{"start":{"line":33,"column":30},"end":{"line":33,"column":31}},"loc":{"start":{"line":33,"column":47},"end":{"line":40,"column":13}},"line":33},"3":{"name":"(anonymous_3)","decl":{"start":{"line":45,"column":14},"end":{"line":45,"column":15}},"loc":{"start":{"line":45,"column":28},"end":{"line":81,"column":1}},"line":45},"4":{"name":"(anonymous_4)","decl":{"start":{"line":65,"column":40},"end":{"line":65,"column":41}},"loc":{"start":{"line":65,"column":66},"end":{"line":80,"column":5}},"line":65},"5":{"name":"(anonymous_5)","decl":{"start":{"line":85,"column":47},"end":{"line":85,"column":48}},"loc":{"start":{"line":85,"column":61},"end":{"line":132,"column":1}},"line":85},"6":{"name":"(anonymous_6)","decl":{"start":{"line":89,"column":25},"end":{"line":89,"column":26}},"loc":{"start":{"line":89,"column":43},"end":{"line":131,"column":5}},"line":89},"7":{"name":"(anonymous_7)","decl":{"start":{"line":116,"column":21},"end":{"line":116,"column":22}},"loc":{"start":{"line":116,"column":47},"end":{"line":130,"column":9}},"line":116},"8":{"name":"(anonymous_8)","decl":{"start":{"line":135,"column":50},"end":{"line":135,"column":51}},"loc":{"start":{"line":135,"column":64},"end":{"line":159,"column":1}},"line":135},"9":{"name":"(anonymous_9)","decl":{"start":{"line":137,"column":34},"end":{"line":137,"column":35}},"loc":{"start":{"line":137,"column":59},"end":{"line":158,"column":5}},"line":137}},"branchMap":{"0":{"loc":{"start":{"line":17,"column":16},"end":{"line":17,"column":36}},"type":"binary-expr","locations":[{"start":{"line":17,"column":16},"end":{"line":17,"column":31}},{"start":{"line":17,"column":35},"end":{"line":17,"column":36}}],"line":17},"1":{"loc":{"start":{"line":25,"column":12},"end":{"line":31,"column":13}},"type":"if","locations":[{"start":{"line":25,"column":12},"end":{"line":31,"column":13}},{"start":{},"end":{}}],"line":25},"2":{"loc":{"start":{"line":67,"column":8},"end":{"line":73,"column":9}},"type":"if","locations":[{"start":{"line":67,"column":8},"end":{"line":73,"column":9}},{"start":{},"end":{}}],"line":67},"3":{"loc":{"start":{"line":90,"column":8},"end":{"line":96,"column":9}},"type":"if","locations":[{"start":{"line":90,"column":8},"end":{"line":96,"column":9}},{"start":{},"end":{}}],"line":90},"4":{"loc":{"start":{"line":98,"column":8},"end":{"line":104,"column":9}},"type":"if","locations":[{"start":{"line":98,"column":8},"end":{"line":104,"column":9}},{"start":{},"end":{}}],"line":98},"5":{"loc":{"start":{"line":117,"column":12},"end":{"line":123,"column":13}},"type":"if","locations":[{"start":{"line":117,"column":12},"end":{"line":123,"column":13}},{"start":{},"end":{}}],"line":117},"6":{"loc":{"start":{"line":138,"column":8},"end":{"line":144,"column":9}},"type":"if","locations":[{"start":{"line":138,"column":8},"end":{"line":144,"column":9}},{"start":{},"end":{}}],"line":138},"7":{"loc":{"start":{"line":146,"column":8},"end":{"line":152,"column":9}},"type":"if","locations":[{"start":{"line":146,"column":8},"end":{"line":152,"column":9}},{"start":{},"end":{}}],"line":146}},"s":{"0":1,"1":1,"2":1,"3":1,"4":1,"5":1,"6":2,"7":2,"8":2,"9":0,"10":2,"11":2,"12":1,"13":2,"14":2,"15":2,"16":2,"17":2,"18":0,"19":1,"20":0,"21":0,"22":0,"23":0,"24":0,"25":0,"26":0,"27":0,"28":0,"29":0,"30":0,"31":0,"32":0,"33":0,"34":0,"35":0,"36":0,"37":0,"38":0,"39":0,"40":0,"41":1,"42":0,"43":0,"44":0,"45":0,"46":0,"47":0,"48":0,"49":1},"f":{"0":2,"1":2,"2":2,"3":2,"4":2,"5":0,"6":0,"7":0,"8":0,"9":0},"b":{"0":[2,2],"1":[0,2],"2":[2,0],"3":[0,0],"4":[0,0],"5":[0,0],"6":[0,0],"7":[0,0]},"_coverageSchema":"1a1c01bbd47fc00a2c39e90264f33305004495a9","hash":"a1697b92c3107bedd2f190ee67e725e1c1c6d8e8"}
,"/home/marcelo/Escritorio/workspace-stocker/stockerSinCambios/Backend/GR07-EquipoStocker-BackEnd/routes/imagenes.js": {"path":"/home/marcelo/Escritorio/workspace-stocker/stockerSinCambios/Backend/GR07-EquipoStocker-BackEnd/routes/imagenes.js","statementMap":{"0":{"start":{"line":2,"column":14},"end":{"line":2,"column":32}},"1":{"start":{"line":3,"column":10},"end":{"line":3,"column":19}},"2":{"start":{"line":4,"column":13},"end":{"line":4,"column":28}},"3":{"start":{"line":5,"column":11},"end":{"line":5,"column":24}},"4":{"start":{"line":9,"column":0},"end":{"line":21,"column":3}},"5":{"start":{"line":10,"column":15},"end":{"line":10,"column":30}},"6":{"start":{"line":11,"column":14},"end":{"line":11,"column":28}},"7":{"start":{"line":13,"column":21},"end":{"line":13,"column":72}},"8":{"start":{"line":15,"column":4},"end":{"line":20,"column":5}},"9":{"start":{"line":16,"column":8},"end":{"line":16,"column":33}},"10":{"start":{"line":18,"column":26},"end":{"line":18,"column":80}},"11":{"start":{"line":19,"column":8},"end":{"line":19,"column":34}},"12":{"start":{"line":23,"column":0},"end":{"line":23,"column":21}}},"fnMap":{"0":{"name":"(anonymous_0)","decl":{"start":{"line":9,"column":23},"end":{"line":9,"column":24}},"loc":{"start":{"line":9,"column":37},"end":{"line":21,"column":1}},"line":9}},"branchMap":{"0":{"loc":{"start":{"line":15,"column":4},"end":{"line":20,"column":5}},"type":"if","locations":[{"start":{"line":15,"column":4},"end":{"line":20,"column":5}},{"start":{"line":17,"column":11},"end":{"line":20,"column":5}}],"line":15}},"s":{"0":1,"1":1,"2":1,"3":1,"4":1,"5":0,"6":0,"7":0,"8":0,"9":0,"10":0,"11":0,"12":1},"f":{"0":0},"b":{"0":[0,0]},"_coverageSchema":"1a1c01bbd47fc00a2c39e90264f33305004495a9","hash":"3f1225a00e22c51e43122b22a6d0f689cb861bd5"}
,"/home/marcelo/Escritorio/workspace-stocker/stockerSinCambios/Backend/GR07-EquipoStocker-BackEnd/routes/login.js": {"path":"/home/marcelo/Escritorio/workspace-stocker/stockerSinCambios/Backend/GR07-EquipoStocker-BackEnd/routes/login.js","statementMap":{"0":{"start":{"line":2,"column":14},"end":{"line":2,"column":32}},"1":{"start":{"line":3,"column":10},"end":{"line":3,"column":19}},"2":{"start":{"line":5,"column":13},"end":{"line":5,"column":32}},"3":{"start":{"line":7,"column":10},"end":{"line":7,"column":33}},"4":{"start":{"line":8,"column":14},"end":{"line":8,"column":42}},"5":{"start":{"line":10,"column":11},"end":{"line":10,"column":43}},"6":{"start":{"line":13,"column":0},"end":{"line":57,"column":3}},"7":{"start":{"line":14,"column":15},"end":{"line":14,"column":23}},"8":{"start":{"line":16,"column":4},"end":{"line":56,"column":7}},"9":{"start":{"line":17,"column":8},"end":{"line":23,"column":9}},"10":{"start":{"line":18,"column":12},"end":{"line":22,"column":15}},"11":{"start":{"line":24,"column":8},"end":{"line":31,"column":9}},"12":{"start":{"line":25,"column":12},"end":{"line":29,"column":15}},"13":{"start":{"line":32,"column":8},"end":{"line":38,"column":9}},"14":{"start":{"line":33,"column":12},"end":{"line":37,"column":15}},"15":{"start":{"line":39,"column":8},"end":{"line":45,"column":9}},"16":{"start":{"line":40,"column":12},"end":{"line":44,"column":14}},"17":{"start":{"line":46,"column":8},"end":{"line":46,"column":34}},"18":{"start":{"line":47,"column":20},"end":{"line":47,"column":80}},"19":{"start":{"line":49,"column":8},"end":{"line":54,"column":11}},"20":{"start":{"line":58,"column":0},"end":{"line":58,"column":21}}},"fnMap":{"0":{"name":"(anonymous_0)","decl":{"start":{"line":13,"column":14},"end":{"line":13,"column":15}},"loc":{"start":{"line":13,"column":28},"end":{"line":57,"column":1}},"line":13},"1":{"name":"(anonymous_1)","decl":{"start":{"line":16,"column":43},"end":{"line":16,"column":44}},"loc":{"start":{"line":16,"column":63},"end":{"line":56,"column":5}},"line":16}},"branchMap":{"0":{"loc":{"start":{"line":17,"column":8},"end":{"line":23,"column":9}},"type":"if","locations":[{"start":{"line":17,"column":8},"end":{"line":23,"column":9}},{"start":{},"end":{}}],"line":17},"1":{"loc":{"start":{"line":24,"column":8},"end":{"line":31,"column":9}},"type":"if","locations":[{"start":{"line":24,"column":8},"end":{"line":31,"column":9}},{"start":{},"end":{}}],"line":24},"2":{"loc":{"start":{"line":32,"column":8},"end":{"line":38,"column":9}},"type":"if","locations":[{"start":{"line":32,"column":8},"end":{"line":38,"column":9}},{"start":{},"end":{}}],"line":32},"3":{"loc":{"start":{"line":39,"column":8},"end":{"line":45,"column":9}},"type":"if","locations":[{"start":{"line":39,"column":8},"end":{"line":45,"column":9}},{"start":{},"end":{}}],"line":39}},"s":{"0":1,"1":1,"2":1,"3":1,"4":1,"5":1,"6":1,"7":1,"8":1,"9":1,"10":0,"11":1,"12":0,"13":1,"14":1,"15":0,"16":0,"17":0,"18":0,"19":0,"20":1},"f":{"0":1,"1":1},"b":{"0":[0,1],"1":[0,1],"2":[1,0],"3":[0,0]},"_coverageSchema":"1a1c01bbd47fc00a2c39e90264f33305004495a9","hash":"9f4443033595c4d2de95e34b7b2acbbd437d2d9a"}
,"/home/marcelo/Escritorio/workspace-stocker/stockerSinCambios/Backend/GR07-EquipoStocker-BackEnd/routes/pedido.js": {"path":"/home/marcelo/Escritorio/workspace-stocker/stockerSinCambios/Backend/GR07-EquipoStocker-BackEnd/routes/pedido.js","statementMap":{"0":{"start":{"line":1,"column":14},"end":{"line":1,"column":32}},"1":{"start":{"line":2,"column":10},"end":{"line":2,"column":19}},"2":{"start":{"line":3,"column":13},"end":{"line":3,"column":40}},"3":{"start":{"line":4,"column":22},"end":{"line":4,"column":61}},"4":{"start":{"line":5,"column":16},"end":{"line":5,"column":44}},"5":{"start":{"line":6,"column":15},"end":{"line":6,"column":44}},"6":{"start":{"line":7,"column":14},"end":{"line":7,"column":42}},"7":{"start":{"line":8,"column":15},"end":{"line":8,"column":33}},"8":{"start":{"line":10,"column":0},"end":{"line":38,"column":3}},"9":{"start":{"line":11,"column":16},"end":{"line":11,"column":37}},"10":{"start":{"line":12,"column":4},"end":{"line":12,"column":26}},"11":{"start":{"line":14,"column":4},"end":{"line":37,"column":11}},"12":{"start":{"line":21,"column":12},"end":{"line":27,"column":13}},"13":{"start":{"line":22,"column":16},"end":{"line":26,"column":19}},"14":{"start":{"line":28,"column":12},"end":{"line":36,"column":15}},"15":{"start":{"line":29,"column":16},"end":{"line":35,"column":19}},"16":{"start":{"line":40,"column":0},"end":{"line":68,"column":3}},"17":{"start":{"line":41,"column":16},"end":{"line":41,"column":37}},"18":{"start":{"line":42,"column":4},"end":{"line":42,"column":26}},"19":{"start":{"line":43,"column":12},"end":{"line":43,"column":13}},"20":{"start":{"line":44,"column":13},"end":{"line":44,"column":26}},"21":{"start":{"line":45,"column":17},"end":{"line":45,"column":19}},"22":{"start":{"line":46,"column":4},"end":{"line":46,"column":15}},"23":{"start":{"line":47,"column":4},"end":{"line":67,"column":7}},"24":{"start":{"line":48,"column":8},"end":{"line":54,"column":9}},"25":{"start":{"line":49,"column":12},"end":{"line":53,"column":15}},"26":{"start":{"line":55,"column":8},"end":{"line":61,"column":9}},"27":{"start":{"line":56,"column":12},"end":{"line":60,"column":15}},"28":{"start":{"line":62,"column":8},"end":{"line":66,"column":11}},"29":{"start":{"line":70,"column":0},"end":{"line":104,"column":3}},"30":{"start":{"line":71,"column":16},"end":{"line":71,"column":37}},"31":{"start":{"line":72,"column":4},"end":{"line":72,"column":26}},"32":{"start":{"line":73,"column":12},"end":{"line":73,"column":13}},"33":{"start":{"line":74,"column":13},"end":{"line":74,"column":26}},"34":{"start":{"line":75,"column":17},"end":{"line":75,"column":19}},"35":{"start":{"line":76,"column":4},"end":{"line":76,"column":15}},"36":{"start":{"line":78,"column":4},"end":{"line":103,"column":11}},"37":{"start":{"line":83,"column":12},"end":{"line":89,"column":13}},"38":{"start":{"line":84,"column":16},"end":{"line":88,"column":19}},"39":{"start":{"line":90,"column":12},"end":{"line":95,"column":13}},"40":{"start":{"line":91,"column":16},"end":{"line":94,"column":17}},"41":{"start":{"line":92,"column":20},"end":{"line":92,"column":44}},"42":{"start":{"line":93,"column":20},"end":{"line":93,"column":40}},"43":{"start":{"line":96,"column":12},"end":{"line":102,"column":15}},"44":{"start":{"line":106,"column":0},"end":{"line":172,"column":3}},"45":{"start":{"line":107,"column":15},"end":{"line":107,"column":23}},"46":{"start":{"line":108,"column":25},"end":{"line":108,"column":26}},"47":{"start":{"line":110,"column":19},"end":{"line":171,"column":6}},"48":{"start":{"line":111,"column":8},"end":{"line":117,"column":9}},"49":{"start":{"line":112,"column":12},"end":{"line":116,"column":15}},"50":{"start":{"line":118,"column":8},"end":{"line":124,"column":9}},"51":{"start":{"line":119,"column":12},"end":{"line":123,"column":15}},"52":{"start":{"line":126,"column":8},"end":{"line":132,"column":9}},"53":{"start":{"line":127,"column":12},"end":{"line":131,"column":15}},"54":{"start":{"line":134,"column":22},"end":{"line":134,"column":30}},"55":{"start":{"line":135,"column":28},"end":{"line":135,"column":42}},"56":{"start":{"line":137,"column":21},"end":{"line":145,"column":10}},"57":{"start":{"line":147,"column":8},"end":{"line":156,"column":9}},"58":{"start":{"line":148,"column":12},"end":{"line":148,"column":60}},"59":{"start":{"line":149,"column":12},"end":{"line":149,"column":36}},"60":{"start":{"line":151,"column":12},"end":{"line":155,"column":15}},"61":{"start":{"line":158,"column":8},"end":{"line":170,"column":11}},"62":{"start":{"line":159,"column":12},"end":{"line":165,"column":13}},"63":{"start":{"line":160,"column":16},"end":{"line":164,"column":19}},"64":{"start":{"line":166,"column":12},"end":{"line":169,"column":15}},"65":{"start":{"line":174,"column":0},"end":{"line":353,"column":3}},"66":{"start":{"line":175,"column":13},"end":{"line":175,"column":26}},"67":{"start":{"line":176,"column":15},"end":{"line":176,"column":23}},"68":{"start":{"line":177,"column":22},"end":{"line":177,"column":23}},"69":{"start":{"line":178,"column":4},"end":{"line":352,"column":7}},"70":{"start":{"line":179,"column":8},"end":{"line":185,"column":9}},"71":{"start":{"line":180,"column":12},"end":{"line":184,"column":15}},"72":{"start":{"line":186,"column":8},"end":{"line":192,"column":9}},"73":{"start":{"line":187,"column":12},"end":{"line":191,"column":15}},"74":{"start":{"line":193,"column":8},"end":{"line":205,"column":9}},"75":{"start":{"line":194,"column":12},"end":{"line":194,"column":40}},"76":{"start":{"line":195,"column":35},"end":{"line":197,"column":14}},"77":{"start":{"line":198,"column":12},"end":{"line":203,"column":15}},"78":{"start":{"line":199,"column":16},"end":{"line":202,"column":19}},"79":{"start":{"line":206,"column":8},"end":{"line":212,"column":9}},"80":{"start":{"line":207,"column":12},"end":{"line":211,"column":15}},"81":{"start":{"line":214,"column":8},"end":{"line":351,"column":11}},"82":{"start":{"line":215,"column":12},"end":{"line":221,"column":13}},"83":{"start":{"line":216,"column":16},"end":{"line":220,"column":19}},"84":{"start":{"line":222,"column":12},"end":{"line":228,"column":13}},"85":{"start":{"line":223,"column":16},"end":{"line":227,"column":19}},"86":{"start":{"line":229,"column":12},"end":{"line":350,"column":13}},"87":{"start":{"line":231,"column":16},"end":{"line":295,"column":19}},"88":{"start":{"line":232,"column":20},"end":{"line":238,"column":21}},"89":{"start":{"line":233,"column":24},"end":{"line":237,"column":27}},"90":{"start":{"line":239,"column":20},"end":{"line":245,"column":21}},"91":{"start":{"line":240,"column":24},"end":{"line":244,"column":27}},"92":{"start":{"line":247,"column":20},"end":{"line":270,"column":21}},"93":{"start":{"line":248,"column":24},"end":{"line":248,"column":82}},"94":{"start":{"line":249,"column":24},"end":{"line":249,"column":58}},"95":{"start":{"line":250,"column":24},"end":{"line":250,"column":74}},"96":{"start":{"line":251,"column":24},"end":{"line":251,"column":48}},"97":{"start":{"line":253,"column":27},"end":{"line":270,"column":21}},"98":{"start":{"line":254,"column":24},"end":{"line":254,"column":82}},"99":{"start":{"line":255,"column":24},"end":{"line":255,"column":58}},"100":{"start":{"line":256,"column":24},"end":{"line":256,"column":74}},"101":{"start":{"line":257,"column":24},"end":{"line":257,"column":48}},"102":{"start":{"line":259,"column":27},"end":{"line":270,"column":21}},"103":{"start":{"line":260,"column":24},"end":{"line":260,"column":54}},"104":{"start":{"line":261,"column":27},"end":{"line":270,"column":21}},"105":{"start":{"line":262,"column":24},"end":{"line":262,"column":84}},"106":{"start":{"line":263,"column":24},"end":{"line":263,"column":58}},"107":{"start":{"line":265,"column":24},"end":{"line":269,"column":27}},"108":{"start":{"line":272,"column":20},"end":{"line":272,"column":50}},"109":{"start":{"line":273,"column":20},"end":{"line":273,"column":52}},"110":{"start":{"line":274,"column":20},"end":{"line":274,"column":52}},"111":{"start":{"line":275,"column":20},"end":{"line":275,"column":48}},"112":{"start":{"line":276,"column":20},"end":{"line":276,"column":72}},"113":{"start":{"line":277,"column":20},"end":{"line":277,"column":50}},"114":{"start":{"line":278,"column":43},"end":{"line":280,"column":22}},"115":{"start":{"line":282,"column":20},"end":{"line":294,"column":23}},"116":{"start":{"line":283,"column":24},"end":{"line":289,"column":25}},"117":{"start":{"line":284,"column":28},"end":{"line":288,"column":31}},"118":{"start":{"line":290,"column":24},"end":{"line":293,"column":27}},"119":{"start":{"line":297,"column":16},"end":{"line":325,"column":17}},"120":{"start":{"line":298,"column":20},"end":{"line":318,"column":21}},"121":{"start":{"line":299,"column":24},"end":{"line":299,"column":70}},"122":{"start":{"line":300,"column":24},"end":{"line":300,"column":70}},"123":{"start":{"line":301,"column":24},"end":{"line":301,"column":48}},"124":{"start":{"line":302,"column":27},"end":{"line":318,"column":21}},"125":{"start":{"line":303,"column":24},"end":{"line":303,"column":70}},"126":{"start":{"line":304,"column":24},"end":{"line":304,"column":70}},"127":{"start":{"line":305,"column":24},"end":{"line":305,"column":48}},"128":{"start":{"line":307,"column":27},"end":{"line":318,"column":21}},"129":{"start":{"line":308,"column":24},"end":{"line":308,"column":54}},"130":{"start":{"line":309,"column":27},"end":{"line":318,"column":21}},"131":{"start":{"line":310,"column":24},"end":{"line":310,"column":74}},"132":{"start":{"line":311,"column":24},"end":{"line":311,"column":48}},"133":{"start":{"line":313,"column":24},"end":{"line":317,"column":27}},"134":{"start":{"line":320,"column":20},"end":{"line":324,"column":23}},"135":{"start":{"line":327,"column":16},"end":{"line":327,"column":46}},"136":{"start":{"line":328,"column":16},"end":{"line":328,"column":48}},"137":{"start":{"line":329,"column":16},"end":{"line":329,"column":48}},"138":{"start":{"line":330,"column":16},"end":{"line":330,"column":44}},"139":{"start":{"line":331,"column":16},"end":{"line":331,"column":63}},"140":{"start":{"line":332,"column":16},"end":{"line":332,"column":46}},"141":{"start":{"line":333,"column":39},"end":{"line":335,"column":18}},"142":{"start":{"line":337,"column":16},"end":{"line":349,"column":19}},"143":{"start":{"line":338,"column":20},"end":{"line":344,"column":21}},"144":{"start":{"line":339,"column":24},"end":{"line":343,"column":27}},"145":{"start":{"line":345,"column":20},"end":{"line":348,"column":23}},"146":{"start":{"line":356,"column":0},"end":{"line":414,"column":3}},"147":{"start":{"line":357,"column":13},"end":{"line":357,"column":26}},"148":{"start":{"line":359,"column":4},"end":{"line":392,"column":7}},"149":{"start":{"line":360,"column":8},"end":{"line":366,"column":9}},"150":{"start":{"line":361,"column":12},"end":{"line":365,"column":15}},"151":{"start":{"line":367,"column":8},"end":{"line":373,"column":9}},"152":{"start":{"line":368,"column":12},"end":{"line":372,"column":15}},"153":{"start":{"line":374,"column":8},"end":{"line":391,"column":11}},"154":{"start":{"line":375,"column":12},"end":{"line":381,"column":13}},"155":{"start":{"line":376,"column":16},"end":{"line":380,"column":19}},"156":{"start":{"line":382,"column":12},"end":{"line":388,"column":13}},"157":{"start":{"line":383,"column":16},"end":{"line":387,"column":19}},"158":{"start":{"line":389,"column":12},"end":{"line":389,"column":62}},"159":{"start":{"line":390,"column":12},"end":{"line":390,"column":36}},"160":{"start":{"line":394,"column":4},"end":{"line":413,"column":7}},"161":{"start":{"line":395,"column":8},"end":{"line":401,"column":9}},"162":{"start":{"line":396,"column":12},"end":{"line":400,"column":15}},"163":{"start":{"line":402,"column":8},"end":{"line":408,"column":9}},"164":{"start":{"line":403,"column":12},"end":{"line":407,"column":15}},"165":{"start":{"line":409,"column":8},"end":{"line":412,"column":11}},"166":{"start":{"line":416,"column":0},"end":{"line":416,"column":21}}},"fnMap":{"0":{"name":"(anonymous_0)","decl":{"start":{"line":10,"column":13},"end":{"line":10,"column":14}},"loc":{"start":{"line":10,"column":27},"end":{"line":38,"column":1}},"line":10},"1":{"name":"(anonymous_1)","decl":{"start":{"line":20,"column":14},"end":{"line":20,"column":15}},"loc":{"start":{"line":20,"column":53},"end":{"line":37,"column":9}},"line":20},"2":{"name":"(anonymous_2)","decl":{"start":{"line":28,"column":29},"end":{"line":28,"column":30}},"loc":{"start":{"line":28,"column":46},"end":{"line":36,"column":13}},"line":28},"3":{"name":"(anonymous_3)","decl":{"start":{"line":40,"column":16},"end":{"line":40,"column":17}},"loc":{"start":{"line":40,"column":30},"end":{"line":68,"column":1}},"line":40},"4":{"name":"(anonymous_4)","decl":{"start":{"line":47,"column":24},"end":{"line":47,"column":25}},"loc":{"start":{"line":47,"column":41},"end":{"line":67,"column":5}},"line":47},"5":{"name":"(anonymous_5)","decl":{"start":{"line":70,"column":24},"end":{"line":70,"column":25}},"loc":{"start":{"line":70,"column":38},"end":{"line":104,"column":1}},"line":70},"6":{"name":"(anonymous_6)","decl":{"start":{"line":82,"column":14},"end":{"line":82,"column":15}},"loc":{"start":{"line":82,"column":53},"end":{"line":103,"column":9}},"line":82},"7":{"name":"(anonymous_7)","decl":{"start":{"line":106,"column":45},"end":{"line":106,"column":46}},"loc":{"start":{"line":106,"column":59},"end":{"line":172,"column":1}},"line":106},"8":{"name":"(anonymous_8)","decl":{"start":{"line":110,"column":52},"end":{"line":110,"column":53}},"loc":{"start":{"line":110,"column":71},"end":{"line":171,"column":5}},"line":110},"9":{"name":"(anonymous_9)","decl":{"start":{"line":158,"column":20},"end":{"line":158,"column":21}},"loc":{"start":{"line":158,"column":45},"end":{"line":170,"column":9}},"line":158},"10":{"name":"(anonymous_10)","decl":{"start":{"line":174,"column":47},"end":{"line":174,"column":48}},"loc":{"start":{"line":174,"column":61},"end":{"line":353,"column":1}},"line":174},"11":{"name":"(anonymous_11)","decl":{"start":{"line":178,"column":24},"end":{"line":178,"column":25}},"loc":{"start":{"line":178,"column":41},"end":{"line":352,"column":5}},"line":178},"12":{"name":"(anonymous_12)","decl":{"start":{"line":198,"column":31},"end":{"line":198,"column":32}},"loc":{"start":{"line":198,"column":51},"end":{"line":203,"column":13}},"line":198},"13":{"name":"(anonymous_13)","decl":{"start":{"line":214,"column":43},"end":{"line":214,"column":44}},"loc":{"start":{"line":214,"column":62},"end":{"line":351,"column":9}},"line":214},"14":{"name":"(anonymous_14)","decl":{"start":{"line":231,"column":49},"end":{"line":231,"column":50}},"loc":{"start":{"line":231,"column":73},"end":{"line":295,"column":17}},"line":231},"15":{"name":"(anonymous_15)","decl":{"start":{"line":282,"column":32},"end":{"line":282,"column":33}},"loc":{"start":{"line":282,"column":57},"end":{"line":294,"column":21}},"line":282},"16":{"name":"(anonymous_16)","decl":{"start":{"line":337,"column":28},"end":{"line":337,"column":29}},"loc":{"start":{"line":337,"column":53},"end":{"line":349,"column":17}},"line":337},"17":{"name":"(anonymous_17)","decl":{"start":{"line":356,"column":50},"end":{"line":356,"column":51}},"loc":{"start":{"line":356,"column":64},"end":{"line":414,"column":1}},"line":356},"18":{"name":"(anonymous_18)","decl":{"start":{"line":359,"column":24},"end":{"line":359,"column":25}},"loc":{"start":{"line":359,"column":41},"end":{"line":392,"column":5}},"line":359},"19":{"name":"(anonymous_19)","decl":{"start":{"line":374,"column":43},"end":{"line":374,"column":44}},"loc":{"start":{"line":374,"column":62},"end":{"line":391,"column":9}},"line":374},"20":{"name":"(anonymous_20)","decl":{"start":{"line":394,"column":33},"end":{"line":394,"column":34}},"loc":{"start":{"line":394,"column":57},"end":{"line":413,"column":5}},"line":394}},"branchMap":{"0":{"loc":{"start":{"line":11,"column":16},"end":{"line":11,"column":37}},"type":"binary-expr","locations":[{"start":{"line":11,"column":16},"end":{"line":11,"column":32}},{"start":{"line":11,"column":36},"end":{"line":11,"column":37}}],"line":11},"1":{"loc":{"start":{"line":21,"column":12},"end":{"line":27,"column":13}},"type":"if","locations":[{"start":{"line":21,"column":12},"end":{"line":27,"column":13}},{"start":{},"end":{}}],"line":21},"2":{"loc":{"start":{"line":41,"column":16},"end":{"line":41,"column":37}},"type":"binary-expr","locations":[{"start":{"line":41,"column":16},"end":{"line":41,"column":32}},{"start":{"line":41,"column":36},"end":{"line":41,"column":37}}],"line":41},"3":{"loc":{"start":{"line":48,"column":8},"end":{"line":54,"column":9}},"type":"if","locations":[{"start":{"line":48,"column":8},"end":{"line":54,"column":9}},{"start":{},"end":{}}],"line":48},"4":{"loc":{"start":{"line":55,"column":8},"end":{"line":61,"column":9}},"type":"if","locations":[{"start":{"line":55,"column":8},"end":{"line":61,"column":9}},{"start":{},"end":{}}],"line":55},"5":{"loc":{"start":{"line":71,"column":16},"end":{"line":71,"column":37}},"type":"binary-expr","locations":[{"start":{"line":71,"column":16},"end":{"line":71,"column":32}},{"start":{"line":71,"column":36},"end":{"line":71,"column":37}}],"line":71},"6":{"loc":{"start":{"line":83,"column":12},"end":{"line":89,"column":13}},"type":"if","locations":[{"start":{"line":83,"column":12},"end":{"line":89,"column":13}},{"start":{},"end":{}}],"line":83},"7":{"loc":{"start":{"line":91,"column":16},"end":{"line":94,"column":17}},"type":"if","locations":[{"start":{"line":91,"column":16},"end":{"line":94,"column":17}},{"start":{},"end":{}}],"line":91},"8":{"loc":{"start":{"line":111,"column":8},"end":{"line":117,"column":9}},"type":"if","locations":[{"start":{"line":111,"column":8},"end":{"line":117,"column":9}},{"start":{},"end":{}}],"line":111},"9":{"loc":{"start":{"line":118,"column":8},"end":{"line":124,"column":9}},"type":"if","locations":[{"start":{"line":118,"column":8},"end":{"line":124,"column":9}},{"start":{},"end":{}}],"line":118},"10":{"loc":{"start":{"line":126,"column":8},"end":{"line":132,"column":9}},"type":"if","locations":[{"start":{"line":126,"column":8},"end":{"line":132,"column":9}},{"start":{},"end":{}}],"line":126},"11":{"loc":{"start":{"line":147,"column":8},"end":{"line":156,"column":9}},"type":"if","locations":[{"start":{"line":147,"column":8},"end":{"line":156,"column":9}},{"start":{"line":150,"column":15},"end":{"line":156,"column":9}}],"line":147},"12":{"loc":{"start":{"line":159,"column":12},"end":{"line":165,"column":13}},"type":"if","locations":[{"start":{"line":159,"column":12},"end":{"line":165,"column":13}},{"start":{},"end":{}}],"line":159},"13":{"loc":{"start":{"line":179,"column":8},"end":{"line":185,"column":9}},"type":"if","locations":[{"start":{"line":179,"column":8},"end":{"line":185,"column":9}},{"start":{},"end":{}}],"line":179},"14":{"loc":{"start":{"line":186,"column":8},"end":{"line":192,"column":9}},"type":"if","locations":[{"start":{"line":186,"column":8},"end":{"line":192,"column":9}},{"start":{},"end":{}}],"line":186},"15":{"loc":{"start":{"line":193,"column":8},"end":{"line":205,"column":9}},"type":"if","locations":[{"start":{"line":193,"column":8},"end":{"line":205,"column":9}},{"start":{},"end":{}}],"line":193},"16":{"loc":{"start":{"line":193,"column":12},"end":{"line":193,"column":70}},"type":"binary-expr","locations":[{"start":{"line":193,"column":12},"end":{"line":193,"column":40}},{"start":{"line":193,"column":44},"end":{"line":193,"column":70}}],"line":193},"17":{"loc":{"start":{"line":206,"column":8},"end":{"line":212,"column":9}},"type":"if","locations":[{"start":{"line":206,"column":8},"end":{"line":212,"column":9}},{"start":{},"end":{}}],"line":206},"18":{"loc":{"start":{"line":215,"column":12},"end":{"line":221,"column":13}},"type":"if","locations":[{"start":{"line":215,"column":12},"end":{"line":221,"column":13}},{"start":{},"end":{}}],"line":215},"19":{"loc":{"start":{"line":222,"column":12},"end":{"line":228,"column":13}},"type":"if","locations":[{"start":{"line":222,"column":12},"end":{"line":228,"column":13}},{"start":{},"end":{}}],"line":222},"20":{"loc":{"start":{"line":229,"column":12},"end":{"line":350,"column":13}},"type":"if","locations":[{"start":{"line":229,"column":12},"end":{"line":350,"column":13}},{"start":{"line":296,"column":19},"end":{"line":350,"column":13}}],"line":229},"21":{"loc":{"start":{"line":232,"column":20},"end":{"line":238,"column":21}},"type":"if","locations":[{"start":{"line":232,"column":20},"end":{"line":238,"column":21}},{"start":{},"end":{}}],"line":232},"22":{"loc":{"start":{"line":239,"column":20},"end":{"line":245,"column":21}},"type":"if","locations":[{"start":{"line":239,"column":20},"end":{"line":245,"column":21}},{"start":{},"end":{}}],"line":239},"23":{"loc":{"start":{"line":247,"column":20},"end":{"line":270,"column":21}},"type":"if","locations":[{"start":{"line":247,"column":20},"end":{"line":270,"column":21}},{"start":{"line":253,"column":27},"end":{"line":270,"column":21}}],"line":247},"24":{"loc":{"start":{"line":247,"column":24},"end":{"line":247,"column":121}},"type":"binary-expr","locations":[{"start":{"line":247,"column":24},"end":{"line":247,"column":59}},{"start":{"line":247,"column":64},"end":{"line":247,"column":88}},{"start":{"line":247,"column":92},"end":{"line":247,"column":120}}],"line":247},"25":{"loc":{"start":{"line":253,"column":27},"end":{"line":270,"column":21}},"type":"if","locations":[{"start":{"line":253,"column":27},"end":{"line":270,"column":21}},{"start":{"line":259,"column":27},"end":{"line":270,"column":21}}],"line":253},"26":{"loc":{"start":{"line":253,"column":31},"end":{"line":253,"column":124}},"type":"binary-expr","locations":[{"start":{"line":253,"column":31},"end":{"line":253,"column":62}},{"start":{"line":253,"column":67},"end":{"line":253,"column":91}},{"start":{"line":253,"column":95},"end":{"line":253,"column":123}}],"line":253},"27":{"loc":{"start":{"line":259,"column":27},"end":{"line":270,"column":21}},"type":"if","locations":[{"start":{"line":259,"column":27},"end":{"line":270,"column":21}},{"start":{"line":261,"column":27},"end":{"line":270,"column":21}}],"line":259},"28":{"loc":{"start":{"line":259,"column":31},"end":{"line":259,"column":125}},"type":"binary-expr","locations":[{"start":{"line":259,"column":31},"end":{"line":259,"column":63}},{"start":{"line":259,"column":68},"end":{"line":259,"column":92}},{"start":{"line":259,"column":96},"end":{"line":259,"column":124}}],"line":259},"29":{"loc":{"start":{"line":261,"column":27},"end":{"line":270,"column":21}},"type":"if","locations":[{"start":{"line":261,"column":27},"end":{"line":270,"column":21}},{"start":{"line":264,"column":27},"end":{"line":270,"column":21}}],"line":261},"30":{"loc":{"start":{"line":283,"column":24},"end":{"line":289,"column":25}},"type":"if","locations":[{"start":{"line":283,"column":24},"end":{"line":289,"column":25}},{"start":{},"end":{}}],"line":283},"31":{"loc":{"start":{"line":297,"column":16},"end":{"line":325,"column":17}},"type":"if","locations":[{"start":{"line":297,"column":16},"end":{"line":325,"column":17}},{"start":{"line":319,"column":23},"end":{"line":325,"column":17}}],"line":297},"32":{"loc":{"start":{"line":297,"column":20},"end":{"line":297,"column":112}},"type":"binary-expr","locations":[{"start":{"line":297,"column":20},"end":{"line":297,"column":50}},{"start":{"line":297,"column":55},"end":{"line":297,"column":79}},{"start":{"line":297,"column":83},"end":{"line":297,"column":111}}],"line":297},"33":{"loc":{"start":{"line":298,"column":20},"end":{"line":318,"column":21}},"type":"if","locations":[{"start":{"line":298,"column":20},"end":{"line":318,"column":21}},{"start":{"line":302,"column":27},"end":{"line":318,"column":21}}],"line":298},"34":{"loc":{"start":{"line":302,"column":27},"end":{"line":318,"column":21}},"type":"if","locations":[{"start":{"line":302,"column":27},"end":{"line":318,"column":21}},{"start":{"line":307,"column":27},"end":{"line":318,"column":21}}],"line":302},"35":{"loc":{"start":{"line":302,"column":31},"end":{"line":302,"column":124}},"type":"binary-expr","locations":[{"start":{"line":302,"column":31},"end":{"line":302,"column":62}},{"start":{"line":302,"column":67},"end":{"line":302,"column":91}},{"start":{"line":302,"column":95},"end":{"line":302,"column":123}}],"line":302},"36":{"loc":{"start":{"line":307,"column":27},"end":{"line":318,"column":21}},"type":"if","locations":[{"start":{"line":307,"column":27},"end":{"line":318,"column":21}},{"start":{"line":309,"column":27},"end":{"line":318,"column":21}}],"line":307},"37":{"loc":{"start":{"line":307,"column":31},"end":{"line":307,"column":125}},"type":"binary-expr","locations":[{"start":{"line":307,"column":31},"end":{"line":307,"column":63}},{"start":{"line":307,"column":68},"end":{"line":307,"column":92}},{"start":{"line":307,"column":96},"end":{"line":307,"column":124}}],"line":307},"38":{"loc":{"start":{"line":309,"column":27},"end":{"line":318,"column":21}},"type":"if","locations":[{"start":{"line":309,"column":27},"end":{"line":318,"column":21}},{"start":{"line":312,"column":27},"end":{"line":318,"column":21}}],"line":309},"39":{"loc":{"start":{"line":338,"column":20},"end":{"line":344,"column":21}},"type":"if","locations":[{"start":{"line":338,"column":20},"end":{"line":344,"column":21}},{"start":{},"end":{}}],"line":338},"40":{"loc":{"start":{"line":360,"column":8},"end":{"line":366,"column":9}},"type":"if","locations":[{"start":{"line":360,"column":8},"end":{"line":366,"column":9}},{"start":{},"end":{}}],"line":360},"41":{"loc":{"start":{"line":367,"column":8},"end":{"line":373,"column":9}},"type":"if","locations":[{"start":{"line":367,"column":8},"end":{"line":373,"column":9}},{"start":{},"end":{}}],"line":367},"42":{"loc":{"start":{"line":375,"column":12},"end":{"line":381,"column":13}},"type":"if","locations":[{"start":{"line":375,"column":12},"end":{"line":381,"column":13}},{"start":{},"end":{}}],"line":375},"43":{"loc":{"start":{"line":382,"column":12},"end":{"line":388,"column":13}},"type":"if","locations":[{"start":{"line":382,"column":12},"end":{"line":388,"column":13}},{"start":{},"end":{}}],"line":382},"44":{"loc":{"start":{"line":395,"column":8},"end":{"line":401,"column":9}},"type":"if","locations":[{"start":{"line":395,"column":8},"end":{"line":401,"column":9}},{"start":{},"end":{}}],"line":395},"45":{"loc":{"start":{"line":402,"column":8},"end":{"line":408,"column":9}},"type":"if","locations":[{"start":{"line":402,"column":8},"end":{"line":408,"column":9}},{"start":{},"end":{}}],"line":402}},"s":{"0":1,"1":1,"2":1,"3":1,"4":1,"5":1,"6":1,"7":1,"8":1,"9":0,"10":0,"11":0,"12":0,"13":0,"14":0,"15":0,"16":1,"17":0,"18":0,"19":0,"20":0,"21":0,"22":0,"23":0,"24":0,"25":0,"26":0,"27":0,"28":0,"29":1,"30":0,"31":0,"32":0,"33":0,"34":0,"35":0,"36":0,"37":0,"38":0,"39":0,"40":0,"41":0,"42":0,"43":0,"44":1,"45":0,"46":0,"47":0,"48":0,"49":0,"50":0,"51":0,"52":0,"53":0,"54":0,"55":0,"56":0,"57":0,"58":0,"59":0,"60":0,"61":0,"62":0,"63":0,"64":0,"65":1,"66":0,"67":0,"68":0,"69":0,"70":0,"71":0,"72":0,"73":0,"74":0,"75":0,"76":0,"77":0,"78":0,"79":0,"80":0,"81":0,"82":0,"83":0,"84":0,"85":0,"86":0,"87":0,"88":0,"89":0,"90":0,"91":0,"92":0,"93":0,"94":0,"95":0,"96":0,"97":0,"98":0,"99":0,"100":0,"101":0,"102":0,"103":0,"104":0,"105":0,"106":0,"107":0,"108":0,"109":0,"110":0,"111":0,"112":0,"113":0,"114":0,"115":0,"116":0,"117":0,"118":0,"119":0,"120":0,"121":0,"122":0,"123":0,"124":0,"125":0,"126":0,"127":0,"128":0,"129":0,"130":0,"131":0,"132":0,"133":0,"134":0,"135":0,"136":0,"137":0,"138":0,"139":0,"140":0,"141":0,"142":0,"143":0,"144":0,"145":0,"146":1,"147":0,"148":0,"149":0,"150":0,"151":0,"152":0,"153":0,"154":0,"155":0,"156":0,"157":0,"158":0,"159":0,"160":0,"161":0,"162":0,"163":0,"164":0,"165":0,"166":1},"f":{"0":0,"1":0,"2":0,"3":0,"4":0,"5":0,"6":0,"7":0,"8":0,"9":0,"10":0,"11":0,"12":0,"13":0,"14":0,"15":0,"16":0,"17":0,"18":0,"19":0,"20":0},"b":{"0":[0,0],"1":[0,0],"2":[0,0],"3":[0,0],"4":[0,0],"5":[0,0],"6":[0,0],"7":[0,0],"8":[0,0],"9":[0,0],"10":[0,0],"11":[0,0],"12":[0,0],"13":[0,0],"14":[0,0],"15":[0,0],"16":[0,0],"17":[0,0],"18":[0,0],"19":[0,0],"20":[0,0],"21":[0,0],"22":[0,0],"23":[0,0],"24":[0,0,0],"25":[0,0],"26":[0,0,0],"27":[0,0],"28":[0,0,0],"29":[0,0],"30":[0,0],"31":[0,0],"32":[0,0,0],"33":[0,0],"34":[0,0],"35":[0,0,0],"36":[0,0],"37":[0,0,0],"38":[0,0],"39":[0,0],"40":[0,0],"41":[0,0],"42":[0,0],"43":[0,0],"44":[0,0],"45":[0,0]},"_coverageSchema":"1a1c01bbd47fc00a2c39e90264f33305004495a9","hash":"d4b4ed52df4e944e38adda5e08a350258b874c2c"}
,"/home/marcelo/Escritorio/workspace-stocker/stockerSinCambios/Backend/GR07-EquipoStocker-BackEnd/routes/producto.js": {"path":"/home/marcelo/Escritorio/workspace-stocker/stockerSinCambios/Backend/GR07-EquipoStocker-BackEnd/routes/producto.js","statementMap":{"0":{"start":{"line":2,"column":14},"end":{"line":2,"column":32}},"1":{"start":{"line":3,"column":10},"end":{"line":3,"column":19}},"2":{"start":{"line":4,"column":15},"end":{"line":4,"column":44}},"3":{"start":{"line":5,"column":22},"end":{"line":5,"column":61}},"4":{"start":{"line":8,"column":0},"end":{"line":35,"column":3}},"5":{"start":{"line":9,"column":16},"end":{"line":9,"column":37}},"6":{"start":{"line":10,"column":4},"end":{"line":10,"column":26}},"7":{"start":{"line":12,"column":4},"end":{"line":34,"column":11}},"8":{"start":{"line":18,"column":12},"end":{"line":24,"column":13}},"9":{"start":{"line":19,"column":16},"end":{"line":23,"column":19}},"10":{"start":{"line":25,"column":12},"end":{"line":33,"column":15}},"11":{"start":{"line":26,"column":16},"end":{"line":32,"column":19}},"12":{"start":{"line":37,"column":0},"end":{"line":65,"column":3}},"13":{"start":{"line":38,"column":16},"end":{"line":38,"column":37}},"14":{"start":{"line":39,"column":13},"end":{"line":39,"column":26}},"15":{"start":{"line":40,"column":4},"end":{"line":40,"column":26}},"16":{"start":{"line":42,"column":4},"end":{"line":64,"column":11}},"17":{"start":{"line":48,"column":12},"end":{"line":54,"column":13}},"18":{"start":{"line":49,"column":16},"end":{"line":53,"column":19}},"19":{"start":{"line":55,"column":12},"end":{"line":63,"column":15}},"20":{"start":{"line":56,"column":16},"end":{"line":62,"column":19}},"21":{"start":{"line":68,"column":0},"end":{"line":95,"column":3}},"22":{"start":{"line":69,"column":15},"end":{"line":69,"column":23}},"23":{"start":{"line":71,"column":19},"end":{"line":80,"column":6}},"24":{"start":{"line":81,"column":4},"end":{"line":94,"column":7}},"25":{"start":{"line":82,"column":8},"end":{"line":88,"column":9}},"26":{"start":{"line":83,"column":12},"end":{"line":87,"column":15}},"27":{"start":{"line":89,"column":8},"end":{"line":93,"column":11}},"28":{"start":{"line":98,"column":0},"end":{"line":140,"column":3}},"29":{"start":{"line":99,"column":13},"end":{"line":99,"column":26}},"30":{"start":{"line":100,"column":15},"end":{"line":100,"column":23}},"31":{"start":{"line":101,"column":4},"end":{"line":139,"column":7}},"32":{"start":{"line":102,"column":8},"end":{"line":108,"column":9}},"33":{"start":{"line":103,"column":12},"end":{"line":107,"column":15}},"34":{"start":{"line":109,"column":8},"end":{"line":115,"column":9}},"35":{"start":{"line":110,"column":12},"end":{"line":114,"column":15}},"36":{"start":{"line":116,"column":8},"end":{"line":116,"column":38}},"37":{"start":{"line":117,"column":8},"end":{"line":117,"column":36}},"38":{"start":{"line":118,"column":8},"end":{"line":118,"column":38}},"39":{"start":{"line":119,"column":8},"end":{"line":119,"column":44}},"40":{"start":{"line":120,"column":8},"end":{"line":120,"column":38}},"41":{"start":{"line":121,"column":8},"end":{"line":121,"column":40}},"42":{"start":{"line":122,"column":33},"end":{"line":124,"column":10}},"43":{"start":{"line":126,"column":8},"end":{"line":138,"column":11}},"44":{"start":{"line":127,"column":12},"end":{"line":133,"column":13}},"45":{"start":{"line":128,"column":16},"end":{"line":132,"column":19}},"46":{"start":{"line":134,"column":12},"end":{"line":137,"column":15}},"47":{"start":{"line":143,"column":0},"end":{"line":167,"column":3}},"48":{"start":{"line":144,"column":13},"end":{"line":144,"column":26}},"49":{"start":{"line":145,"column":4},"end":{"line":166,"column":7}},"50":{"start":{"line":146,"column":8},"end":{"line":152,"column":9}},"51":{"start":{"line":147,"column":12},"end":{"line":151,"column":15}},"52":{"start":{"line":154,"column":8},"end":{"line":160,"column":9}},"53":{"start":{"line":155,"column":12},"end":{"line":159,"column":15}},"54":{"start":{"line":162,"column":8},"end":{"line":165,"column":11}},"55":{"start":{"line":169,"column":0},"end":{"line":169,"column":21}}},"fnMap":{"0":{"name":"(anonymous_0)","decl":{"start":{"line":8,"column":13},"end":{"line":8,"column":14}},"loc":{"start":{"line":8,"column":27},"end":{"line":35,"column":1}},"line":8},"1":{"name":"(anonymous_1)","decl":{"start":{"line":17,"column":14},"end":{"line":17,"column":15}},"loc":{"start":{"line":17,"column":54},"end":{"line":34,"column":9}},"line":17},"2":{"name":"(anonymous_2)","decl":{"start":{"line":25,"column":31},"end":{"line":25,"column":32}},"loc":{"start":{"line":25,"column":48},"end":{"line":33,"column":13}},"line":25},"3":{"name":"(anonymous_3)","decl":{"start":{"line":37,"column":16},"end":{"line":37,"column":17}},"loc":{"start":{"line":37,"column":30},"end":{"line":65,"column":1}},"line":37},"4":{"name":"(anonymous_4)","decl":{"start":{"line":47,"column":14},"end":{"line":47,"column":15}},"loc":{"start":{"line":47,"column":54},"end":{"line":64,"column":9}},"line":47},"5":{"name":"(anonymous_5)","decl":{"start":{"line":55,"column":31},"end":{"line":55,"column":32}},"loc":{"start":{"line":55,"column":48},"end":{"line":63,"column":13}},"line":55},"6":{"name":"(anonymous_6)","decl":{"start":{"line":68,"column":45},"end":{"line":68,"column":46}},"loc":{"start":{"line":68,"column":59},"end":{"line":95,"column":1}},"line":68},"7":{"name":"(anonymous_7)","decl":{"start":{"line":81,"column":18},"end":{"line":81,"column":19}},"loc":{"start":{"line":81,"column":45},"end":{"line":94,"column":5}},"line":81},"8":{"name":"(anonymous_8)","decl":{"start":{"line":98,"column":47},"end":{"line":98,"column":48}},"loc":{"start":{"line":98,"column":61},"end":{"line":140,"column":1}},"line":98},"9":{"name":"(anonymous_9)","decl":{"start":{"line":101,"column":26},"end":{"line":101,"column":27}},"loc":{"start":{"line":101,"column":45},"end":{"line":139,"column":5}},"line":101},"10":{"name":"(anonymous_10)","decl":{"start":{"line":126,"column":22},"end":{"line":126,"column":23}},"loc":{"start":{"line":126,"column":49},"end":{"line":138,"column":9}},"line":126},"11":{"name":"(anonymous_11)","decl":{"start":{"line":143,"column":50},"end":{"line":143,"column":51}},"loc":{"start":{"line":143,"column":64},"end":{"line":167,"column":1}},"line":143},"12":{"name":"(anonymous_12)","decl":{"start":{"line":145,"column":35},"end":{"line":145,"column":36}},"loc":{"start":{"line":145,"column":61},"end":{"line":166,"column":5}},"line":145}},"branchMap":{"0":{"loc":{"start":{"line":9,"column":16},"end":{"line":9,"column":37}},"type":"binary-expr","locations":[{"start":{"line":9,"column":16},"end":{"line":9,"column":32}},{"start":{"line":9,"column":36},"end":{"line":9,"column":37}}],"line":9},"1":{"loc":{"start":{"line":18,"column":12},"end":{"line":24,"column":13}},"type":"if","locations":[{"start":{"line":18,"column":12},"end":{"line":24,"column":13}},{"start":{},"end":{}}],"line":18},"2":{"loc":{"start":{"line":38,"column":16},"end":{"line":38,"column":37}},"type":"binary-expr","locations":[{"start":{"line":38,"column":16},"end":{"line":38,"column":32}},{"start":{"line":38,"column":36},"end":{"line":38,"column":37}}],"line":38},"3":{"loc":{"start":{"line":48,"column":12},"end":{"line":54,"column":13}},"type":"if","locations":[{"start":{"line":48,"column":12},"end":{"line":54,"column":13}},{"start":{},"end":{}}],"line":48},"4":{"loc":{"start":{"line":82,"column":8},"end":{"line":88,"column":9}},"type":"if","locations":[{"start":{"line":82,"column":8},"end":{"line":88,"column":9}},{"start":{},"end":{}}],"line":82},"5":{"loc":{"start":{"line":102,"column":8},"end":{"line":108,"column":9}},"type":"if","locations":[{"start":{"line":102,"column":8},"end":{"line":108,"column":9}},{"start":{},"end":{}}],"line":102},"6":{"loc":{"start":{"line":109,"column":8},"end":{"line":115,"column":9}},"type":"if","locations":[{"start":{"line":109,"column":8},"end":{"line":115,"column":9}},{"start":{},"end":{}}],"line":109},"7":{"loc":{"start":{"line":127,"column":12},"end":{"line":133,"column":13}},"type":"if","locations":[{"start":{"line":127,"column":12},"end":{"line":133,"column":13}},{"start":{},"end":{}}],"line":127},"8":{"loc":{"start":{"line":146,"column":8},"end":{"line":152,"column":9}},"type":"if","locations":[{"start":{"line":146,"column":8},"end":{"line":152,"column":9}},{"start":{},"end":{}}],"line":146},"9":{"loc":{"start":{"line":154,"column":8},"end":{"line":160,"column":9}},"type":"if","locations":[{"start":{"line":154,"column":8},"end":{"line":160,"column":9}},{"start":{},"end":{}}],"line":154}},"s":{"0":1,"1":1,"2":1,"3":1,"4":1,"5":1,"6":1,"7":1,"8":1,"9":0,"10":1,"11":1,"12":1,"13":0,"14":0,"15":0,"16":0,"17":0,"18":0,"19":0,"20":0,"21":1,"22":0,"23":0,"24":0,"25":0,"26":0,"27":0,"28":1,"29":0,"30":0,"31":0,"32":0,"33":0,"34":0,"35":0,"36":0,"37":0,"38":0,"39":0,"40":0,"41":0,"42":0,"43":0,"44":0,"45":0,"46":0,"47":1,"48":0,"49":0,"50":0,"51":0,"52":0,"53":0,"54":0,"55":1},"f":{"0":1,"1":1,"2":1,"3":0,"4":0,"5":0,"6":0,"7":0,"8":0,"9":0,"10":0,"11":0,"12":0},"b":{"0":[1,1],"1":[0,1],"2":[0,0],"3":[0,0],"4":[0,0],"5":[0,0],"6":[0,0],"7":[0,0],"8":[0,0],"9":[0,0]},"_coverageSchema":"1a1c01bbd47fc00a2c39e90264f33305004495a9","hash":"1e3386e515e423e334c679e06ea61050a69d20c6"}
,"/home/marcelo/Escritorio/workspace-stocker/stockerSinCambios/Backend/GR07-EquipoStocker-BackEnd/routes/proveedor.js": {"path":"/home/marcelo/Escritorio/workspace-stocker/stockerSinCambios/Backend/GR07-EquipoStocker-BackEnd/routes/proveedor.js","statementMap":{"0":{"start":{"line":2,"column":14},"end":{"line":2,"column":32}},"1":{"start":{"line":3,"column":10},"end":{"line":3,"column":19}},"2":{"start":{"line":5,"column":10},"end":{"line":5,"column":33}},"3":{"start":{"line":7,"column":16},"end":{"line":7,"column":46}},"4":{"start":{"line":9,"column":22},"end":{"line":9,"column":61}},"5":{"start":{"line":11,"column":13},"end":{"line":11,"column":32}},"6":{"start":{"line":14,"column":0},"end":{"line":41,"column":3}},"7":{"start":{"line":16,"column":16},"end":{"line":16,"column":36}},"8":{"start":{"line":18,"column":4},"end":{"line":40,"column":11}},"9":{"start":{"line":24,"column":12},"end":{"line":30,"column":13}},"10":{"start":{"line":25,"column":16},"end":{"line":29,"column":19}},"11":{"start":{"line":32,"column":12},"end":{"line":39,"column":15}},"12":{"start":{"line":33,"column":16},"end":{"line":38,"column":19}},"13":{"start":{"line":43,"column":0},"end":{"line":77,"column":3}},"14":{"start":{"line":46,"column":15},"end":{"line":46,"column":23}},"15":{"start":{"line":47,"column":20},"end":{"line":59,"column":6}},"16":{"start":{"line":61,"column":4},"end":{"line":76,"column":7}},"17":{"start":{"line":63,"column":8},"end":{"line":69,"column":9}},"18":{"start":{"line":64,"column":12},"end":{"line":68,"column":15}},"19":{"start":{"line":71,"column":8},"end":{"line":75,"column":11}},"20":{"start":{"line":80,"column":0},"end":{"line":126,"column":3}},"21":{"start":{"line":81,"column":13},"end":{"line":81,"column":26}},"22":{"start":{"line":82,"column":15},"end":{"line":82,"column":23}},"23":{"start":{"line":84,"column":4},"end":{"line":125,"column":7}},"24":{"start":{"line":85,"column":8},"end":{"line":91,"column":9}},"25":{"start":{"line":86,"column":12},"end":{"line":90,"column":15}},"26":{"start":{"line":93,"column":8},"end":{"line":99,"column":9}},"27":{"start":{"line":94,"column":12},"end":{"line":98,"column":15}},"28":{"start":{"line":101,"column":8},"end":{"line":101,"column":39}},"29":{"start":{"line":102,"column":8},"end":{"line":102,"column":45}},"30":{"start":{"line":103,"column":8},"end":{"line":103,"column":35}},"31":{"start":{"line":104,"column":8},"end":{"line":104,"column":37}},"32":{"start":{"line":105,"column":8},"end":{"line":105,"column":43}},"33":{"start":{"line":106,"column":8},"end":{"line":106,"column":55}},"34":{"start":{"line":107,"column":8},"end":{"line":107,"column":34}},"35":{"start":{"line":108,"column":8},"end":{"line":108,"column":39}},"36":{"start":{"line":109,"column":8},"end":{"line":109,"column":41}},"37":{"start":{"line":111,"column":8},"end":{"line":124,"column":11}},"38":{"start":{"line":112,"column":12},"end":{"line":118,"column":13}},"39":{"start":{"line":113,"column":16},"end":{"line":117,"column":19}},"40":{"start":{"line":119,"column":12},"end":{"line":119,"column":46}},"41":{"start":{"line":120,"column":12},"end":{"line":123,"column":15}},"42":{"start":{"line":129,"column":0},"end":{"line":153,"column":3}},"43":{"start":{"line":130,"column":13},"end":{"line":130,"column":26}},"44":{"start":{"line":131,"column":4},"end":{"line":152,"column":7}},"45":{"start":{"line":132,"column":8},"end":{"line":138,"column":9}},"46":{"start":{"line":133,"column":12},"end":{"line":137,"column":15}},"47":{"start":{"line":140,"column":8},"end":{"line":146,"column":9}},"48":{"start":{"line":141,"column":12},"end":{"line":145,"column":15}},"49":{"start":{"line":148,"column":8},"end":{"line":151,"column":11}},"50":{"start":{"line":155,"column":0},"end":{"line":155,"column":21}}},"fnMap":{"0":{"name":"(anonymous_0)","decl":{"start":{"line":14,"column":13},"end":{"line":14,"column":14}},"loc":{"start":{"line":14,"column":27},"end":{"line":41,"column":1}},"line":14},"1":{"name":"(anonymous_1)","decl":{"start":{"line":23,"column":14},"end":{"line":23,"column":15}},"loc":{"start":{"line":23,"column":43},"end":{"line":40,"column":9}},"line":23},"2":{"name":"(anonymous_2)","decl":{"start":{"line":32,"column":32},"end":{"line":32,"column":33}},"loc":{"start":{"line":32,"column":49},"end":{"line":39,"column":13}},"line":32},"3":{"name":"(anonymous_3)","decl":{"start":{"line":43,"column":45},"end":{"line":43,"column":46}},"loc":{"start":{"line":43,"column":59},"end":{"line":77,"column":1}},"line":43},"4":{"name":"(anonymous_4)","decl":{"start":{"line":61,"column":19},"end":{"line":61,"column":20}},"loc":{"start":{"line":61,"column":47},"end":{"line":76,"column":5}},"line":61},"5":{"name":"(anonymous_5)","decl":{"start":{"line":80,"column":47},"end":{"line":80,"column":48}},"loc":{"start":{"line":80,"column":61},"end":{"line":126,"column":1}},"line":80},"6":{"name":"(anonymous_6)","decl":{"start":{"line":84,"column":27},"end":{"line":84,"column":28}},"loc":{"start":{"line":84,"column":47},"end":{"line":125,"column":5}},"line":84},"7":{"name":"(anonymous_7)","decl":{"start":{"line":111,"column":23},"end":{"line":111,"column":24}},"loc":{"start":{"line":111,"column":51},"end":{"line":124,"column":9}},"line":111},"8":{"name":"(anonymous_8)","decl":{"start":{"line":129,"column":50},"end":{"line":129,"column":51}},"loc":{"start":{"line":129,"column":64},"end":{"line":153,"column":1}},"line":129},"9":{"name":"(anonymous_9)","decl":{"start":{"line":131,"column":36},"end":{"line":131,"column":37}},"loc":{"start":{"line":131,"column":63},"end":{"line":152,"column":5}},"line":131}},"branchMap":{"0":{"loc":{"start":{"line":16,"column":16},"end":{"line":16,"column":36}},"type":"binary-expr","locations":[{"start":{"line":16,"column":16},"end":{"line":16,"column":31}},{"start":{"line":16,"column":35},"end":{"line":16,"column":36}}],"line":16},"1":{"loc":{"start":{"line":24,"column":12},"end":{"line":30,"column":13}},"type":"if","locations":[{"start":{"line":24,"column":12},"end":{"line":30,"column":13}},{"start":{},"end":{}}],"line":24},"2":{"loc":{"start":{"line":63,"column":8},"end":{"line":69,"column":9}},"type":"if","locations":[{"start":{"line":63,"column":8},"end":{"line":69,"column":9}},{"start":{},"end":{}}],"line":63},"3":{"loc":{"start":{"line":85,"column":8},"end":{"line":91,"column":9}},"type":"if","locations":[{"start":{"line":85,"column":8},"end":{"line":91,"column":9}},{"start":{},"end":{}}],"line":85},"4":{"loc":{"start":{"line":93,"column":8},"end":{"line":99,"column":9}},"type":"if","locations":[{"start":{"line":93,"column":8},"end":{"line":99,"column":9}},{"start":{},"end":{}}],"line":93},"5":{"loc":{"start":{"line":112,"column":12},"end":{"line":118,"column":13}},"type":"if","locations":[{"start":{"line":112,"column":12},"end":{"line":118,"column":13}},{"start":{},"end":{}}],"line":112},"6":{"loc":{"start":{"line":132,"column":8},"end":{"line":138,"column":9}},"type":"if","locations":[{"start":{"line":132,"column":8},"end":{"line":138,"column":9}},{"start":{},"end":{}}],"line":132},"7":{"loc":{"start":{"line":140,"column":8},"end":{"line":146,"column":9}},"type":"if","locations":[{"start":{"line":140,"column":8},"end":{"line":146,"column":9}},{"start":{},"end":{}}],"line":140}},"s":{"0":1,"1":1,"2":1,"3":1,"4":1,"5":1,"6":1,"7":2,"8":2,"9":2,"10":0,"11":2,"12":2,"13":1,"14":0,"15":0,"16":0,"17":0,"18":0,"19":0,"20":1,"21":0,"22":0,"23":0,"24":0,"25":0,"26":0,"27":0,"28":0,"29":0,"30":0,"31":0,"32":0,"33":0,"34":0,"35":0,"36":0,"37":0,"38":0,"39":0,"40":0,"41":0,"42":1,"43":0,"44":0,"45":0,"46":0,"47":0,"48":0,"49":0,"50":1},"f":{"0":2,"1":2,"2":2,"3":0,"4":0,"5":0,"6":0,"7":0,"8":0,"9":0},"b":{"0":[2,2],"1":[0,2],"2":[0,0],"3":[0,0],"4":[0,0],"5":[0,0],"6":[0,0],"7":[0,0]},"_coverageSchema":"1a1c01bbd47fc00a2c39e90264f33305004495a9","hash":"e9c31d3352c9cbd810e65c4e70beaac737756b19"}
[...]
,"/home/marcelo/Escritorio/workspace-stocker/stockerSinCambios/Backend/GR07-EquipoStocker-BackEnd/routes/upload.js": {"path":"/home/marcelo/Escritorio/workspace-stocker/stockerSinCambios/Backend/GR07-EquipoStocker-BackEnd/routes/upload.js","statementMap":{"0":{"start":{"line":2,"column":14},"end":{"line":2,"column":32}},"1":{"start":{"line":3,"column":19},"end":{"line":3,"column":48}},"2":{"start":{"line":4,"column":10},"end":{"line":4,"column":19}},"3":{"start":{"line":5,"column":14},"end":{"line":5,"column":42}},"4":{"start":{"line":6,"column":15},"end":{"line":6,"column":44}},"5":{"start":{"line":7,"column":14},"end":{"line":7,"column":42}},"6":{"start":{"line":8,"column":16},"end":{"line":8,"column":46}},"7":{"start":{"line":9,"column":23},"end":{"line":9,"column":38}},"8":{"start":{"line":10,"column":11},"end":{"line":10,"column":24}},"9":{"start":{"line":11,"column":13},"end":{"line":11,"column":28}},"10":{"start":{"line":12,"column":10},"end":{"line":12,"column":33}},"11":{"start":{"line":13,"column":22},"end":{"line":13,"column":61}},"12":{"start":{"line":16,"column":0},"end":{"line":16,"column":22}},"13":{"start":{"line":20,"column":0},"end":{"line":72,"column":3}},"14":{"start":{"line":21,"column":15},"end":{"line":21,"column":30}},"15":{"start":{"line":22,"column":13},"end":{"line":22,"column":26}},"16":{"start":{"line":23,"column":23},"end":{"line":23,"column":75}},"17":{"start":{"line":25,"column":4},"end":{"line":31,"column":5}},"18":{"start":{"line":26,"column":8},"end":{"line":30,"column":11}},"19":{"start":{"line":32,"column":4},"end":{"line":39,"column":5}},"20":{"start":{"line":33,"column":8},"end":{"line":38,"column":11}},"21":{"start":{"line":41,"column":17},"end":{"line":41,"column":33}},"22":{"start":{"line":42,"column":26},"end":{"line":42,"column":46}},"23":{"start":{"line":43,"column":27},"end":{"line":43,"column":66}},"24":{"start":{"line":44,"column":29},"end":{"line":44,"column":58}},"25":{"start":{"line":46,"column":4},"end":{"line":52,"column":5}},"26":{"start":{"line":47,"column":8},"end":{"line":51,"column":11}},"27":{"start":{"line":54,"column":26},"end":{"line":54,"column":59}},"28":{"start":{"line":56,"column":17},"end":{"line":56,"column":53}},"29":{"start":{"line":58,"column":4},"end":{"line":71,"column":7}},"30":{"start":{"line":59,"column":8},"end":{"line":64,"column":9}},"31":{"start":{"line":60,"column":12},"end":{"line":63,"column":15}},"32":{"start":{"line":65,"column":8},"end":{"line":65,"column":50}},"33":{"start":{"line":66,"column":8},"end":{"line":70,"column":11}},"34":{"start":{"line":74,"column":21},"end":{"line":79,"column":1}},"35":{"start":{"line":75,"column":4},"end":{"line":78,"column":5}},"36":{"start":{"line":77,"column":8},"end":{"line":77,"column":28}},"37":{"start":{"line":82,"column":0},"end":{"line":141,"column":2}},"38":{"start":{"line":83,"column":20},"end":{"line":83,"column":22}},"39":{"start":{"line":84,"column":4},"end":{"line":140,"column":5}},"40":{"start":{"line":86,"column":28},"end":{"line":86,"column":54}},"41":{"start":{"line":88,"column":12},"end":{"line":90,"column":13}},"42":{"start":{"line":89,"column":16},"end":{"line":89,"column":29}},"43":{"start":{"line":92,"column":12},"end":{"line":92,"column":60}},"44":{"start":{"line":94,"column":12},"end":{"line":94,"column":40}},"45":{"start":{"line":95,"column":12},"end":{"line":95,"column":33}},"46":{"start":{"line":96,"column":12},"end":{"line":96,"column":24}},"47":{"start":{"line":97,"column":12},"end":{"line":97,"column":18}},"48":{"start":{"line":100,"column":29},"end":{"line":100,"column":56}},"49":{"start":{"line":102,"column":12},"end":{"line":104,"column":13}},"50":{"start":{"line":103,"column":16},"end":{"line":103,"column":29}},"51":{"start":{"line":106,"column":12},"end":{"line":106,"column":62}},"52":{"start":{"line":107,"column":12},"end":{"line":107,"column":36}},"53":{"start":{"line":108,"column":12},"end":{"line":108,"column":41}},"54":{"start":{"line":109,"column":12},"end":{"line":109,"column":34}},"55":{"start":{"line":110,"column":12},"end":{"line":110,"column":24}},"56":{"start":{"line":111,"column":12},"end":{"line":111,"column":18}},"57":{"start":{"line":114,"column":28},"end":{"line":114,"column":54}},"58":{"start":{"line":116,"column":12},"end":{"line":118,"column":13}},"59":{"start":{"line":117,"column":16},"end":{"line":117,"column":29}},"60":{"start":{"line":120,"column":12},"end":{"line":120,"column":60}},"61":{"start":{"line":121,"column":12},"end":{"line":121,"column":36}},"62":{"start":{"line":122,"column":12},"end":{"line":122,"column":40}},"63":{"start":{"line":123,"column":12},"end":{"line":123,"column":33}},"64":{"start":{"line":124,"column":12},"end":{"line":124,"column":24}},"65":{"start":{"line":125,"column":12},"end":{"line":125,"column":18}},"66":{"start":{"line":128,"column":30},"end":{"line":128,"column":58}},"67":{"start":{"line":130,"column":12},"end":{"line":132,"column":13}},"68":{"start":{"line":131,"column":16},"end":{"line":131,"column":29}},"69":{"start":{"line":134,"column":12},"end":{"line":134,"column":63}},"70":{"start":{"line":135,"column":12},"end":{"line":135,"column":36}},"71":{"start":{"line":136,"column":12},"end":{"line":136,"column":42}},"72":{"start":{"line":137,"column":12},"end":{"line":137,"column":35}},"73":{"start":{"line":138,"column":12},"end":{"line":138,"column":24}},"74":{"start":{"line":139,"column":12},"end":{"line":139,"column":18}},"75":{"start":{"line":143,"column":0},"end":{"line":156,"column":3}},"76":{"start":{"line":144,"column":17},"end":{"line":144,"column":32}},"77":{"start":{"line":145,"column":17},"end":{"line":145,"column":32}},"78":{"start":{"line":147,"column":20},"end":{"line":147,"column":70}},"79":{"start":{"line":150,"column":4},"end":{"line":155,"column":5}},"80":{"start":{"line":151,"column":8},"end":{"line":151,"column":30}},"81":{"start":{"line":153,"column":24},"end":{"line":153,"column":69}},"82":{"start":{"line":154,"column":8},"end":{"line":154,"column":30}},"83":{"start":{"line":158,"column":0},"end":{"line":158,"column":21}}},"fnMap":{"0":{"name":"(anonymous_0)","decl":{"start":{"line":20,"column":22},"end":{"line":20,"column":23}},"loc":{"start":{"line":20,"column":36},"end":{"line":72,"column":1}},"line":20},"1":{"name":"(anonymous_1)","decl":{"start":{"line":58,"column":18},"end":{"line":58,"column":19}},"loc":{"start":{"line":58,"column":29},"end":{"line":71,"column":5}},"line":58},"2":{"name":"(anonymous_2)","decl":{"start":{"line":74,"column":21},"end":{"line":74,"column":22}},"loc":{"start":{"line":74,"column":31},"end":{"line":79,"column":1}},"line":74},"3":{"name":"(anonymous_3)","decl":{"start":{"line":82,"column":19},"end":{"line":82,"column":20}},"loc":{"start":{"line":82,"column":53},"end":{"line":141,"column":1}},"line":82},"4":{"name":"(anonymous_4)","decl":{"start":{"line":143,"column":24},"end":{"line":143,"column":25}},"loc":{"start":{"line":143,"column":38},"end":{"line":156,"column":1}},"line":143}},"branchMap":{"0":{"loc":{"start":{"line":25,"column":4},"end":{"line":31,"column":5}},"type":"if","locations":[{"start":{"line":25,"column":4},"end":{"line":31,"column":5}},{"start":{},"end":{}}],"line":25},"1":{"loc":{"start":{"line":32,"column":4},"end":{"line":39,"column":5}},"type":"if","locations":[{"start":{"line":32,"column":4},"end":{"line":39,"column":5}},{"start":{},"end":{}}],"line":32},"2":{"loc":{"start":{"line":46,"column":4},"end":{"line":52,"column":5}},"type":"if","locations":[{"start":{"line":46,"column":4},"end":{"line":52,"column":5}},{"start":{},"end":{}}],"line":46},"3":{"loc":{"start":{"line":59,"column":8},"end":{"line":64,"column":9}},"type":"if","locations":[{"start":{"line":59,"column":8},"end":{"line":64,"column":9}},{"start":{},"end":{}}],"line":59},"4":{"loc":{"start":{"line":75,"column":4},"end":{"line":78,"column":5}},"type":"if","locations":[{"start":{"line":75,"column":4},"end":{"line":78,"column":5}},{"start":{},"end":{}}],"line":75},"5":{"loc":{"start":{"line":84,"column":4},"end":{"line":140,"column":5}},"type":"switch","locations":[{"start":{"line":85,"column":8},"end":{"line":97,"column":18}},{"start":{"line":99,"column":8},"end":{"line":111,"column":18}},{"start":{"line":113,"column":8},"end":{"line":125,"column":18}},{"start":{"line":127,"column":8},"end":{"line":139,"column":18}}],"line":84},"6":{"loc":{"start":{"line":88,"column":12},"end":{"line":90,"column":13}},"type":"if","locations":[{"start":{"line":88,"column":12},"end":{"line":90,"column":13}},{"start":{},"end":{}}],"line":88},"7":{"loc":{"start":{"line":102,"column":12},"end":{"line":104,"column":13}},"type":"if","locations":[{"start":{"line":102,"column":12},"end":{"line":104,"column":13}},{"start":{},"end":{}}],"line":102},"8":{"loc":{"start":{"line":116,"column":12},"end":{"line":118,"column":13}},"type":"if","locations":[{"start":{"line":116,"column":12},"end":{"line":118,"column":13}},{"start":{},"end":{}}],"line":116},"9":{"loc":{"start":{"line":130,"column":12},"end":{"line":132,"column":13}},"type":"if","locations":[{"start":{"line":130,"column":12},"end":{"line":132,"column":13}},{"start":{},"end":{}}],"line":130},"10":{"loc":{"start":{"line":150,"column":4},"end":{"line":155,"column":5}},"type":"if","locations":[{"start":{"line":150,"column":4},"end":{"line":155,"column":5}},{"start":{"line":152,"column":11},"end":{"line":155,"column":5}}],"line":150}},"s":{"0":1,"1":1,"2":1,"3":1,"4":1,"5":1,"6":1,"7":1,"8":1,"9":1,"10":1,"11":1,"12":1,"13":1,"14":1,"15":1,"16":1,"17":1,"18":0,"19":1,"20":1,"21":0,"22":0,"23":0,"24":0,"25":0,"26":0,"27":0,"28":0,"29":0,"30":0,"31":0,"32":0,"33":0,"34":1,"35":0,"36":0,"37":1,"38":0,"39":0,"40":0,"41":0,"42":0,"43":0,"44":0,"45":0,"46":0,"47":0,"48":0,"49":0,"50":0,"51":0,"52":0,"53":0,"54":0,"55":0,"56":0,"57":0,"58":0,"59":0,"60":0,"61":0,"62":0,"63":0,"64":0,"65":0,"66":0,"67":0,"68":0,"69":0,"70":0,"71":0,"72":0,"73":0,"74":0,"75":1,"76":1,"77":1,"78":1,"79":1,"80":0,"81":1,"82":1,"83":1},"f":{"0":1,"1":0,"2":0,"3":0,"4":1},"b":{"0":[0,1],"1":[1,0],"2":[0,0],"3":[0,0],"4":[0,0],"5":[0,0,0,0],"6":[0,0],"7":[0,0],"8":[0,0],"9":[0,0],"10":[0,1]},"_coverageSchema":"1a1c01bbd47fc00a2c39e90264f33305004495a9","hash":"125d22328acf86b922f5e4fb8a0811e11ae9de45"}
,"/home/marcelo/Escritorio/workspace-stocker/stockerSinCambios/Backend/GR07-EquipoStocker-BackEnd/routes/usuario.js": {"path":"/home/marcelo/Escritorio/workspace-stocker/stockerSinCambios/Backend/GR07-EquipoStocker-BackEnd/routes/usuario.js","statementMap":{"0":{"start":{"line":2,"column":14},"end":{"line":2,"column":32}},"1":{"start":{"line":3,"column":10},"end":{"line":3,"column":19}},"2":{"start":{"line":6,"column":10},"end":{"line":6,"column":33}},"3":{"start":{"line":9,"column":14},"end":{"line":9,"column":42}},"4":{"start":{"line":12,"column":22},"end":{"line":12,"column":61}},"5":{"start":{"line":15,"column":13},"end":{"line":15,"column":32}},"6":{"start":{"line":18,"column":0},"end":{"line":45,"column":3}},"7":{"start":{"line":20,"column":16},"end":{"line":20,"column":36}},"8":{"start":{"line":22,"column":4},"end":{"line":44,"column":7}},"9":{"start":{"line":29,"column":8},"end":{"line":35,"column":9}},"10":{"start":{"line":30,"column":12},"end":{"line":34,"column":15}},"11":{"start":{"line":37,"column":8},"end":{"line":43,"column":11}},"12":{"start":{"line":38,"column":12},"end":{"line":42,"column":15}},"13":{"start":{"line":47,"column":0},"end":{"line":105,"column":3}},"14":{"start":{"line":50,"column":15},"end":{"line":50,"column":23}},"15":{"start":{"line":51,"column":4},"end":{"line":104,"column":11}},"16":{"start":{"line":54,"column":12},"end":{"line":85,"column":13}},"17":{"start":{"line":56,"column":30},"end":{"line":69,"column":18}},"18":{"start":{"line":71,"column":30},"end":{"line":84,"column":18}},"19":{"start":{"line":88,"column":12},"end":{"line":103,"column":15}},"20":{"start":{"line":90,"column":16},"end":{"line":96,"column":17}},"21":{"start":{"line":91,"column":20},"end":{"line":95,"column":23}},"22":{"start":{"line":98,"column":16},"end":{"line":102,"column":19}},"23":{"start":{"line":108,"column":0},"end":{"line":154,"column":3}},"24":{"start":{"line":109,"column":13},"end":{"line":109,"column":26}},"25":{"start":{"line":110,"column":15},"end":{"line":110,"column":23}},"26":{"start":{"line":112,"column":4},"end":{"line":153,"column":7}},"27":{"start":{"line":113,"column":8},"end":{"line":119,"column":9}},"28":{"start":{"line":114,"column":12},"end":{"line":118,"column":15}},"29":{"start":{"line":120,"column":8},"end":{"line":126,"column":9}},"30":{"start":{"line":121,"column":12},"end":{"line":125,"column":15}},"31":{"start":{"line":127,"column":8},"end":{"line":127,"column":37}},"32":{"start":{"line":128,"column":8},"end":{"line":128,"column":41}},"33":{"start":{"line":129,"column":8},"end":{"line":129,"column":39}},"34":{"start":{"line":130,"column":8},"end":{"line":130,"column":35}},"35":{"start":{"line":131,"column":8},"end":{"line":131,"column":43}},"36":{"start":{"line":132,"column":8},"end":{"line":132,"column":31}},"37":{"start":{"line":133,"column":8},"end":{"line":133,"column":33}},"38":{"start":{"line":134,"column":8},"end":{"line":134,"column":41}},"39":{"start":{"line":135,"column":8},"end":{"line":135,"column":33}},"40":{"start":{"line":136,"column":8},"end":{"line":136,"column":44}},"41":{"start":{"line":137,"column":8},"end":{"line":137,"column":37}},"42":{"start":{"line":139,"column":8},"end":{"line":152,"column":11}},"43":{"start":{"line":140,"column":12},"end":{"line":146,"column":13}},"44":{"start":{"line":141,"column":16},"end":{"line":145,"column":19}},"45":{"start":{"line":147,"column":12},"end":{"line":147,"column":74}},"46":{"start":{"line":148,"column":12},"end":{"line":151,"column":15}},"47":{"start":{"line":157,"column":0},"end":{"line":181,"column":3}},"48":{"start":{"line":158,"column":13},"end":{"line":158,"column":26}},"49":{"start":{"line":159,"column":4},"end":{"line":180,"column":7}},"50":{"start":{"line":160,"column":8},"end":{"line":166,"column":9}},"51":{"start":{"line":161,"column":12},"end":{"line":165,"column":15}},"52":{"start":{"line":168,"column":8},"end":{"line":174,"column":9}},"53":{"start":{"line":169,"column":12},"end":{"line":173,"column":15}},"54":{"start":{"line":176,"column":8},"end":{"line":179,"column":11}},"55":{"start":{"line":184,"column":0},"end":{"line":184,"column":21}}},"fnMap":{"0":{"name":"(anonymous_0)","decl":{"start":{"line":18,"column":13},"end":{"line":18,"column":14}},"loc":{"start":{"line":18,"column":27},"end":{"line":45,"column":1}},"line":18},"1":{"name":"(anonymous_1)","decl":{"start":{"line":28,"column":10},"end":{"line":28,"column":11}},"loc":{"start":{"line":28,"column":29},"end":{"line":44,"column":5}},"line":28},"2":{"name":"(anonymous_2)","decl":{"start":{"line":37,"column":26},"end":{"line":37,"column":27}},"loc":{"start":{"line":37,"column":43},"end":{"line":43,"column":9}},"line":37},"3":{"name":"(anonymous_3)","decl":{"start":{"line":47,"column":14},"end":{"line":47,"column":15}},"loc":{"start":{"line":47,"column":28},"end":{"line":105,"column":1}},"line":47},"4":{"name":"(anonymous_4)","decl":{"start":{"line":52,"column":14},"end":{"line":52,"column":15}},"loc":{"start":{"line":52,"column":33},"end":{"line":104,"column":9}},"line":52},"5":{"name":"(anonymous_5)","decl":{"start":{"line":88,"column":25},"end":{"line":88,"column":26}},"loc":{"start":{"line":88,"column":51},"end":{"line":103,"column":13}},"line":88},"6":{"name":"(anonymous_6)","decl":{"start":{"line":108,"column":47},"end":{"line":108,"column":48}},"loc":{"start":{"line":108,"column":61},"end":{"line":154,"column":1}},"line":108},"7":{"name":"(anonymous_7)","decl":{"start":{"line":112,"column":25},"end":{"line":112,"column":26}},"loc":{"start":{"line":112,"column":43},"end":{"line":153,"column":5}},"line":112},"8":{"name":"(anonymous_8)","decl":{"start":{"line":139,"column":21},"end":{"line":139,"column":22}},"loc":{"start":{"line":139,"column":47},"end":{"line":152,"column":9}},"line":139},"9":{"name":"(anonymous_9)","decl":{"start":{"line":157,"column":50},"end":{"line":157,"column":51}},"loc":{"start":{"line":157,"column":64},"end":{"line":181,"column":1}},"line":157},"10":{"name":"(anonymous_10)","decl":{"start":{"line":159,"column":34},"end":{"line":159,"column":35}},"loc":{"start":{"line":159,"column":59},"end":{"line":180,"column":5}},"line":159}},"branchMap":{"0":{"loc":{"start":{"line":20,"column":16},"end":{"line":20,"column":36}},"type":"binary-expr","locations":[{"start":{"line":20,"column":16},"end":{"line":20,"column":31}},{"start":{"line":20,"column":35},"end":{"line":20,"column":36}}],"line":20},"1":{"loc":{"start":{"line":29,"column":8},"end":{"line":35,"column":9}},"type":"if","locations":[{"start":{"line":29,"column":8},"end":{"line":35,"column":9}},{"start":{},"end":{}}],"line":29},"2":{"loc":{"start":{"line":54,"column":12},"end":{"line":85,"column":13}},"type":"if","locations":[{"start":{"line":54,"column":12},"end":{"line":85,"column":13}},{"start":{"line":70,"column":19},"end":{"line":85,"column":13}}],"line":54},"3":{"loc":{"start":{"line":90,"column":16},"end":{"line":96,"column":17}},"type":"if","locations":[{"start":{"line":90,"column":16},"end":{"line":96,"column":17}},{"start":{},"end":{}}],"line":90},"4":{"loc":{"start":{"line":113,"column":8},"end":{"line":119,"column":9}},"type":"if","locations":[{"start":{"line":113,"column":8},"end":{"line":119,"column":9}},{"start":{},"end":{}}],"line":113},"5":{"loc":{"start":{"line":120,"column":8},"end":{"line":126,"column":9}},"type":"if","locations":[{"start":{"line":120,"column":8},"end":{"line":126,"column":9}},{"start":{},"end":{}}],"line":120},"6":{"loc":{"start":{"line":140,"column":12},"end":{"line":146,"column":13}},"type":"if","locations":[{"start":{"line":140,"column":12},"end":{"line":146,"column":13}},{"start":{},"end":{}}],"line":140},"7":{"loc":{"start":{"line":160,"column":8},"end":{"line":166,"column":9}},"type":"if","locations":[{"start":{"line":160,"column":8},"end":{"line":166,"column":9}},{"start":{},"end":{}}],"line":160},"8":{"loc":{"start":{"line":168,"column":8},"end":{"line":174,"column":9}},"type":"if","locations":[{"start":{"line":168,"column":8},"end":{"line":174,"column":9}},{"start":{},"end":{}}],"line":168}},"s":{"0":1,"1":1,"2":1,"3":1,"4":1,"5":1,"6":1,"7":1,"8":1,"9":1,"10":0,"11":1,"12":1,"13":1,"14":1,"15":1,"16":1,"17":0,"18":1,"19":1,"20":1,"21":1,"22":0,"23":1,"24":0,"25":0,"26":0,"27":0,"28":0,"29":0,"30":0,"31":0,"32":0,"33":0,"34":0,"35":0,"36":0,"37":0,"38":0,"39":0,"40":0,"41":0,"42":0,"43":0,"44":0,"45":0,"46":0,"47":1,"48":0,"49":0,"50":0,"51":0,"52":0,"53":0,"54":0,"55":1},"f":{"0":1,"1":1,"2":1,"3":1,"4":1,"5":1,"6":0,"7":0,"8":0,"9":0,"10":0},"b":{"0":[1,1],"1":[0,1],"2":[0,1],"3":[1,0],"4":[0,0],"5":[0,0],"6":[0,0],"7":[0,0],"8":[0,0]},"_coverageSchema":"1a1c01bbd47fc00a2c39e90264f33305004495a9","hash":"95404386c087fd65916b2a953343dfb16efb7981"}
}
