TN:
SF:app.js
FN:22,(anonymous_0)
FN:39,(anonymous_1)
FN:57,(anonymous_2)
FNF:3
FNH:3
FNDA:28,(anonymous_0)
FNDA:1,(anonymous_1)
FNDA:1,(anonymous_2)
DA:2,1
DA:3,1
DA:4,1
DA:7,1
DA:8,1
DA:9,1
DA:10,1
DA:11,1
DA:12,1
DA:13,1
DA:14,1
DA:15,1
DA:16,1
DA:19,1
DA:22,1
DA:23,28
DA:24,28
DA:28,28
DA:29,28
DA:30,28
DA:34,1
DA:35,1
DA:39,1
DA:40,1
DA:41,1
DA:45,1
DA:46,1
DA:47,1
DA:48,1
DA:49,1
DA:50,1
DA:51,1
DA:52,1
DA:53,1
DA:57,1
DA:58,1
DA:64,1
LF:37
LH:37
BRDA:40,0,0,0
BRDA:40,0,1,1
BRF:2
BRH:1
end_of_record
TN:
SF:config/config.js
FNF:0
FNH:0
DA:1,1
LF:1
LH:1
BRF:0
BRH:0
end_of_record
TN:
SF:middlewares/autenticacion.js
FN:8,(anonymous_0)
FN:10,(anonymous_1)
FNF:2
FNH:2
FNDA:14,(anonymous_0)
FNDA:14,(anonymous_1)
DA:1,1
DA:2,1
DA:8,1
DA:9,14
DA:10,14
DA:11,14
DA:12,14
DA:18,0
DA:19,0
LF:9
LH:7
BRDA:11,0,0,14
BRDA:11,0,1,0
BRF:2
BRH:1
end_of_record
TN:
SF:models/cliente.js
FNF:0
FNH:0
DA:2,1
DA:3,1
DA:6,1
DA:8,1
DA:15,1
DA:45,1
DA:48,1
LF:7
LH:7
BRF:0
BRH:0
end_of_record
TN:
SF:models/pedido.js
FNF:0
FNH:0
DA:1,1
DA:2,1
DA:4,1
DA:6,1
DA:11,1
DA:38,1
DA:39,1
LF:7
LH:7
BRF:0
BRH:0
end_of_record
TN:
SF:models/producto.js
FNF:0
FNH:0
DA:2,1
DA:3,1
DA:6,1
DA:8,1
DA:14,1
DA:40,1
DA:43,1
LF:7
LH:7
BRF:0
BRH:0
end_of_record
TN:
SF:models/proveedor.js
FNF:0
FNH:0
DA:2,1
DA:3,1
DA:6,1
DA:8,1
DA:14,1
DA:35,1
DA:38,1
LF:7
LH:7
BRF:0
BRH:0
end_of_record
TN:
SF:models/usuario.js
FNF:0
FNH:0
DA:2,1
DA:3,1
DA:6,1
DA:8,1
DA:15,1
DA:47,1
DA:50,1
LF:7
LH:7
BRF:0
BRH:0
end_of_record
TN:
SF:routes/busqueda.js
FN:12,(anonymous_0)
FN:43,(anonymous_1)
FN:52,(anonymous_2)
FN:65,(anonymous_3)
FN:78,buscarUsuarios
FN:79,(anonymous_5)
FN:82,(anonymous_6)
FN:92,buscarProductos
FN:93,(anonymous_8)
FN:96,(anonymous_9)
FN:106,buscarProveedor
FN:107,(anonymous_11)
FN:112,(anonymous_12)
FN:122,buscarCliente
FN:123,(anonymous_14)
FN:128,(anonymous_15)
FN:138,buscarPedido
FN:139,(anonymous_17)
FN:145,(anonymous_18)
FNF:19
FNH:19
FNDA:1,(anonymous_0)
FNDA:1,(anonymous_1)
FNDA:1,(anonymous_2)
FNDA:1,(anonymous_3)
FNDA:2,buscarUsuarios
FNDA:2,(anonymous_5)
FNDA:2,(anonymous_6)
FNDA:1,buscarProductos
FNDA:1,(anonymous_8)
FNDA:1,(anonymous_9)
FNDA:1,buscarProveedor
FNDA:1,(anonymous_11)
FNDA:1,(anonymous_12)
FNDA:1,buscarCliente
FNDA:1,(anonymous_14)
FNDA:1,(anonymous_15)
FNDA:1,buscarPedido
FNDA:1,(anonymous_17)
FNDA:1,(anonymous_18)
DA:2,1
DA:3,1
DA:4,1
DA:5,1
DA:6,1
DA:7,1
DA:8,1
DA:12,1
DA:13,1
DA:14,1
DA:15,1
DA:19,1
DA:21,1
DA:22,1
DA:24,0
DA:25,0
DA:27,0
DA:28,0
DA:30,0
DA:31,0
DA:33,0
DA:34,0
DA:37,0
DA:43,1
DA:44,1
DA:52,1
DA:53,1
DA:54,1
DA:59,1
DA:66,1
DA:79,2
DA:80,2
DA:83,2
DA:84,0
DA:86,2
DA:93,1
DA:94,1
DA:97,1
DA:98,0
DA:100,1
DA:107,1
DA:108,1
DA:113,1
DA:114,0
DA:116,1
DA:123,1
DA:124,1
DA:129,1
DA:130,0
DA:132,1
DA:139,1
DA:140,1
DA:146,1
DA:147,0
DA:149,1
DA:155,1
LF:56
LH:42
BRDA:19,0,0,1
BRDA:19,0,1,0
BRDA:19,0,2,0
BRDA:19,0,3,0
BRDA:19,0,4,0
BRDA:19,0,5,0
BRDA:83,1,0,0
BRDA:83,1,1,2
BRDA:97,2,0,0
BRDA:97,2,1,1
BRDA:113,3,0,0
BRDA:113,3,1,1
BRDA:129,4,0,0
BRDA:129,4,1,1
BRDA:146,5,0,0
BRDA:146,5,1,1
BRF:16
BRH:6
end_of_record
TN:
SF:routes/cliente.js
FN:15,(anonymous_0)
FN:24,(anonymous_1)
FN:33,(anonymous_2)
FN:45,(anonymous_3)
FN:65,(anonymous_4)
FN:85,(anonymous_5)
FN:89,(anonymous_6)
FN:116,(anonymous_7)
FN:135,(anonymous_8)
FN:137,(anonymous_9)
FNF:10
FNH:5
FNDA:2,(anonymous_0)
FNDA:2,(anonymous_1)
FNDA:2,(anonymous_2)
FNDA:2,(anonymous_3)
FNDA:2,(anonymous_4)
FNDA:0,(anonymous_5)
FNDA:0,(anonymous_6)
FNDA:0,(anonymous_7)
FNDA:0,(anonymous_8)
FNDA:0,(anonymous_9)
DA:2,1
DA:3,1
DA:6,1
DA:9,1
DA:12,1
DA:15,1
DA:17,2
DA:19,2
DA:25,2
DA:26,0
DA:33,2
DA:34,2
DA:45,1
DA:49,2
DA:51,2
DA:65,2
DA:67,2
DA:68,2
DA:75,0
DA:85,1
DA:86,0
DA:87,0
DA:89,0
DA:90,0
DA:91,0
DA:98,0
DA:99,0
DA:106,0
DA:107,0
DA:108,0
DA:109,0
DA:110,0
DA:111,0
DA:112,0
DA:113,0
DA:114,0
DA:116,0
DA:117,0
DA:118,0
DA:124,0
DA:126,0
DA:135,1
DA:136,0
DA:137,0
DA:138,0
DA:139,0
DA:146,0
DA:147,0
DA:154,0
DA:162,1
LF:50
LH:20
BRDA:17,0,0,2
BRDA:17,0,1,2
BRDA:25,1,0,0
BRDA:25,1,1,2
BRDA:67,2,0,2
BRDA:67,2,1,0
BRDA:90,3,0,0
BRDA:90,3,1,0
BRDA:98,4,0,0
BRDA:98,4,1,0
BRDA:117,5,0,0
BRDA:117,5,1,0
BRDA:138,6,0,0
BRDA:138,6,1,0
BRDA:146,7,0,0
BRDA:146,7,1,0
BRF:16
BRH:4
end_of_record
TN:
SF:routes/imagenes.js
FN:9,(anonymous_0)
FNF:1
FNH:0
FNDA:0,(anonymous_0)
DA:2,1
DA:3,1
DA:4,1
DA:5,1
DA:9,1
DA:10,0
DA:11,0
DA:13,0
DA:15,0
DA:16,0
DA:18,0
DA:19,0
DA:23,1
LF:13
LH:6
BRDA:15,0,0,0
BRDA:15,0,1,0
BRF:2
BRH:0
end_of_record
TN:
SF:routes/login.js
FN:13,(anonymous_0)
FN:16,(anonymous_1)
FNF:2
FNH:2
FNDA:1,(anonymous_0)
FNDA:1,(anonymous_1)
DA:2,1
DA:3,1
DA:5,1
DA:7,1
DA:8,1
DA:10,1
DA:13,1
DA:14,1
DA:16,1
DA:17,1
DA:18,0
DA:24,1
DA:25,0
DA:32,1
DA:33,1
DA:39,0
DA:40,0
DA:46,0
DA:47,0
DA:49,0
DA:58,1
LF:21
LH:14
BRDA:17,0,0,0
BRDA:17,0,1,1
BRDA:24,1,0,0
BRDA:24,1,1,1
BRDA:32,2,0,1
BRDA:32,2,1,0
BRDA:39,3,0,0
BRDA:39,3,1,0
BRF:8
BRH:3
end_of_record
TN:
SF:routes/pedido.js
FN:10,(anonymous_0)
FN:20,(anonymous_1)
FN:28,(anonymous_2)
FN:40,(anonymous_3)
FN:47,(anonymous_4)
FN:70,(anonymous_5)
FN:82,(anonymous_6)
FN:106,(anonymous_7)
FN:110,(anonymous_8)
FN:158,(anonymous_9)
FN:174,(anonymous_10)
FN:178,(anonymous_11)
FN:198,(anonymous_12)
FN:214,(anonymous_13)
FN:231,(anonymous_14)
FN:282,(anonymous_15)
FN:337,(anonymous_16)
FN:356,(anonymous_17)
FN:359,(anonymous_18)
FN:374,(anonymous_19)
FN:394,(anonymous_20)
FNF:21
FNH:0
FNDA:0,(anonymous_0)
FNDA:0,(anonymous_1)
FNDA:0,(anonymous_2)
FNDA:0,(anonymous_3)
FNDA:0,(anonymous_4)
FNDA:0,(anonymous_5)
FNDA:0,(anonymous_6)
FNDA:0,(anonymous_7)
FNDA:0,(anonymous_8)
FNDA:0,(anonymous_9)
FNDA:0,(anonymous_10)
FNDA:0,(anonymous_11)
FNDA:0,(anonymous_12)
FNDA:0,(anonymous_13)
FNDA:0,(anonymous_14)
FNDA:0,(anonymous_15)
FNDA:0,(anonymous_16)
FNDA:0,(anonymous_17)
FNDA:0,(anonymous_18)
FNDA:0,(anonymous_19)
FNDA:0,(anonymous_20)
DA:1,1
DA:2,1
DA:3,1
DA:4,1
DA:5,1
DA:6,1
DA:7,1
DA:8,1
DA:10,1
DA:11,0
DA:12,0
DA:14,0
DA:21,0
DA:22,0
DA:28,0
DA:29,0
DA:40,1
DA:41,0
DA:42,0
DA:43,0
DA:44,0
DA:45,0
DA:46,0
DA:47,0
DA:48,0
DA:49,0
DA:55,0
DA:56,0
DA:62,0
DA:70,1
DA:71,0
DA:72,0
DA:73,0
DA:74,0
DA:75,0
DA:76,0
DA:78,0
DA:83,0
DA:84,0
DA:90,0
DA:91,0
DA:92,0
DA:93,0
DA:96,0
DA:106,1
DA:107,0
DA:108,0
DA:110,0
DA:111,0
DA:112,0
DA:118,0
DA:119,0
DA:126,0
DA:127,0
DA:134,0
DA:135,0
DA:137,0
DA:147,0
DA:148,0
DA:149,0
DA:151,0
DA:158,0
DA:159,0
DA:160,0
DA:166,0
DA:174,1
DA:175,0
DA:176,0
DA:177,0
DA:178,0
DA:179,0
DA:180,0
DA:186,0
DA:187,0
DA:193,0
DA:194,0
DA:195,0
DA:198,0
DA:199,0
DA:206,0
DA:207,0
DA:214,0
DA:215,0
DA:216,0
DA:222,0
DA:223,0
DA:229,0
DA:231,0
DA:232,0
DA:233,0
DA:239,0
DA:240,0
DA:247,0
DA:248,0
DA:249,0
DA:250,0
DA:251,0
DA:253,0
DA:254,0
DA:255,0
DA:256,0
DA:257,0
DA:259,0
DA:260,0
DA:261,0
DA:262,0
DA:263,0
DA:265,0
DA:272,0
DA:273,0
DA:274,0
DA:275,0
DA:276,0
DA:277,0
DA:278,0
DA:282,0
DA:283,0
DA:284,0
DA:290,0
DA:297,0
DA:298,0
DA:299,0
DA:300,0
DA:301,0
DA:302,0
DA:303,0
DA:304,0
DA:305,0
DA:307,0
DA:308,0
DA:309,0
DA:310,0
DA:311,0
DA:313,0
DA:320,0
DA:327,0
DA:328,0
DA:329,0
DA:330,0
DA:331,0
DA:332,0
DA:333,0
DA:337,0
DA:338,0
DA:339,0
DA:345,0
DA:356,1
DA:357,0
DA:359,0
DA:360,0
DA:361,0
DA:367,0
DA:368,0
DA:374,0
DA:375,0
DA:376,0
DA:382,0
DA:383,0
DA:389,0
DA:390,0
DA:394,0
DA:395,0
DA:396,0
DA:402,0
DA:403,0
DA:409,0
DA:416,1
LF:167
LH:15
BRDA:11,0,0,0
BRDA:11,0,1,0
BRDA:21,1,0,0
BRDA:21,1,1,0
BRDA:41,2,0,0
BRDA:41,2,1,0
BRDA:48,3,0,0
BRDA:48,3,1,0
BRDA:55,4,0,0
BRDA:55,4,1,0
BRDA:71,5,0,0
BRDA:71,5,1,0
BRDA:83,6,0,0
BRDA:83,6,1,0
BRDA:91,7,0,0
BRDA:91,7,1,0
BRDA:111,8,0,0
BRDA:111,8,1,0
BRDA:118,9,0,0
BRDA:118,9,1,0
BRDA:126,10,0,0
BRDA:126,10,1,0
BRDA:147,11,0,0
BRDA:147,11,1,0
BRDA:159,12,0,0
BRDA:159,12,1,0
BRDA:179,13,0,0
BRDA:179,13,1,0
BRDA:186,14,0,0
BRDA:186,14,1,0
BRDA:193,15,0,0
BRDA:193,15,1,0
BRDA:193,16,0,0
BRDA:193,16,1,0
BRDA:206,17,0,0
BRDA:206,17,1,0
BRDA:215,18,0,0
BRDA:215,18,1,0
BRDA:222,19,0,0
BRDA:222,19,1,0
BRDA:229,20,0,0
BRDA:229,20,1,0
BRDA:232,21,0,0
BRDA:232,21,1,0
BRDA:239,22,0,0
BRDA:239,22,1,0
BRDA:247,23,0,0
BRDA:247,23,1,0
BRDA:247,24,0,0
BRDA:247,24,1,0
BRDA:247,24,2,0
BRDA:253,25,0,0
BRDA:253,25,1,0
BRDA:253,26,0,0
BRDA:253,26,1,0
BRDA:253,26,2,0
BRDA:259,27,0,0
BRDA:259,27,1,0
BRDA:259,28,0,0
BRDA:259,28,1,0
BRDA:259,28,2,0
BRDA:261,29,0,0
BRDA:261,29,1,0
BRDA:283,30,0,0
BRDA:283,30,1,0
BRDA:297,31,0,0
BRDA:297,31,1,0
BRDA:297,32,0,0
BRDA:297,32,1,0
BRDA:297,32,2,0
BRDA:298,33,0,0
BRDA:298,33,1,0
BRDA:302,34,0,0
BRDA:302,34,1,0
BRDA:302,35,0,0
BRDA:302,35,1,0
BRDA:302,35,2,0
BRDA:307,36,0,0
BRDA:307,36,1,0
BRDA:307,37,0,0
BRDA:307,37,1,0
BRDA:307,37,2,0
BRDA:309,38,0,0
BRDA:309,38,1,0
BRDA:338,39,0,0
BRDA:338,39,1,0
BRDA:360,40,0,0
BRDA:360,40,1,0
BRDA:367,41,0,0
BRDA:367,41,1,0
BRDA:375,42,0,0
BRDA:375,42,1,0
BRDA:382,43,0,0
BRDA:382,43,1,0
BRDA:395,44,0,0
BRDA:395,44,1,0
BRDA:402,45,0,0
BRDA:402,45,1,0
BRF:98
BRH:0
end_of_record
TN:
SF:routes/producto.js
FN:8,(anonymous_0)
FN:17,(anonymous_1)
FN:25,(anonymous_2)
FN:37,(anonymous_3)
FN:47,(anonymous_4)
FN:55,(anonymous_5)
FN:68,(anonymous_6)
FN:81,(anonymous_7)
FN:98,(anonymous_8)
FN:101,(anonymous_9)
FN:126,(anonymous_10)
FN:143,(anonymous_11)
FN:145,(anonymous_12)
FNF:13
FNH:3
FNDA:1,(anonymous_0)
FNDA:1,(anonymous_1)
FNDA:1,(anonymous_2)
FNDA:0,(anonymous_3)
FNDA:0,(anonymous_4)
FNDA:0,(anonymous_5)
FNDA:0,(anonymous_6)
FNDA:0,(anonymous_7)
FNDA:0,(anonymous_8)
FNDA:0,(anonymous_9)
FNDA:0,(anonymous_10)
FNDA:0,(anonymous_11)
FNDA:0,(anonymous_12)
DA:2,1
DA:3,1
DA:4,1
DA:5,1
DA:8,1
DA:9,1
DA:10,1
DA:12,1
DA:18,1
DA:19,0
DA:25,1
DA:26,1
DA:37,1
DA:38,0
DA:39,0
DA:40,0
DA:42,0
DA:48,0
DA:49,0
DA:55,0
DA:56,0
DA:68,1
DA:69,0
DA:71,0
DA:81,0
DA:82,0
DA:83,0
DA:89,0
DA:98,1
DA:99,0
DA:100,0
DA:101,0
DA:102,0
DA:103,0
DA:109,0
DA:110,0
DA:116,0
DA:117,0
DA:118,0
DA:119,0
DA:120,0
DA:121,0
DA:122,0
DA:126,0
DA:127,0
DA:128,0
DA:134,0
DA:143,1
DA:144,0
DA:145,0
DA:146,0
DA:147,0
DA:154,0
DA:155,0
DA:162,0
DA:169,1
LF:56
LH:16
BRDA:9,0,0,1
BRDA:9,0,1,1
BRDA:18,1,0,0
BRDA:18,1,1,1
BRDA:38,2,0,0
BRDA:38,2,1,0
BRDA:48,3,0,0
BRDA:48,3,1,0
BRDA:82,4,0,0
BRDA:82,4,1,0
BRDA:102,5,0,0
BRDA:102,5,1,0
BRDA:109,6,0,0
BRDA:109,6,1,0
BRDA:127,7,0,0
BRDA:127,7,1,0
BRDA:146,8,0,0
BRDA:146,8,1,0
BRDA:154,9,0,0
BRDA:154,9,1,0
BRF:20
BRH:3
end_of_record
TN:
SF:routes/proveedor.js
FN:14,(anonymous_0)
FN:23,(anonymous_1)
FN:32,(anonymous_2)
FN:43,(anonymous_3)
FN:61,(anonymous_4)
FN:80,(anonymous_5)
FN:84,(anonymous_6)
FN:111,(anonymous_7)
FN:129,(anonymous_8)
FN:131,(anonymous_9)
FNF:10
FNH:3
FNDA:2,(anonymous_0)
FNDA:2,(anonymous_1)
FNDA:2,(anonymous_2)
FNDA:0,(anonymous_3)
FNDA:0,(anonymous_4)
FNDA:0,(anonymous_5)
FNDA:0,(anonymous_6)
FNDA:0,(anonymous_7)
FNDA:0,(anonymous_8)
FNDA:0,(anonymous_9)
DA:2,1
DA:3,1
DA:5,1
DA:7,1
DA:9,1
DA:11,1
DA:14,1
DA:16,2
DA:18,2
DA:24,2
DA:25,0
DA:32,2
DA:33,2
DA:43,1
DA:46,0
DA:47,0
DA:61,0
DA:63,0
DA:64,0
DA:71,0
DA:80,1
DA:81,0
DA:82,0
DA:84,0
DA:85,0
DA:86,0
DA:93,0
DA:94,0
DA:101,0
DA:102,0
DA:103,0
DA:104,0
DA:105,0
DA:106,0
DA:107,0
DA:108,0
DA:109,0
DA:111,0
DA:112,0
DA:113,0
DA:119,0
DA:120,0
DA:129,1
DA:130,0
DA:131,0
DA:132,0
DA:133,0
DA:140,0
DA:141,0
DA:148,0
DA:155,1
LF:51
LH:16
BRDA:16,0,0,2
BRDA:16,0,1,2
BRDA:24,1,0,0
BRDA:24,1,1,2
BRDA:63,2,0,0
BRDA:63,2,1,0
BRDA:85,3,0,0
BRDA:85,3,1,0
BRDA:93,4,0,0
BRDA:93,4,1,0
BRDA:112,5,0,0
BRDA:112,5,1,0
BRDA:132,6,0,0
BRDA:132,6,1,0
BRDA:140,7,0,0
BRDA:140,7,1,0
BRF:16
BRH:3
end_of_record
TN:
SF:routes/sendEmail.js
FN:5,(anonymous_0)
FN:21,(anonymous_1)
FNF:2
FNH:0
FNDA:0,(anonymous_0)
FNDA:0,(anonymous_1)
DA:1,1
DA:2,1
DA:3,1
DA:5,1
DA:6,0
DA:15,0
DA:21,0
DA:22,0
DA:23,0
DA:25,0
DA:26,0
DA:32,1
LF:12
LH:5
BRDA:22,0,0,0
BRDA:22,0,1,0
BRF:2
BRH:0
end_of_record
TN:
SF:routes/upload.js
FN:20,(anonymous_0)
FN:58,(anonymous_1)
FN:74,(anonymous_2)
FN:82,(anonymous_3)
FN:143,(anonymous_4)
FNF:5
FNH:2
FNDA:1,(anonymous_0)
FNDA:0,(anonymous_1)
FNDA:0,(anonymous_2)
FNDA:0,(anonymous_3)
FNDA:1,(anonymous_4)
DA:2,1
DA:3,1
DA:4,1
DA:5,1
DA:6,1
DA:7,1
DA:8,1
DA:9,1
DA:10,1
DA:11,1
DA:12,1
DA:13,1
DA:16,1
DA:20,1
DA:21,1
DA:22,1
DA:23,1
DA:25,1
DA:26,0
DA:32,1
DA:33,1
DA:41,0
DA:42,0
DA:43,0
DA:44,0
DA:46,0
DA:47,0
DA:54,0
DA:56,0
DA:58,0
DA:59,0
DA:60,0
DA:65,0
DA:66,0
DA:74,1
DA:75,0
DA:77,0
DA:82,1
DA:83,0
DA:84,0
DA:86,0
DA:88,0
DA:89,0
DA:92,0
DA:94,0
DA:95,0
DA:96,0
DA:97,0
DA:100,0
DA:102,0
DA:103,0
DA:106,0
DA:107,0
DA:108,0
DA:109,0
DA:110,0
DA:111,0
DA:114,0
DA:116,0
DA:117,0
DA:120,0
DA:121,0
DA:122,0
DA:123,0
DA:124,0
DA:125,0
DA:128,0
DA:130,0
DA:131,0
DA:134,0
DA:135,0
DA:136,0
DA:137,0
DA:138,0
DA:139,0
DA:143,1
DA:144,1
DA:145,1
DA:147,1
DA:150,1
DA:151,0
DA:153,1
DA:154,1
DA:158,1
LF:84
LH:30
BRDA:25,0,0,0
BRDA:25,0,1,1
BRDA:32,1,0,1
BRDA:32,1,1,0
BRDA:46,2,0,0
BRDA:46,2,1,0
BRDA:59,3,0,0
BRDA:59,3,1,0
BRDA:75,4,0,0
BRDA:75,4,1,0
BRDA:84,5,0,0
BRDA:84,5,1,0
BRDA:84,5,2,0
BRDA:84,5,3,0
BRDA:88,6,0,0
BRDA:88,6,1,0
BRDA:102,7,0,0
BRDA:102,7,1,0
BRDA:116,8,0,0
BRDA:116,8,1,0
BRDA:130,9,0,0
BRDA:130,9,1,0
BRDA:150,10,0,0
BRDA:150,10,1,1
BRF:24
BRH:3
end_of_record
TN:
SF:routes/usuario.js
FN:18,(anonymous_0)
FN:28,(anonymous_1)
FN:37,(anonymous_2)
FN:47,(anonymous_3)
FN:52,(anonymous_4)
FN:88,(anonymous_5)
FN:108,(anonymous_6)
FN:112,(anonymous_7)
FN:139,(anonymous_8)
FN:157,(anonymous_9)
FN:159,(anonymous_10)
FNF:11
FNH:6
FNDA:1,(anonymous_0)
FNDA:1,(anonymous_1)
FNDA:1,(anonymous_2)
FNDA:1,(anonymous_3)
FNDA:1,(anonymous_4)
FNDA:1,(anonymous_5)
FNDA:0,(anonymous_6)
FNDA:0,(anonymous_7)
FNDA:0,(anonymous_8)
FNDA:0,(anonymous_9)
FNDA:0,(anonymous_10)
DA:2,1
DA:3,1
DA:6,1
DA:9,1
DA:12,1
DA:15,1
DA:18,1
DA:20,1
DA:22,1
DA:29,1
DA:30,0
DA:37,1
DA:38,1
DA:47,1
DA:50,1
DA:51,1
DA:54,1
DA:56,0
DA:71,1
DA:88,1
DA:90,1
DA:91,1
DA:98,0
DA:108,1
DA:109,0
DA:110,0
DA:112,0
DA:113,0
DA:114,0
DA:120,0
DA:121,0
DA:127,0
DA:128,0
DA:129,0
DA:130,0
DA:131,0
DA:132,0
DA:133,0
DA:134,0
DA:135,0
DA:136,0
DA:137,0
DA:139,0
DA:140,0
DA:141,0
DA:147,0
DA:148,0
DA:157,1
DA:158,0
DA:159,0
DA:160,0
DA:161,0
DA:168,0
DA:169,0
DA:176,0
DA:184,1
LF:56
LH:23
BRDA:20,0,0,1
BRDA:20,0,1,1
BRDA:29,1,0,0
BRDA:29,1,1,1
BRDA:54,2,0,0
BRDA:54,2,1,1
BRDA:90,3,0,1
BRDA:90,3,1,0
BRDA:113,4,0,0
BRDA:113,4,1,0
BRDA:120,5,0,0
BRDA:120,5,1,0
BRDA:140,6,0,0
BRDA:140,6,1,0
BRDA:160,7,0,0
BRDA:160,7,1,0
BRDA:168,8,0,0
BRDA:168,8,1,0
BRF:18
BRH:5
end_of_record
